[2015.06.29-16.48.48:032][  0]Log file open, 06/30/15 01:48:48
[2015.06.29-16.48.48:032][  0]LogInit:Display: Running engine for game: SamuraiGame
[2015.06.29-16.48.48:032][  0]LogInit:Display: RandInit(642772001) SRandInit(642772002).
[2015.06.29-16.48.48:032][  0]LogTaskGraph: Started task graph with 4 named threads and 7 total threads.
[2015.06.29-16.48.48:032][  0]LogStats: Stats thread started
[2015.06.29-16.48.48:032][  0]LogInit: Version: 4.8.1-2591939+++depot+UE4-Releases+4.8
[2015.06.29-16.48.48:032][  0]LogInit: API Version: 2579680
[2015.06.29-16.48.48:032][  0]LogInit: Compiled (64-bit): Jun 18 2015 11:02:04
[2015.06.29-16.48.48:032][  0]LogInit: Compiled with Visual C++: 18.00.21005.01
[2015.06.29-16.48.48:032][  0]LogInit: Build Configuration: Development
[2015.06.29-16.48.48:032][  0]LogInit: Branch Name: ++depot+UE4-Releases+4.8
[2015.06.29-16.48.48:032][  0]LogInit: Command line: 
[2015.06.29-16.48.48:032][  0]LogInit: Base directory: C:/Program Files/Epic Games/4.8/Engine/Binaries/Win64/
[2015.06.29-16.48.48:032][  0]LogInit: Rocket: 1
[2015.06.29-16.48.48:055][  0]LogInit: Using libcurl 7.41.0
[2015.06.29-16.48.48:055][  0]LogInit:  - built for x86_64-pc-win32
[2015.06.29-16.48.48:055][  0]LogInit:  - supports SSL with WinSSL
[2015.06.29-16.48.48:055][  0]LogInit:  - other features:
[2015.06.29-16.48.48:055][  0]LogInit:      CURL_VERSION_SSL
[2015.06.29-16.48.48:055][  0]LogInit:      CURL_VERSION_IPV6
[2015.06.29-16.48.48:055][  0]LogInit:      CURL_VERSION_ASYNCHDNS
[2015.06.29-16.48.48:055][  0]LogInit:      CURL_VERSION_LARGEFILE
[2015.06.29-16.48.48:055][  0]LogInit:      CURL_VERSION_IDN
[2015.06.29-16.48.48:056][  0]LogInit:  CurlRequestOptions (configurable via config and command line):
[2015.06.29-16.48.48:056][  0]LogInit:  - bVerifyPeer = true  - Libcurl will verify peer certificate
[2015.06.29-16.48.48:056][  0]LogInit:  - bUseHttpProxy = false  - Libcurl will NOT use HTTP proxy
[2015.06.29-16.48.48:056][  0]LogInit:  - bDontReuseConnections = false  - Libcurl will reuse connections
[2015.06.29-16.48.48:056][  0]LogInit:  - CertBundlePath = nullptr  - Libcurl will use whatever was configured at build time.
[2015.06.29-16.48.48:075][  0]LogOnline:Warning: No default platform service specified for OnlineSubsystem
[2015.06.29-16.48.48:098][  0]LogInit: Presizing for 0 objects not considered by GC, pre-allocating 0 bytes.
[2015.06.29-16.48.48:110][  0]LogInit: Object subsystem initialized
[2015.06.29-16.48.48:112][  0]LogConsoleResponse:Warning: Skipping Unknown console variable: 'TranslucentSortAxis = (X=0.000000,Y=-1.000000,Z=0.000000)'
[2015.06.29-16.48.48:112][  0]LogConsoleResponse:Warning:   Found in ini file 'C:/Users/kuou/Documents/Unreal Projects/SamuraiGame 4.8/Saved/Config/Windows/Engine.ini', in section '[/Script/Engine.RendererSettings]'
[2015.06.29-16.48.48:112][  0]LogConsoleResponse:Warning: Skipping Unknown console variable: 'UIScaleRule = ShortestSide'
[2015.06.29-16.48.48:112][  0]LogConsoleResponse:Warning:   Found in ini file 'C:/Users/kuou/Documents/Unreal Projects/SamuraiGame 4.8/Saved/Config/Windows/Engine.ini', in section '[/Script/Engine.RendererSettings]'
[2015.06.29-16.48.48:112][  0]LogConsoleResponse:Warning: Skipping Unknown console variable: 'UIScaleCurve = (EditorCurveData=(Keys=),ExternalCurve=None)'
[2015.06.29-16.48.48:112][  0]LogConsoleResponse:Warning:   Found in ini file 'C:/Users/kuou/Documents/Unreal Projects/SamuraiGame 4.8/Saved/Config/Windows/Engine.ini', in section '[/Script/Engine.RendererSettings]'
[2015.06.29-16.48.48:113][  0]LogInit: Selected Device Profile: [Windows]
[2015.06.29-16.48.48:113][  0]LogInit: Applying CVar settings loaded from the selected device profile: [Windows]
[2015.06.29-16.48.48:133][  0]LogInit: Computer: KUOU-DESKTOPPC
[2015.06.29-16.48.48:133][  0]LogInit: User: kuou
[2015.06.29-16.48.48:133][  0]LogInit: CPU Page size=4096, Cores=4
[2015.06.29-16.48.48:133][  0]LogInit: High frequency timer resolution =3.312841 MHz
[2015.06.29-16.48.48:133][  0]LogMemory: Memory total: Physical=15.9GB (16GB approx)
[2015.06.29-16.48.48:133][  0]LogMemory: Platform Memory Stats for Windows
[2015.06.29-16.48.48:133][  0]LogMemory: Process Physical Memory: 49.91 MB used, 49.91 MB peak
[2015.06.29-16.48.48:133][  0]LogMemory: Process Virtual Memory: 26.29 MB used, 26.29 MB peak
[2015.06.29-16.48.48:133][  0]LogMemory: Physical Memory: 3601.80 MB used, 16332.02 MB total
[2015.06.29-16.48.48:133][  0]LogMemory: Virtual Memory: 281.75 MB used, 8388608.00 MB total
[2015.06.29-16.48.48:203][  0]LogTextLocalizationManager: The requested culture ('ja_JP') has no localization data; parent culture's ('ja') localization data will be used.
[2015.06.29-16.48.48:408][  0]LogTextLocalizationManager:Warning: Loaded localization resources contain conflicting entries for (Namespace:ContentBrowser, Key:ImportAssetToolTip):
Localization Resource: (C:/Program Files/Epic Games/4.8/Engine/Content/Localization/Editor/ja/Editor.locres) Source String Hash: (-630476809) Localized String: ({0} にインポート...)
Localization Resource: (C:/Program Files/Epic Games/4.8/Engine/Content/Localization/Editor/ja/Editor.locres) Source String Hash: (1271782899) Localized String: (このフォルダへファイルからアセットをインポート)
[2015.06.29-16.48.49:010][  0]LogD3D11RHI: Found D3D11 adapter 0: NVIDIA GeForce GTX 660 Ti (Feature Level 11_0)
[2015.06.29-16.48.49:010][  0]LogD3D11RHI: Adapter has 1989MB of dedicated video memory, 0MB of dedicated system memory, and 2048MB of shared system memory, 1 output[s]
[2015.06.29-16.48.49:010][  0]LogD3D11RHI: Chosen D3D11 Adapter Id = 0
[2015.06.29-16.48.49:018][  0]LogRHI: Texture pool is 1361 MB (70% of 1945 MB)
[2015.06.29-16.48.49:033][  0]LogD3D11RHI: Async texture creation enabled
[2015.06.29-16.48.49:052][  0]LogShaderCompilers:Display: Using Local Shader Compiler.
[2015.06.29-16.48.50:658][  0]LogTemp:Display: Loaded TP DesktopTargetPlatform
[2015.06.29-16.48.50:684][  0]LogTemp:Display: Loaded TP WindowsClientTargetPlatform
[2015.06.29-16.48.50:710][  0]LogTemp:Display: Loaded TP WindowsNoEditorTargetPlatform
[2015.06.29-16.48.50:737][  0]LogTemp:Display: Loaded TP WindowsServerTargetPlatform
[2015.06.29-16.48.50:767][  0]LogTemp:Display: Loaded TP WindowsTargetPlatform
[2015.06.29-16.48.50:793][  0]LogTemp:Display: Loaded TP AndroidTargetPlatform
[2015.06.29-16.48.50:816][  0]LogTemp:Display: Loaded TP Android_ASTCTargetPlatform
[2015.06.29-16.48.50:840][  0]LogTemp:Display: Loaded TP Android_ATCTargetPlatform
[2015.06.29-16.48.50:863][  0]LogTemp:Display: Loaded TP Android_DXTTargetPlatform
[2015.06.29-16.48.50:887][  0]LogTemp:Display: Loaded TP Android_ETC1TargetPlatform
[2015.06.29-16.48.50:911][  0]LogTemp:Display: Loaded TP Android_ETC2TargetPlatform
[2015.06.29-16.48.50:935][  0]LogTemp:Display: Loaded TP Android_PVRTCTargetPlatform
[2015.06.29-16.48.51:014][  0]LogTemp:Display: Loaded TP IOSTargetPlatform
[2015.06.29-16.48.51:037][  0]LogTemp:Display: Loaded TP LinuxNoEditorTargetPlatform
[2015.06.29-16.48.51:060][  0]LogTemp:Display: Loaded TP LinuxServerTargetPlatform
[2015.06.29-16.48.51:088][  0]LogTemp:Display: Loaded TP LinuxTargetPlatform
[2015.06.29-16.48.51:088][  0]LogTargetPlatformManager:Display: Building Assets For Windows
[2015.06.29-16.48.51:436][  0]LogDerivedDataCache:Display: Max Cache Size: 512 MB
[2015.06.29-16.48.51:501][  0]LogDerivedDataCache: Loaded boot cache 0.06s 53MB C:/Users/kuou/AppData/Local/UnrealEngine/4.8/DerivedDataCache/Boot.ddc.
[2015.06.29-16.48.51:501][  0]LogDerivedDataCache:Display: Loaded Boot cache: C:/Users/kuou/AppData/Local/UnrealEngine/4.8/DerivedDataCache/Boot.ddc
[2015.06.29-16.48.51:501][  0]LogDerivedDataCache: FDerivedDataBackendGraph:  Pak pak cache file ../../../../../../Users/kuou/Documents/Unreal Projects/SamuraiGame 4.8/DerivedDataCache/DDC.ddp not found, will not use a pak cache.
[2015.06.29-16.48.51:501][  0]LogDerivedDataCache: Unable to find inner node Pak for hierarchical cache Hierarchy.
[2015.06.29-16.48.51:501][  0]LogDerivedDataCache: FDerivedDataBackendGraph:  CompressedPak pak cache file ../../../../../../Users/kuou/Documents/Unreal Projects/SamuraiGame 4.8/DerivedDataCache/Compressed.ddp not found, will not use a pak cache.
[2015.06.29-16.48.51:501][  0]LogDerivedDataCache: Unable to find inner node CompressedPak for hierarchical cache Hierarchy.
[2015.06.29-16.48.51:769][  0]LogDerivedDataCache:Display: Pak cache opened for reading ../../../Engine/DerivedDataCache/Compressed.ddp.
[2015.06.29-16.48.51:783][  0]LogDerivedDataCache: Using Local data cache path C:/Users/kuou/AppData/Local/UnrealEngine/Common/DerivedDataCache: Writable
[2015.06.29-16.48.52:171][  0]LogInit: Selected Device Profile: [Windows]
[2015.06.29-16.48.52:186][  0]ImportText (ComponentSweepMultiTests): Missing closing parenthesis: (RootShapeAsset="/Engine/BasicShapes/Cube.Cube",ShapeType="TriggerCapsule",HitResult=(Time=0.50,Location=(X=-100.000015,Y=0.0,Z=100.000015),ImpactPoint=(X=-50.0,Y=0.0,Z=50.0),Normal=(X=-1.0,Y=-0.0,Z=0.0),ImpactNormal=(X=0.0,Y=0.0,Z=1.0),TraceStart=(X=-200.0,Y=0.0,Z=200.0),TraceEnd=(X=0.0,Y=0.0,Z=0.0))
[2015.06.29-16.48.52:187][  0]ImportText (LineTraceSingleByChannelTests): Missing closing parenthesis: (RootShapeAsset="/Engine/BasicShapes/Cube.Cube",HitResult=(Time=0.50,Location=(X=-100.000015,Y=0.0,Z=100.000015),ImpactPoint=(X=-50.0,Y=0.0,Z=50.0),Normal=(X=-1.0,Y=-0.0,Z=0.0),ImpactNormal=(X=0.0,Y=0.0,Z=1.0),TraceStart=(X=-200.0,Y=0.0,Z=200.0),TraceEnd=(X=0.0,Y=0.0,Z=0.0))
[2015.06.29-16.48.52:241][  0]LogMeshUtilities: No automatic mesh reduction module available
[2015.06.29-16.48.52:241][  0]LogMeshUtilities: No automatic mesh merging module available
[2015.06.29-16.48.53:010][  0]LogInit: WinSock: version 1.1 (2.2), MaxSocks=32767, MaxUdp=65467
[2015.06.29-16.48.54:786][  0]UdpMessaging: Initializing bridge on interface 0.0.0.0:0 to multicast group 230.0.0.1:6666.
[2015.06.29-16.48.55:405][  0]SourceControl: 情報 ソースコントロールは無効です
[2015.06.29-16.48.55:417][  0]SourceControl: 情報 ソースコントロールは無効です
[2015.06.29-16.48.55:433][  0]SourceControl: 情報 ソースコントロールは無効です
[2015.06.29-16.48.55:453][  0]SourceControl: 情報 ソースコントロールは無効です
[2015.06.29-16.48.55:918][  0]LogObj: 26273 objects as part of root set at end of initial load.
[2015.06.29-16.48.55:918][  0]LogUObjectAllocator: 5409248 out of 0 bytes used by permanent object pool.
[2015.06.29-16.48.56:050][  0]LogEngine: Initializing Engine...
[2015.06.29-16.48.56:060][  0]LogHMD: Can't find Oculus library dev build: is proper Runtime installed? Version: 0.6.0.0
[2015.06.29-16.48.56:062][  0]LogHMD:Warning: SteamVR failed to initialize.  Error: 110
[2015.06.29-16.48.56:374][  0]LogAIModule: Creating AISystem for world NewWorld
[2015.06.29-16.48.56:381][  0]LogInit: XAudio2 using 'Realtek Digital Output (Realtek High Definition Audio)' : 2 channels at 48 kHz using 16 bits per sample (channel mask 0x3)
[2015.06.29-16.48.56:396][  0]LogInit: FAudioDevice initialized.
[2015.06.29-16.48.56:439][  0]LogDerivedDataCache: Saved boot cache 0.04s 53MB C:/Users/kuou/AppData/Local/UnrealEngine/4.8/DerivedDataCache/Boot.ddc.
[2015.06.29-16.48.56:447][  0]LogInit: Texture streaming: Disabled
[2015.06.29-16.48.56:495][  0]LogAnalytics: Creating configured Analytics provider AnalyticsET
[2015.06.29-16.48.56:495][  0]LogAnalytics: [UEEditor.Rocket.Release] APIServer = http://et2.epicgames.com/ET2/. AppVersion = 4.8.1-2591939+++depot+UE4-Releases+4.8
[2015.06.29-16.48.56:495][  0]LogAnalytics: [UEEditor.Rocket.Release] SetUserId 555eefa54cafb92ea7291c8c22567294|cda878fe2a114b8b8a2f532f4c48c5b9|82d31a09-2228-4ce9-9396-5d238f23a2b0
[2015.06.29-16.48.56:495][  0]LogAnalytics: [UEEditor.Rocket.Release] AnalyticsET::StartSession
[2015.06.29-16.48.56:544][  0]LogInit: Transaction tracking system initialized
[2015.06.29-16.48.56:790][  0]BlueprintLog: New page: エディタの読み込み
[2015.06.29-16.48.56:848][  0]LogAssetRegistry: FAssetRegistry took 0.0100 seconds to start up
[2015.06.29-16.48.56:848][  0]LogDirectoryWatcher:Warning: Failed to begin reading directory changes for ../../../Engine/Plugins/Experimental/CharacterAI/Content/. Error: 0
[2015.06.29-16.48.58:025][  0]LogConsoleManager:Warning: Console variable 'r.VSync' wasn't set ('GameSetting' has a lower priority than 'SystemSettingsIni')
[2015.06.29-16.48.58:025][  0]LogConsoleResponse:Display: 
[2015.06.29-16.48.58:178][  0]LogCook:Display: Done creating registry. It took  0.00s.
[2015.06.29-16.48.58:470][  0]SourceControl: 情報 ソースコントロールは無効です
[2015.06.29-16.48.58:471][  0]Cmd: MAP LOAD FILE="../../../../../../Users/kuou/Documents/Unreal Projects/SamuraiGame 4.8/Content/Maps/Title.umap" TEMPLATE=0 SHOWPROGRESS=1 FEATURELEVEL=3
[2015.06.29-16.48.58:471][  0]LightingResults: New page: ライティングのビルド
[2015.06.29-16.48.58:494][  0]MapCheck: New page: マップをチェック
[2015.06.29-16.48.58:494][  0]LightingResults: New page: <何も選択されていません>
[2015.06.29-16.48.58:509][  0]LogParticles: Destroying 0 GPU particle simulations for FXSystem 0x0000000019EC8F40
[2015.06.29-16.48.59:684][  0]LogAIModule: Creating AISystem for world Title
[2015.06.29-16.48.59:690][  0]LogEditorServer: Finished looking for orphan Actors (0.000 secs)
[2015.06.29-16.48.59:696][  0]Cmd: MAP CHECKDEP NOCLEARLOG
[2015.06.29-16.48.59:745][  0]MapCheck: 情報 マップチェックが完了: 0 エラー、 0 警告、完了に 48.414ミリ秒かかりました。
[2015.06.29-16.48.59:745][  0]LogFileHelpers: Loading map 'Title' took 1.275
[2015.06.29-16.48.59:890][  0]LogCollectionManager: Loaded 0 collections in 0.002390 seconds
[2015.06.29-16.48.59:899][  0]LogContentBrowser: Native class hierarchy populated in 0.0088 seconds. Added 1792 classes and 301 folders.
[2015.06.29-16.48.59:960][  0]LogContentBrowser: Native class hierarchy updated for 'WidgetCarousel' in 0.0004 seconds. Added 0 classes and 0 folders.
[2015.06.29-16.48.59:996][  0]LogContentBrowser: Native class hierarchy updated for 'AddContentDialog' in 0.0004 seconds. Added 0 classes and 0 folders.
[2015.06.29-16.49.00:016][  0]LogContentBrowser: Native class hierarchy updated for 'SceneOutliner' in 0.0004 seconds. Added 1 classes and 2 folders.
[2015.06.29-16.49.00:060][  0]LogCrashTracker: Crashtracker disabled due to settings.
[2015.06.29-16.49.00:067][  0]LogUObjectGlobals:Warning: オブジェクト 'Class なし.' が見つかりませんでした
[2015.06.29-16.49.00:088][  0]LogLoad: Full Startup: 15.19 seconds (BP compile: 0.33 seconds)
[2015.06.29-16.49.00:152][  0]LogContentStreaming: Texture pool size is 0.000000MB
[2015.06.29-16.49.00:180][  0]LogContentStreaming: Texture pool size now 1000 MB
[2015.06.29-16.49.00:323][  0]LogRenderer: Reallocating scene render targets to support 1208x576 (Frame:2).
[2015.06.29-16.49.01:032][  8]LogAssetRegistry: Asset discovery search completed in 4.1943 seconds
[2015.06.29-16.49.10:720][695]LogLinker:Warning: Asset '../../../Engine/Content/ArtTools/RenderToTexture/Macros/RenderToTextureMacros.uasset' has been saved with empty engine version. The asset will be loaded but may be incompatible.
[2015.06.29-16.49.10:834][695]LogLinker:Warning: Asset '../../../Engine/Content/ArtTools/RenderToTexture/Enums/RenderToTexture_Enum.uasset' has been saved with empty engine version. The asset will be loaded but may be incompatible.
[2015.06.29-16.49.12:496][695]LogLinker:Warning: アセット名を解決できません
[2015.06.29-16.59.00:980][169]LogActorComponent: UnregisterComponent: (/Engine/Transient.CharMoveComp) Not registered. Aborting.
[2015.06.29-16.59.01:197][169]LogFileHelpers: Editor autosave (incl. sublevels) for '/Game/Maps/Title' took 0.217
[2015.06.29-16.59.01:206][169]OBJ SavePackage: Generating thumbnails for [1] asset(s) in package [/Game/Maps/MyChara] ([1] browsable assets)...
[2015.06.29-16.59.01:255][169]OBJ SavePackage:     Rendered thumbnail for [Blueprint /Game/Maps/MyChara.MyChara]
[2015.06.29-16.59.01:255][169]OBJ SavePackage: Finished generating thumbnails for package [/Game/Maps/MyChara]
[2015.06.29-16.59.01:255][169]Cmd: OBJ SAVEPACKAGE PACKAGE="/Game/Maps/MyChara" FILE="../../../../../../Users/kuou/Documents/Unreal Projects/SamuraiGame 4.8/Saved/Autosaves/Game/Maps/MyChara_Auto1.uasset" SILENT=false AUTOSAVING=true
[2015.06.29-16.59.02:137][169]LogSavePackage: Save=871.515442ms
[2015.06.29-16.59.02:137][169]LogSavePackage: Moving '../../../../../../Users/kuou/Documents/Unreal Projects/SamuraiGame 4.8/Saved/MyChara_Auto1E70227ED43AAAEDABDEDCB91A57BDB4B.tmp' to '../../../../../../Users/kuou/Documents/Unreal Projects/SamuraiGame 4.8/Saved/Autosaves/Game/Maps/MyChara_Auto1.uasset'
[2015.06.29-16.59.02:150][169]LogFileHelpers: Auto-saving content packages took 0.952
[2015.06.29-17.03.11:198][645]LogProperty:Warning: ObjectProperty /Script/Engine.EdGraphPin:LinkedTo.LinkedTo: unresolved reference to 'EdGraphPin'K2Node_IfThenElse_805.EdGraphPin_60360''
[2015.06.29-17.03.11:198][645]LogProperty:Warning: ObjectProperty /Script/Engine.EdGraphPin:LinkedTo.LinkedTo: unresolved reference to 'EdGraphPin'K2Node_VariableSet_1714.EdGraphPin_51845''
[2015.06.29-17.03.11:199][645]LogLinker:Warning: ファイル '/Game/myChara' が見つかりません
[2015.06.29-17.03.11:199][645]LogLinker: ファイル '/Game/myChara' が見つかりません
[2015.06.29-17.03.11:200][645]LogLinker:Warning: ファイル '/Game/myChara' が見つかりません
[2015.06.29-17.03.11:200][645]LogProperty:Warning: WeakObjectProperty /Script/Engine.EdGraphPinType:PinSubCategoryObject: unresolved reference to 'BlueprintGeneratedClass'/Game/myChara.myChara_C')'
[2015.06.29-17.03.11:201][645]LogProperty:Warning: ObjectProperty /Script/Engine.EdGraphPin:LinkedTo.LinkedTo: unresolved reference to 'EdGraphPin'K2Node_IfThenElse_805.EdGraphPin_60357''
[2015.06.29-17.03.11:201][645]LogProperty:Warning: ObjectProperty /Script/Engine.EdGraphPin:LinkedTo.LinkedTo: unresolved reference to 'EdGraphPin'K2Node_VariableGet_2574.EdGraphPin_49028''
[2015.06.29-17.03.11:201][645]LogProperty:Warning: ObjectProperty /Script/Engine.EdGraphPin:LinkedTo.LinkedTo: unresolved reference to 'EdGraphPin'K2Node_Event_770.EdGraphPin_57544''
[2015.06.29-17.03.11:202][645]LogLinker:Warning: ファイル '/Game/myChara' が見つかりません
[2015.06.29-17.03.11:202][645]LogLinker: ファイル '/Game/myChara' が見つかりません
[2015.06.29-17.03.11:202][645]LogLinker:Warning: ファイル '/Game/myChara' が見つかりません
[2015.06.29-17.03.11:202][645]LogProperty:Warning: WeakObjectProperty /Script/Engine.EdGraphPinType:PinSubCategoryObject: unresolved reference to 'BlueprintGeneratedClass'/Game/myChara.myChara_C')'
[2015.06.29-17.03.11:203][645]LogLinker:Warning: ファイル '/Game/myChara' が見つかりません
[2015.06.29-17.03.11:203][645]LogLinker: ファイル '/Game/myChara' が見つかりません
[2015.06.29-17.03.11:204][645]LogLinker:Warning: ファイル '/Game/myChara' が見つかりません
[2015.06.29-17.03.11:204][645]LogProperty:Warning: WeakObjectProperty /Script/Engine.EdGraphPinType:PinSubCategoryObject: unresolved reference to 'BlueprintGeneratedClass'/Game/myChara.myChara_C')'
[2015.06.29-17.03.11:204][645]LogProperty:Warning: ObjectProperty /Script/Engine.EdGraphPin:LinkedTo.LinkedTo: unresolved reference to 'EdGraphPin'K2Node_CallFunction_6272.EdGraphPin_51842''
[2015.06.29-17.03.11:205][645]LogProperty:Warning: ObjectProperty /Script/Engine.EdGraphPin:LinkedTo.LinkedTo: unresolved reference to 'EdGraphPin'K2Node_IfThenElse_805.EdGraphPin_60358''
[2015.06.29-17.03.11:206][645]LogLinker:Warning: ファイル '/Game/myChara' が見つかりません
[2015.06.29-17.03.11:206][645]LogLinker: ファイル '/Game/myChara' が見つかりません
[2015.06.29-17.03.11:207][645]LogLinker:Warning: ファイル '/Game/myChara' が見つかりません
[2015.06.29-17.03.11:207][645]LogProperty:Warning: WeakObjectProperty /Script/Engine.EdGraphPinType:PinSubCategoryObject: unresolved reference to 'BlueprintGeneratedClass'/Game/myChara.myChara_C')'
[2015.06.29-17.03.11:208][645]LogLinker:Warning: ファイル '/Game/myChara' が見つかりません
[2015.06.29-17.03.11:208][645]LogLinker: ファイル '/Game/myChara' が見つかりません
[2015.06.29-17.03.11:209][645]LogLinker:Warning: ファイル '/Game/myChara' が見つかりません
[2015.06.29-17.03.11:209][645]LogProperty:Warning: WeakObjectProperty /Script/Engine.EdGraphPinType:PinSubCategoryObject: unresolved reference to 'BlueprintGeneratedClass'/Game/myChara.myChara_C')'
[2015.06.29-17.03.11:209][645]LogProperty:Warning: ObjectProperty /Script/Engine.EdGraphPin:LinkedTo.LinkedTo: unresolved reference to 'EdGraphPin'K2Node_CommutativeAssociativeBinaryOperator_726.EdGraphPin_51864''
[2015.06.29-17.03.11:209][645]LogProperty:Warning: ObjectProperty /Script/Engine.EdGraphPin:LinkedTo.LinkedTo: unresolved reference to 'EdGraphPin'K2Node_IfThenElse_805.EdGraphPin_60359''
[2015.06.29-17.03.11:210][645]LogLinker:Warning: ファイル '/Game/myChara' が見つかりません
[2015.06.29-17.03.11:210][645]LogLinker: ファイル '/Game/myChara' が見つかりません
[2015.06.29-17.03.11:211][645]LogLinker:Warning: ファイル '/Game/myChara' が見つかりません
[2015.06.29-17.03.11:211][645]LogProperty:Warning: WeakObjectProperty /Script/Engine.EdGraphPinType:PinSubCategoryObject: unresolved reference to 'BlueprintGeneratedClass'/Game/myChara.myChara_C')'
[2015.06.29-17.03.11:211][645]LogProperty:Warning: ObjectProperty /Script/Engine.EdGraphPin:LinkedTo.LinkedTo: unresolved reference to 'EdGraphPin'K2Node_CommutativeAssociativeBinaryOperator_726.EdGraphPin_51862''
[2015.06.29-17.03.11:253][645]LogBlueprint:Warning: [MyChara] CreatePinForVariable: 'count' variable not found. Base class was probably changed.
[2015.06.29-17.03.11:254][645]LogBlueprint:Warning: [MyChara] CreatePinForVariable: 'count' variable not found. Base class was probably changed.
[2015.06.29-17.03.11:254][645]LogBlueprint:Warning: [MyChara] CreatePinForVariable: 'count' variable not found. Base class was probably changed.
[2015.06.29-17.03.11:254][645]LogBlueprint:Warning: [MyChara] CreatePinForVariable: 'count' variable not found. Base class was probably changed.
[2015.06.29-17.03.11:254][645]LogBlueprint:Warning: [MyChara] CreatePinForVariable: 'count' variable not found. Base class was probably changed.
[2015.06.29-17.03.11:254][645]LogBlueprint:Warning: [MyChara] CreatePinForVariable: 'count' variable not found. Base class was probably changed.
[2015.06.29-17.03.11:330][645]LogActorComponent: UnregisterComponent: (/Engine/Transient.CharMoveComp) Not registered. Aborting.
[2015.06.29-17.03.19:551][ 29]LogActorComponent: UnregisterComponent: (/Engine/Transient.CharacterMovementComponent_0) Not registered. Aborting.
[2015.06.29-17.03.56:635][769]BlueprintLog: New page: MyChara をコンパイル
[2015.06.29-17.03.56:910][769]LogBlueprint:Warning: [compiler MyChara] 警告 'count' に "MyChara_C" という名前の変数はありません。
 'MyChara_C' が  count を取得  用にコンパイルされていることを確認してください。
[2015.06.29-17.03.56:910][769]LogBlueprint:Warning: [compiler MyChara] 警告 'count' に "MyChara_C" という名前の変数はありません。
 'MyChara_C' が  count を設定  用にコンパイルされていることを確認してください。
[2015.06.29-17.03.56:910][769]LogBlueprint:Warning: [compiler MyChara] 警告 'count' に "MyChara_C" という名前の変数はありません。
 'MyChara_C' が  count を設定  用にコンパイルされていることを確認してください。
[2015.06.29-17.03.56:910][769]LogBlueprint:Warning: [compiler MyChara] 警告 'count' に "MyChara_C" という名前の変数はありません。
 'MyChara_C' が  count を取得  用にコンパイルされていることを確認してください。
[2015.06.29-17.03.56:937][769]LogBlueprint:Error: [compiler MyChara] エラー  Count  に関連付けられたプロパティが見つかりませんでした
[2015.06.29-17.03.56:937][769]LogBlueprint:Error: [compiler MyChara] エラー  Count  に関連付けられたプロパティが見つかりませんでした
[2015.06.29-17.03.56:937][769]LogBlueprint:Error: [compiler MyChara] エラー  Count  に関連付けられたプロパティが見つかりませんでした
[2015.06.29-17.03.56:938][769]LogBlueprint:Error: [compiler MyChara] エラー  Count  に関連付けられたプロパティが見つかりませんでした
[2015.06.29-17.03.57:127][769]LogActorComponent: UnregisterComponent: (/Engine/Transient.CharacterMovementComponent_1) Not registered. Aborting.
[2015.06.29-17.03.57:218][769]LogBlueprint:Warning: [compiler MyChara] 警告 [0912.30] MyChara のコンパイルに失敗しました。 4 致命的な問題 4 警告 [ 582 ミリ秒]
[2015.06.29-17.03.57:218][769]BlueprintEditorCompileResults:Warning: 警告 'count' に "MyChara_C" という名前の変数はありません。
 'MyChara_C' が  count を取得  用にコンパイルされていることを確認してください。
[2015.06.29-17.03.57:218][769]BlueprintEditorCompileResults:Warning: 警告 'count' に "MyChara_C" という名前の変数はありません。
 'MyChara_C' が  count を設定  用にコンパイルされていることを確認してください。
[2015.06.29-17.03.57:218][769]BlueprintEditorCompileResults:Warning: 警告 'count' に "MyChara_C" という名前の変数はありません。
 'MyChara_C' が  count を設定  用にコンパイルされていることを確認してください。
[2015.06.29-17.03.57:218][769]BlueprintEditorCompileResults:Warning: 警告 'count' に "MyChara_C" という名前の変数はありません。
 'MyChara_C' が  count を取得  用にコンパイルされていることを確認してください。
[2015.06.29-17.03.57:218][769]BlueprintEditorCompileResults:Error: エラー  Count  に関連付けられたプロパティが見つかりませんでした
[2015.06.29-17.03.57:218][769]BlueprintEditorCompileResults:Error: エラー  Count  に関連付けられたプロパティが見つかりませんでした
[2015.06.29-17.03.57:218][769]BlueprintEditorCompileResults:Error: エラー  Count  に関連付けられたプロパティが見つかりませんでした
[2015.06.29-17.03.57:218][769]BlueprintEditorCompileResults:Error: エラー  Count  に関連付けられたプロパティが見つかりませんでした
[2015.06.29-17.03.57:218][769]BlueprintEditorCompileResults:Warning: 警告 [0912.30] MyChara のコンパイルに失敗しました。 4 致命的な問題 4 警告 [ 582 ミリ秒]
[2015.06.29-17.04.06:136][188]LogActorComponent: UnregisterComponent: (/Engine/Transient.CharMoveComp) Not registered. Aborting.
[2015.06.29-17.04.11:408][405]LogActorComponent: UnregisterComponent: (/Engine/Transient.CharacterMovementComponent_2) Not registered. Aborting.
[2015.06.29-17.04.16:855][538]LogActorComponent: UnregisterComponent: (/Engine/Transient.CharacterMovementComponent_3) Not registered. Aborting.
[2015.06.29-17.04.57:158][464]LogActorComponent: UnregisterComponent: (/Engine/Transient.CharacterMovementComponent_4) Not registered. Aborting.
[2015.06.29-17.05.47:619][917]BlueprintLog: New page: MyChara をコンパイル
[2015.06.29-17.05.47:991][917]LogActorComponent: UnregisterComponent: (/Engine/Transient.CharacterMovementComponent_5) Not registered. Aborting.
[2015.06.29-17.05.48:083][917]BlueprintEditorCompileResults: 情報 [1023.16] MyChara のコンパイルに成功しました！  [ 463 ミリ秒]
[2015.06.29-17.06.01:326][552]BlueprintLog: New page: PIE以前の自動再コンパイル
[2015.06.29-17.06.01:343][552]LogPlayLevel: [PIE] Compiling Title before PIE...
[2015.06.29-17.06.01:478][552]LogActorComponent: UnregisterComponent: (/Engine/Transient.CharMoveComp) Not registered. Aborting.
[2015.06.29-17.06.01:532][552]LogPlayLevel: PIE:  Blueprint regeneration took 206 ms (1 blueprints)
[2015.06.29-17.06.01:537][552]PIE: New page: PIEセッション: Title (2015/06/30 11:06:01)
[2015.06.29-17.06.01:538][552]LogPlayLevel: Creating play world package: /Game/Maps/UEDPIE_0_Title
[2015.06.29-17.06.01:549][552]LogPlayLevel: PIE: StaticDuplicateObject took: (0.010606s)
[2015.06.29-17.06.01:550][552]LogAIModule: Creating AISystem for world Title
[2015.06.29-17.06.01:551][552]LogPlayLevel: PIE: World Init took: (0.001902s)
[2015.06.29-17.06.01:551][552]LogPlayLevel: PIE: Created PIE world by copying editor world from /Game/Maps/Title.Title to /Game/Maps/UEDPIE_0_Title.Title (0.012885s)
[2015.06.29-17.06.01:596][552]LogInit: XAudio2 using 'Realtek Digital Output (Realtek High Definition Audio)' : 2 channels at 48 kHz using 16 bits per sample (channel mask 0x3)
[2015.06.29-17.06.01:608][552]LogInit: FAudioDevice initialized.
[2015.06.29-17.06.01:807][552]LogWorld: Game class is 'MyGame_C'
[2015.06.29-17.06.01:814][552]LogWorld: Bringing World /Game/Maps/UEDPIE_0_Title.Title up for play (max tick rate 0) at 2015.06.30-02.06.01
[2015.06.29-17.06.01:814][552]LogActor:Warning: GameSession /Game/Maps/UEDPIE_0_Title.Title:PersistentLevel.GameSession_0 has natively added scene component(s), but none of them were set as the actor's RootComponent - picking one arbitrarily
[2015.06.29-17.06.01:815][552]LogActor:Warning: GameNetworkManager /Game/Maps/UEDPIE_0_Title.Title:PersistentLevel.GameNetworkManager_0 has natively added scene component(s), but none of them were set as the actor's RootComponent - picking one arbitrarily
[2015.06.29-17.06.01:815][552]LogWorld: Bringing up level for play took: 0.004319
[2015.06.29-17.06.01:871][552]PIE: 情報 /Game/Maps/UEDPIE_0_Title -0.109のプレイ イン エディタの開始時間
[2015.06.29-17.06.09:417][ 49]LogParticles: Destroying 0 GPU particle simulations for FXSystem 0x000000002FE62F20
[2015.06.29-17.09.10:920][726]LogFileHelpers: Editor autosave (incl. sublevels) for '/Game/Maps/Title' took 0.052
[2015.06.29-17.09.10:929][726]OBJ SavePackage: Generating thumbnails for [1] asset(s) in package [/Game/Maps/MyChara] ([1] browsable assets)...
[2015.06.29-17.09.10:980][726]OBJ SavePackage:     Rendered thumbnail for [Blueprint /Game/Maps/MyChara.MyChara]
[2015.06.29-17.09.10:980][726]OBJ SavePackage: Finished generating thumbnails for package [/Game/Maps/MyChara]
[2015.06.29-17.09.10:980][726]Cmd: OBJ SAVEPACKAGE PACKAGE="/Game/Maps/MyChara" FILE="../../../../../../Users/kuou/Documents/Unreal Projects/SamuraiGame 4.8/Saved/Autosaves/Game/Maps/MyChara_Auto2.uasset" SILENT=false AUTOSAVING=true
[2015.06.29-17.09.12:062][726]LogSavePackage: Save=1072.092163ms
[2015.06.29-17.09.12:062][726]LogSavePackage: Moving '../../../../../../Users/kuou/Documents/Unreal Projects/SamuraiGame 4.8/Saved/MyChara_Auto2743CD20E493FFD099B3B0DA7498FB304.tmp' to '../../../../../../Users/kuou/Documents/Unreal Projects/SamuraiGame 4.8/Saved/Autosaves/Game/Maps/MyChara_Auto2.uasset'
[2015.06.29-17.09.12:067][726]LogFileHelpers: Auto-saving content packages took 1.146
[2015.06.29-17.24.27:691][648]BlueprintLog: New page: PIE以前の自動再コンパイル
[2015.06.29-17.24.27:709][648]LogPlayLevel: [PIE] Compiling Title before PIE...
[2015.06.29-17.24.27:848][648]LogActorComponent: UnregisterComponent: (/Engine/Transient.CharMoveComp) Not registered. Aborting.
[2015.06.29-17.24.27:907][648]LogPlayLevel: PIE:  Blueprint regeneration took 216 ms (1 blueprints)
[2015.06.29-17.24.27:908][648]PIE: New page: PIEセッション: Title (2015/06/30 11:24:27)
[2015.06.29-17.24.27:908][648]LogPlayLevel: Creating play world package: /Game/Maps/UEDPIE_0_Title
[2015.06.29-17.24.27:920][648]LogPlayLevel: PIE: StaticDuplicateObject took: (0.011870s)
[2015.06.29-17.24.27:922][648]LogAIModule: Creating AISystem for world Title
[2015.06.29-17.24.27:923][648]LogPlayLevel: PIE: World Init took: (0.002448s)
[2015.06.29-17.24.27:923][648]LogPlayLevel: PIE: Created PIE world by copying editor world from /Game/Maps/Title.Title to /Game/Maps/UEDPIE_0_Title.Title (0.014658s)
[2015.06.29-17.24.27:970][648]LogInit: XAudio2 using 'Realtek Digital Output (Realtek High Definition Audio)' : 2 channels at 48 kHz using 16 bits per sample (channel mask 0x3)
[2015.06.29-17.24.27:984][648]LogInit: FAudioDevice initialized.
[2015.06.29-17.24.28:026][648]LogWorld: Game class is 'MyGame_C'
[2015.06.29-17.24.28:035][648]LogWorld: Bringing World /Game/Maps/UEDPIE_0_Title.Title up for play (max tick rate 0) at 2015.06.30-02.24.28
[2015.06.29-17.24.28:035][648]LogActor:Warning: GameSession /Game/Maps/UEDPIE_0_Title.Title:PersistentLevel.GameSession_1 has natively added scene component(s), but none of them were set as the actor's RootComponent - picking one arbitrarily
[2015.06.29-17.24.28:036][648]LogActor:Warning: GameNetworkManager /Game/Maps/UEDPIE_0_Title.Title:PersistentLevel.GameNetworkManager_1 has natively added scene component(s), but none of them were set as the actor's RootComponent - picking one arbitrarily
[2015.06.29-17.24.28:036][648]LogWorld: Bringing up level for play took: 0.006144
[2015.06.29-17.24.28:044][648]PIE: 情報 /Game/Maps/UEDPIE_0_Title 0.046のプレイ イン エディタの開始時間
[2015.06.29-17.24.38:602][432]LogParticles: Destroying 0 GPU particle simulations for FXSystem 0x000000002FDE09A0
[2015.06.29-17.24.39:839][520]BlueprintLog: New page: PIE以前の自動再コンパイル
[2015.06.29-17.24.39:856][520]LogPlayLevel: [PIE] Compiling Title before PIE...
[2015.06.29-17.24.40:038][520]LogPlayLevel: PIE:  Blueprint regeneration took 198 ms (1 blueprints)
[2015.06.29-17.24.40:038][520]PIE: New page: PIEセッション: Title (2015/06/30 11:24:40)
[2015.06.29-17.24.40:039][520]LogPlayLevel: Creating play world package: /Game/Maps/UEDPIE_0_Title
[2015.06.29-17.24.40:049][520]LogPlayLevel: PIE: StaticDuplicateObject took: (0.010312s)
[2015.06.29-17.24.40:050][520]LogAIModule: Creating AISystem for world Title
[2015.06.29-17.24.40:051][520]LogPlayLevel: PIE: World Init took: (0.001728s)
[2015.06.29-17.24.40:051][520]LogPlayLevel: PIE: Created PIE world by copying editor world from /Game/Maps/Title.Title to /Game/Maps/UEDPIE_0_Title.Title (0.012341s)
[2015.06.29-17.24.40:098][520]LogInit: XAudio2 using 'Realtek Digital Output (Realtek High Definition Audio)' : 2 channels at 48 kHz using 16 bits per sample (channel mask 0x3)
[2015.06.29-17.24.40:110][520]LogInit: FAudioDevice initialized.
[2015.06.29-17.24.40:150][520]LogWorld: Game class is 'MyGame_C'
[2015.06.29-17.24.40:157][520]LogWorld: Bringing World /Game/Maps/UEDPIE_0_Title.Title up for play (max tick rate 0) at 2015.06.30-02.24.40
[2015.06.29-17.24.40:157][520]LogActor:Warning: GameSession /Game/Maps/UEDPIE_0_Title.Title:PersistentLevel.GameSession_2 has natively added scene component(s), but none of them were set as the actor's RootComponent - picking one arbitrarily
[2015.06.29-17.24.40:158][520]LogActor:Warning: GameNetworkManager /Game/Maps/UEDPIE_0_Title.Title:PersistentLevel.GameNetworkManager_2 has natively added scene component(s), but none of them were set as the actor's RootComponent - picking one arbitrarily
[2015.06.29-17.24.40:158][520]LogWorld: Bringing up level for play took: 0.004471
[2015.06.29-17.24.40:165][520]PIE: 情報 /Game/Maps/UEDPIE_0_Title 0.167のプレイ イン エディタの開始時間
[2015.06.29-17.24.51:473][353]LogParticles: Destroying 0 GPU particle simulations for FXSystem 0x000000002FDE2A20
[2015.06.29-17.25.12:747][365]BlueprintLog: New page: PIE以前の自動再コンパイル
[2015.06.29-17.25.12:763][365]LogPlayLevel: [PIE] Compiling Title before PIE...
[2015.06.29-17.25.12:894][365]LogActorComponent: UnregisterComponent: (/Engine/Transient.CharMoveComp) Not registered. Aborting.
[2015.06.29-17.25.12:948][365]LogPlayLevel: PIE:  Blueprint regeneration took 200 ms (1 blueprints)
[2015.06.29-17.25.12:948][365]PIE: New page: PIEセッション: Title (2015/06/30 11:25:12)
[2015.06.29-17.25.12:949][365]LogPlayLevel: Creating play world package: /Game/Maps/UEDPIE_0_Title
[2015.06.29-17.25.12:959][365]LogPlayLevel: PIE: StaticDuplicateObject took: (0.009881s)
[2015.06.29-17.25.12:960][365]LogAIModule: Creating AISystem for world Title
[2015.06.29-17.25.12:961][365]LogPlayLevel: PIE: World Init took: (0.001776s)
[2015.06.29-17.25.12:961][365]LogPlayLevel: PIE: Created PIE world by copying editor world from /Game/Maps/Title.Title to /Game/Maps/UEDPIE_0_Title.Title (0.011973s)
[2015.06.29-17.25.13:007][365]LogInit: XAudio2 using 'Realtek Digital Output (Realtek High Definition Audio)' : 2 channels at 48 kHz using 16 bits per sample (channel mask 0x3)
[2015.06.29-17.25.13:017][365]LogInit: FAudioDevice initialized.
[2015.06.29-17.25.13:059][365]LogWorld: Game class is 'MyGame_C'
[2015.06.29-17.25.13:066][365]LogWorld: Bringing World /Game/Maps/UEDPIE_0_Title.Title up for play (max tick rate 0) at 2015.06.30-02.25.13
[2015.06.29-17.25.13:066][365]LogActor:Warning: GameSession /Game/Maps/UEDPIE_0_Title.Title:PersistentLevel.GameSession_3 has natively added scene component(s), but none of them were set as the actor's RootComponent - picking one arbitrarily
[2015.06.29-17.25.13:067][365]LogActor:Warning: GameNetworkManager /Game/Maps/UEDPIE_0_Title.Title:PersistentLevel.GameNetworkManager_3 has natively added scene component(s), but none of them were set as the actor's RootComponent - picking one arbitrarily
[2015.06.29-17.25.13:067][365]LogWorld: Bringing up level for play took: 0.004596
[2015.06.29-17.25.13:073][365]PIE: 情報 /Game/Maps/UEDPIE_0_Title 1.075のプレイ イン エディタの開始時間
[2015.06.29-17.25.24:562][153]LogPackageName: SearchForPackageOnDisk took   0.123s to resolve Game.umap
[2015.06.29-17.25.24:683][154]LogPackageName: SearchForPackageOnDisk took   0.107s to resolve Game.umap
[2015.06.29-17.25.24:683][154]LogNet: Browse: /Game/Maps/Game
[2015.06.29-17.25.24:683][154]LogLoad: LoadMap: /Game/Maps/Game
[2015.06.29-17.25.24:725][154]LogParticles: Destroying 0 GPU particle simulations for FXSystem 0x0000000047C5CF40
[2015.06.29-17.25.24:755][154]Cmd: MEM
[2015.06.29-17.25.24:792][154]LogMemory: Platform Memory Stats for Windows
[2015.06.29-17.25.24:792][154]LogMemory: Process Physical Memory: 690.94 MB used, 691.04 MB peak
[2015.06.29-17.25.24:792][154]LogMemory: Process Virtual Memory: 1135.48 MB used, 1182.70 MB peak
[2015.06.29-17.25.24:792][154]LogMemory: Physical Memory: 4132.59 MB used, 16332.02 MB total
[2015.06.29-17.25.24:792][154]LogMemory: Virtual Memory: 1755.03 MB used, 8388608.00 MB total
[2015.06.29-17.25.24:792][154]LogMemory: 
[2015.06.29-17.25.24:792][154]Allocator Stats for TBB: (not implemented)
[2015.06.29-17.25.25:033][154]LogAIModule: Creating AISystem for world Game
[2015.06.29-17.25.25:116][154]LogWorld: Game class is 'MyGame_C'
[2015.06.29-17.25.25:124][154]LogWorld: Bringing World /Game/Maps/UEDPIE_0_Game.Game up for play (max tick rate 0) at 2015.06.30-02.25.25
[2015.06.29-17.25.25:124][154]LogActor:Warning: GameSession /Game/Maps/UEDPIE_0_Game.Game:PersistentLevel.GameSession_4 has natively added scene component(s), but none of them were set as the actor's RootComponent - picking one arbitrarily
[2015.06.29-17.25.25:125][154]LogActor:Warning: GameNetworkManager /Game/Maps/UEDPIE_0_Game.Game:PersistentLevel.GameNetworkManager_4 has natively added scene component(s), but none of them were set as the actor's RootComponent - picking one arbitrarily
[2015.06.29-17.25.25:125][154]LogWorld: Bringing up level for play took: 0.005539
[2015.06.29-17.25.39:981][250]LogParticles: Destroying 0 GPU particle simulations for FXSystem 0x00000000494AE840
[2015.06.29-17.26.08:428][687]BlueprintLog: New page: MyChara をコンパイル
[2015.06.29-17.26.08:788][687]LogActorComponent: UnregisterComponent: (/Engine/Transient.CharMoveComp) Not registered. Aborting.
[2015.06.29-17.26.08:864][687]BlueprintEditorCompileResults: 情報 [2243.92] MyChara のコンパイルに成功しました！  [ 434 ミリ秒]
[2015.06.29-17.26.17:543][104]BlueprintLog: New page: PIE以前の自動再コンパイル
[2015.06.29-17.26.17:560][104]LogPlayLevel: [PIE] Compiling Title before PIE...
[2015.06.29-17.26.17:685][104]LogActorComponent: UnregisterComponent: (/Engine/Transient.CharMoveComp) Not registered. Aborting.
[2015.06.29-17.26.17:739][104]LogPlayLevel: PIE:  Blueprint regeneration took 195 ms (1 blueprints)
[2015.06.29-17.26.17:739][104]PIE: New page: PIEセッション: Title (2015/06/30 11:26:17)
[2015.06.29-17.26.17:740][104]LogPlayLevel: Creating play world package: /Game/Maps/UEDPIE_0_Title
[2015.06.29-17.26.17:751][104]LogPlayLevel: PIE: StaticDuplicateObject took: (0.010423s)
[2015.06.29-17.26.17:751][104]LogAIModule: Creating AISystem for world Title
[2015.06.29-17.26.17:752][104]LogPlayLevel: PIE: World Init took: (0.001869s)
[2015.06.29-17.26.17:753][104]LogPlayLevel: PIE: Created PIE world by copying editor world from /Game/Maps/Title.Title to /Game/Maps/UEDPIE_0_Title.Title (0.012587s)
[2015.06.29-17.26.17:798][104]LogInit: XAudio2 using 'Realtek Digital Output (Realtek High Definition Audio)' : 2 channels at 48 kHz using 16 bits per sample (channel mask 0x3)
[2015.06.29-17.26.17:810][104]LogInit: FAudioDevice initialized.
[2015.06.29-17.26.17:855][104]LogWorld: Game class is 'MyGame_C'
[2015.06.29-17.26.17:862][104]LogWorld: Bringing World /Game/Maps/UEDPIE_0_Title.Title up for play (max tick rate 0) at 2015.06.30-02.26.17
[2015.06.29-17.26.17:862][104]LogActor:Warning: GameSession /Game/Maps/UEDPIE_0_Title.Title:PersistentLevel.GameSession_5 has natively added scene component(s), but none of them were set as the actor's RootComponent - picking one arbitrarily
[2015.06.29-17.26.17:863][104]LogActor:Warning: GameNetworkManager /Game/Maps/UEDPIE_0_Title.Title:PersistentLevel.GameNetworkManager_5 has natively added scene component(s), but none of them were set as the actor's RootComponent - picking one arbitrarily
[2015.06.29-17.26.17:863][104]LogWorld: Bringing up level for play took: 0.004480
[2015.06.29-17.26.17:869][104]PIE: 情報 /Game/Maps/UEDPIE_0_Title -0.13のプレイ イン エディタの開始時間
[2015.06.29-17.26.33:006][157]LogParticles: Destroying 0 GPU particle simulations for FXSystem 0x000000000FB72E80
[2015.06.29-17.27.16:434][292]BlueprintLog: New page: MyChara をコンパイル
[2015.06.29-17.27.16:792][292]LogActorComponent: UnregisterComponent: (/Engine/Transient.CharMoveComp) Not registered. Aborting.
[2015.06.29-17.27.16:870][292]BlueprintEditorCompileResults: 情報 [2311.93] MyChara のコンパイルに成功しました！  [ 436 ミリ秒]
[2015.06.29-17.27.19:015][390]BlueprintLog: New page: PIE以前の自動再コンパイル
[2015.06.29-17.27.19:031][390]LogPlayLevel: [PIE] Compiling Title before PIE...
[2015.06.29-17.27.19:156][390]LogActorComponent: UnregisterComponent: (/Engine/Transient.CharMoveComp) Not registered. Aborting.
[2015.06.29-17.27.19:209][390]LogPlayLevel: PIE:  Blueprint regeneration took 195 ms (1 blueprints)
[2015.06.29-17.27.19:210][390]PIE: New page: PIEセッション: Title (2015/06/30 11:27:19)
[2015.06.29-17.27.19:211][390]LogPlayLevel: Creating play world package: /Game/Maps/UEDPIE_0_Title
[2015.06.29-17.27.19:221][390]LogPlayLevel: PIE: StaticDuplicateObject took: (0.010000s)
[2015.06.29-17.27.19:221][390]LogAIModule: Creating AISystem for world Title
[2015.06.29-17.27.19:222][390]LogPlayLevel: PIE: World Init took: (0.001779s)
[2015.06.29-17.27.19:223][390]LogPlayLevel: PIE: Created PIE world by copying editor world from /Game/Maps/Title.Title to /Game/Maps/UEDPIE_0_Title.Title (0.012078s)
[2015.06.29-17.27.19:267][390]LogInit: XAudio2 using 'Realtek Digital Output (Realtek High Definition Audio)' : 2 channels at 48 kHz using 16 bits per sample (channel mask 0x3)
[2015.06.29-17.27.19:280][390]LogInit: FAudioDevice initialized.
[2015.06.29-17.27.19:319][390]LogWorld: Game class is 'MyGame_C'
[2015.06.29-17.27.19:327][390]LogWorld: Bringing World /Game/Maps/UEDPIE_0_Title.Title up for play (max tick rate 0) at 2015.06.30-02.27.19
[2015.06.29-17.27.19:327][390]LogActor:Warning: GameSession /Game/Maps/UEDPIE_0_Title.Title:PersistentLevel.GameSession_6 has natively added scene component(s), but none of them were set as the actor's RootComponent - picking one arbitrarily
[2015.06.29-17.27.19:327][390]LogActor:Warning: GameNetworkManager /Game/Maps/UEDPIE_0_Title.Title:PersistentLevel.GameNetworkManager_6 has natively added scene component(s), but none of them were set as the actor's RootComponent - picking one arbitrarily
[2015.06.29-17.27.19:328][390]LogWorld: Bringing up level for play took: 0.004590
[2015.06.29-17.27.19:334][390]PIE: 情報 /Game/Maps/UEDPIE_0_Title -0.667のプレイ イン エディタの開始時間
[2015.06.29-17.27.23:355][620]LogParticles: Destroying 0 GPU particle simulations for FXSystem 0x0000000047B29800
[2015.06.29-17.28.03:436][411]BlueprintLog: New page: MyChara をコンパイル
[2015.06.29-17.28.03:799][411]LogActorComponent: UnregisterComponent: (/Engine/Transient.CharMoveComp) Not registered. Aborting.
[2015.06.29-17.28.03:876][411]BlueprintEditorCompileResults: 情報 [2358.93] MyChara のコンパイルに成功しました！  [ 439 ミリ秒]
[2015.06.29-17.28.05:411][476]BlueprintLog: New page: PIE以前の自動再コンパイル
[2015.06.29-17.28.05:428][476]LogPlayLevel: [PIE] Compiling Title before PIE...
[2015.06.29-17.28.05:552][476]LogActorComponent: UnregisterComponent: (/Engine/Transient.CharMoveComp) Not registered. Aborting.
[2015.06.29-17.28.05:606][476]LogPlayLevel: PIE:  Blueprint regeneration took 194 ms (1 blueprints)
[2015.06.29-17.28.05:606][476]PIE: New page: PIEセッション: Title (2015/06/30 11:28:05)
[2015.06.29-17.28.05:607][476]LogPlayLevel: Creating play world package: /Game/Maps/UEDPIE_0_Title
[2015.06.29-17.28.05:617][476]LogPlayLevel: PIE: StaticDuplicateObject took: (0.010045s)
[2015.06.29-17.28.05:618][476]LogAIModule: Creating AISystem for world Title
[2015.06.29-17.28.05:619][476]LogPlayLevel: PIE: World Init took: (0.001858s)
[2015.06.29-17.28.05:619][476]LogPlayLevel: PIE: Created PIE world by copying editor world from /Game/Maps/Title.Title to /Game/Maps/UEDPIE_0_Title.Title (0.012194s)
[2015.06.29-17.28.05:663][476]LogInit: XAudio2 using 'Realtek Digital Output (Realtek High Definition Audio)' : 2 channels at 48 kHz using 16 bits per sample (channel mask 0x3)
[2015.06.29-17.28.05:676][476]LogInit: FAudioDevice initialized.
[2015.06.29-17.28.05:720][476]LogWorld: Game class is 'MyGame_C'
[2015.06.29-17.28.05:727][476]LogWorld: Bringing World /Game/Maps/UEDPIE_0_Title.Title up for play (max tick rate 0) at 2015.06.30-02.28.05
[2015.06.29-17.28.05:727][476]LogActor:Warning: GameSession /Game/Maps/UEDPIE_0_Title.Title:PersistentLevel.GameSession_7 has natively added scene component(s), but none of them were set as the actor's RootComponent - picking one arbitrarily
[2015.06.29-17.28.05:728][476]LogActor:Warning: GameNetworkManager /Game/Maps/UEDPIE_0_Title.Title:PersistentLevel.GameNetworkManager_7 has natively added scene component(s), but none of them were set as the actor's RootComponent - picking one arbitrarily
[2015.06.29-17.28.05:728][476]LogWorld: Bringing up level for play took: 0.004391
[2015.06.29-17.28.05:735][476]PIE: 情報 /Game/Maps/UEDPIE_0_Title -0.267のプレイ イン エディタの開始時間
[2015.06.29-17.28.18:636][342]LogParticles: Destroying 0 GPU particle simulations for FXSystem 0x000000002F570540
[2015.06.29-17.28.24:169][510]Cmd: OBJ SAVEPACKAGE PACKAGE="/Game/Maps/MyChara" FILE="../../../../../../Users/kuou/Documents/Unreal Projects/SamuraiGame 4.8/Content/Maps/MyChara.uasset" SILENT=true
[2015.06.29-17.28.25:255][510]LogSavePackage: Save=1075.202881ms
[2015.06.29-17.28.25:255][510]LogSavePackage: Moving '../../../../../../Users/kuou/Documents/Unreal Projects/SamuraiGame 4.8/Saved/MyCharaD695BBDB4054583FA0B9EFA1779F1CD5.tmp' to '../../../../../../Users/kuou/Documents/Unreal Projects/SamuraiGame 4.8/Content/Maps/MyChara.uasset'
[2015.06.29-17.28.25:941][511]Cmd: QUIT_EDITOR
[2015.06.29-17.28.26:443][511]LogExit: Preparing to exit.
[2015.06.29-17.28.27:049][511]LogExit: Editor shut down
[2015.06.29-17.28.27:050][511]LogExit: Transaction tracking system shut down
[2015.06.29-17.28.27:051][511]LogParticles: Destroying 0 GPU particle simulations for FXSystem 0x00000000101C3CE0
[2015.06.29-17.28.27:051][511]LogParticles: Destroying 0 GPU particle simulations for FXSystem 0x00000000284EA020
[2015.06.29-17.28.27:052][511]LogParticles: Destroying 0 GPU particle simulations for FXSystem 0x000000002F175B20
[2015.06.29-17.28.27:056][511]LogParticles: Destroying 0 GPU particle simulations for FXSystem 0x000000001752ED40
[2015.06.29-17.28.27:347][511]LogExit: Object subsystem successfully closed.
[2015.06.29-17.28.27:462][511]LogModuleManager: Shutting down and abandoning module CrashTracker (188)
[2015.06.29-17.28.27:462][511]LogModuleManager: Shutting down and abandoning module SceneOutliner (187)
[2015.06.29-17.28.27:462][511]LogModuleManager: Shutting down and abandoning module SuperSearch (186)
[2015.06.29-17.28.27:462][511]LogModuleManager: Shutting down and abandoning module WidgetCarousel (185)
[2015.06.29-17.28.27:462][511]LogModuleManager: Shutting down and abandoning module AddContentDialog (184)
[2015.06.29-17.28.27:463][511]LogModuleManager: Shutting down and abandoning module EditorWidgets (183)
[2015.06.29-17.28.27:463][511]LogModuleManager: Shutting down and abandoning module CollectionManager (182)
[2015.06.29-17.28.27:463][511]LogModuleManager: Shutting down and abandoning module StatsViewer (181)
[2015.06.29-17.28.27:463][511]LogModuleManager: Shutting down and abandoning module FoliageEdit (180)
[2015.06.29-17.28.27:463][511]LogModuleManager: Shutting down and abandoning module LandscapeEditor (179)
[2015.06.29-17.28.27:464][511]LogModuleManager: Shutting down and abandoning module ActorPickerMode (178)
[2015.06.29-17.28.27:464][511]LogModuleManager: Shutting down and abandoning module GeometryMode (177)
[2015.06.29-17.28.27:464][511]LogModuleManager: Shutting down and abandoning module TextureAlignMode (176)
[2015.06.29-17.28.27:464][511]LogModuleManager: Shutting down and abandoning module BspMode (175)
[2015.06.29-17.28.27:464][511]LogModuleManager: Shutting down and abandoning module PlacementMode (174)
[2015.06.29-17.28.27:464][511]LogModuleManager: Shutting down and abandoning module AutomationWorker (173)
[2015.06.29-17.28.27:464][511]LogModuleManager: Shutting down and abandoning module CharacterAI (172)
[2015.06.29-17.28.27:464][511]LogModuleManager: Shutting down and abandoning module SmartSnapping (171)
[2015.06.29-17.28.27:464][511]LogModuleManager: Shutting down and abandoning module ViewportSnapping (170)
[2015.06.29-17.28.27:464][511]LogModuleManager: Shutting down and abandoning module LogVisualizer (169)
[2015.06.29-17.28.27:464][511]LogModuleManager: Shutting down and abandoning module GameProjectGeneration (168)
[2015.06.29-17.28.27:464][511]LogModuleManager: Shutting down and abandoning module IntroTutorials (167)
[2015.06.29-17.28.27:464][511]LogModuleManager: Shutting down and abandoning module EditorLiveStreaming (166)
[2015.06.29-17.28.27:464][511]LogModuleManager: Shutting down and abandoning module IOSPlatformEditor (165)
[2015.06.29-17.28.27:464][511]LogModuleManager: Shutting down and abandoning module HTML5PlatformEditor (164)
[2015.06.29-17.28.27:464][511]LogModuleManager: Shutting down and abandoning module AndroidDeviceDetection (163)
[2015.06.29-17.28.27:799][511]LogModuleManager: Shutting down and abandoning module AndroidPlatformEditor (162)
[2015.06.29-17.28.27:799][511]LogModuleManager: Shutting down and abandoning module IOSRuntimeSettings (161)
[2015.06.29-17.28.27:799][511]LogModuleManager: Shutting down and abandoning module AndroidRuntimeSettings (160)
[2015.06.29-17.28.27:799][511]LogModuleManager: Shutting down and abandoning module MergeActors (159)
[2015.06.29-17.28.27:799][511]LogModuleManager: Shutting down and abandoning module SizeMap (158)
[2015.06.29-17.28.27:799][511]LogModuleManager: Shutting down and abandoning module TreeMap (157)
[2015.06.29-17.28.27:799][511]LogModuleManager: Shutting down and abandoning module ReferenceViewer (156)
[2015.06.29-17.28.27:799][511]LogModuleManager: Shutting down and abandoning module LocalizationDashboard (155)
[2015.06.29-17.28.27:799][511]LogModuleManager: Shutting down and abandoning module HardwareTargeting (154)
[2015.06.29-17.28.27:799][511]LogModuleManager: Shutting down and abandoning module DeviceProfileEditor (153)
[2015.06.29-17.28.27:799][511]LogModuleManager: Shutting down and abandoning module UndoHistory (152)
[2015.06.29-17.28.27:799][511]LogModuleManager: Shutting down and abandoning module GameplayTagsEditor (151)
[2015.06.29-17.28.27:799][511]LogModuleManager: Shutting down and abandoning module UserFeedback (150)
[2015.06.29-17.28.27:799][511]LogModuleManager: Shutting down and abandoning module XmlParser (149)
[2015.06.29-17.28.27:799][511]LogModuleManager: Shutting down and abandoning module Blutility (148)
[2015.06.29-17.28.27:799][511]LogModuleManager: Shutting down and abandoning module ProjectTargetPlatformEditor (147)
[2015.06.29-17.28.27:799][511]LogModuleManager: Shutting down and abandoning module ProjectSettingsViewer (146)
[2015.06.29-17.28.27:800][511]LogModuleManager: Shutting down and abandoning module InputBindingEditor (145)
[2015.06.29-17.28.27:800][511]LogModuleManager: Shutting down and abandoning module EditorSettingsViewer (144)
[2015.06.29-17.28.27:800][511]LogModuleManager: Shutting down and abandoning module SettingsEditor (143)
[2015.06.29-17.28.27:800][511]LogModuleManager: Shutting down and abandoning module ProjectLauncher (142)
[2015.06.29-17.28.27:800][511]LogModuleManager: Shutting down and abandoning module SessionFrontend (141)
[2015.06.29-17.28.27:800][511]LogModuleManager: Shutting down and abandoning module ProfilerClient (140)
[2015.06.29-17.28.27:800][511]LogModuleManager: Shutting down and abandoning module TargetDeviceServices (139)
[2015.06.29-17.28.27:800][511]LogModuleManager: Shutting down and abandoning module DeviceManager (138)
[2015.06.29-17.28.27:801][511]LogModuleManager: Shutting down and abandoning module AutomationController (137)
[2015.06.29-17.28.27:801][511]LogModuleManager: Shutting down and abandoning module AutomationWindow (136)
[2015.06.29-17.28.27:801][511]LogModuleManager: Shutting down and abandoning module Layers (135)
[2015.06.29-17.28.27:801][511]LogModuleManager: Shutting down and abandoning module ComponentVisualizers (134)
[2015.06.29-17.28.27:801][511]LogModuleManager: Shutting down and abandoning module DetailCustomizations (133)
[2015.06.29-17.28.27:801][511]LogModuleManager: Shutting down and abandoning module PackagesDialog (132)
[2015.06.29-17.28.27:801][511]LogModuleManager: Shutting down and abandoning module AssetRegistry (131)
[2015.06.29-17.28.27:934][511]LogModuleManager: Shutting down and abandoning module Persona (130)
[2015.06.29-17.28.27:934][511]LogModuleManager: Shutting down and abandoning module Kismet (129)
[2015.06.29-17.28.27:934][511]LogModuleManager: Shutting down and abandoning module GraphEditor (128)
[2015.06.29-17.28.27:934][511]LogModuleManager: Shutting down and abandoning module ClassViewer (127)
[2015.06.29-17.28.27:934][511]LogModuleManager: Shutting down and abandoning module Toolbox (126)
[2015.06.29-17.28.27:934][511]LogModuleManager: Shutting down and abandoning module ModuleUI (125)
[2015.06.29-17.28.27:934][511]LogModuleManager: Shutting down and abandoning module MovieSceneTools (124)
[2015.06.29-17.28.27:934][511]LogModuleManager: Shutting down and abandoning module OutputLog (123)
[2015.06.29-17.28.27:934][511]LogModuleManager: Shutting down and abandoning module GammaUI (122)
[2015.06.29-17.28.27:934][511]LogModuleManager: Shutting down and abandoning module Documentation (121)
[2015.06.29-17.28.27:934][511]LogModuleManager: Shutting down and abandoning module GameLiveStreaming (120)
[2015.06.29-17.28.27:934][511]LogModuleManager: Shutting down and abandoning module StreamingPauseRendering (119)
[2015.06.29-17.28.27:934][511]LogModuleManager: Shutting down and abandoning module AnalyticsET (118)
[2015.06.29-17.28.27:934][511]LogModuleManager: Shutting down and abandoning module Analytics (117)
[2015.06.29-17.28.27:934][511]LogModuleManager: Shutting down and abandoning module AITestSuite (116)
[2015.06.29-17.28.27:934][511]LogModuleManager: Shutting down and abandoning module GameplayDebugger (115)
[2015.06.29-17.28.27:934][511]LogModuleManager: Shutting down and abandoning module AIModule (114)
[2015.06.29-17.28.27:935][511]LogModuleManager: Shutting down and abandoning module ProfilerService (113)
[2015.06.29-17.28.28:108][511]LogModuleManager: Shutting down and abandoning module TaskGraph (112)
[2015.06.29-17.28.28:108][511]LogModuleManager: Shutting down and abandoning module SlateRemote (111)
[2015.06.29-17.28.28:108][511]LogModuleManager: Shutting down and abandoning module SteamVRController (110)
[2015.06.29-17.28.28:108][511]LogModuleManager: Shutting down and abandoning module SteamVR (109)
[2015.06.29-17.28.28:108][511]LogModuleManager: Shutting down and abandoning module ProceduralMeshComponent (108)
[2015.06.29-17.28.28:108][511]LogModuleManager: Shutting down and abandoning module OculusRift (107)
[2015.06.29-17.28.28:108][511]LogModuleManager: Shutting down and abandoning module LeapMotionController (106)
[2015.06.29-17.28.28:126][511]LogModuleManager: Shutting down and abandoning module CustomMeshComponent (105)
[2015.06.29-17.28.28:126][511]LogModuleManager: Shutting down and abandoning module CableComponent (104)
[2015.06.29-17.28.28:126][511]LogModuleManager: Shutting down and abandoning module MessagingDebugger (103)
[2015.06.29-17.28.28:126][511]LogModuleManager: Shutting down and abandoning module MediaPlayerEditor (102)
[2015.06.29-17.28.28:126][511]LogModuleManager: Shutting down and abandoning module SpeedTreeImporter (101)
[2015.06.29-17.28.28:126][511]LogModuleManager: Shutting down and abandoning module PluginBrowser (100)
[2015.06.29-17.28.28:126][511]LogModuleManager: Shutting down and abandoning module EpicSurvey (99)
[2015.06.29-17.28.28:126][511]LogModuleManager: Shutting down and abandoning module DesktopPlatform (98)
[2015.06.29-17.28.28:126][511]LogModuleManager: Shutting down and abandoning module VisualStudioSourceCodeAccess (97)
[2015.06.29-17.28.28:126][511]LogModuleManager: Shutting down and abandoning module UObjectPlugin (96)
[2015.06.29-17.28.28:126][511]LogModuleManager: Shutting down and abandoning module SubversionSourceControl (95)
[2015.06.29-17.28.28:126][511]LogModuleManager: Shutting down and abandoning module PerforceSourceControl (94)
[2015.06.29-17.28.28:126][511]LogModuleManager: Shutting down and abandoning module SourceControl (93)
[2015.06.29-17.28.28:126][511]LogModuleManager: Shutting down and abandoning module GitSourceControl (92)
[2015.06.29-17.28.28:126][511]LogModuleManager: Shutting down and abandoning module BlankPlugin (91)
[2015.06.29-17.28.28:126][511]LogModuleManager: Shutting down and abandoning module PaperTiledImporter (90)
[2015.06.29-17.28.28:126][511]LogModuleManager: Shutting down and abandoning module PaperSpriteSheetImporter (89)
[2015.06.29-17.28.28:126][511]LogModuleManager: Shutting down and abandoning module MeshPaint (88)
[2015.06.29-17.28.28:126][511]LogModuleManager: Shutting down and abandoning module SlateReflector (87)
[2015.06.29-17.28.28:127][511]LogModuleManager: Shutting down and abandoning module DirectoryWatcher (86)
[2015.06.29-17.28.28:127][511]LogModuleManager: Shutting down and abandoning module HotReload (85)
[2015.06.29-17.28.28:127][511]LogModuleManager: Shutting down and abandoning module MainFrame (84)
[2015.06.29-17.28.28:127][511]LogModuleManager: Shutting down and abandoning module LevelEditor (83)
[2015.06.29-17.28.28:129][511]LogModuleManager: Shutting down and abandoning module ContentBrowser (82)
[2015.06.29-17.28.28:130][511]LogModuleManager: Shutting down and abandoning module Paper2DEditor (81)
[2015.06.29-17.28.28:130][511]LogModuleManager: Shutting down and abandoning module UdpMessaging (80)
[2015.06.29-17.28.28:230][511]LogModuleManager: Shutting down and abandoning module Paper2D (79)
[2015.06.29-17.28.28:230][511]LogModuleManager: Shutting down and abandoning module WindowsMoviePlayer (78)
[2015.06.29-17.28.28:235][511]LogModuleManager: Shutting down and abandoning module Media (77)
[2015.06.29-17.28.28:235][511]LogModuleManager: Shutting down and abandoning module WmfMedia (76)
[2015.06.29-17.28.28:235][511]LogModuleManager: Shutting down and abandoning module OnlineBlueprintSupport (75)
[2015.06.29-17.28.28:235][511]LogModuleManager: Shutting down and abandoning module PropertyEditor (74)
[2015.06.29-17.28.28:235][511]LogModuleManager: Shutting down and abandoning module BehaviorTreeEditor (73)
[2015.06.29-17.28.28:235][511]LogModuleManager: Shutting down and abandoning module FunctionalTesting (72)
[2015.06.29-17.28.28:235][511]LogModuleManager: Shutting down and abandoning module CollisionAnalyzer (71)
[2015.06.29-17.28.28:235][511]LogModuleManager: Shutting down and abandoning module WorkspaceMenuStructure (70)
[2015.06.29-17.28.28:235][511]LogModuleManager: Shutting down and abandoning module MessageLog (69)
[2015.06.29-17.28.28:235][511]LogModuleManager: Shutting down and abandoning module Sequencer (68)
[2015.06.29-17.28.28:235][511]LogModuleManager: Shutting down and abandoning module AssetTools (67)
[2015.06.29-17.28.28:235][511]LogModuleManager: Shutting down and abandoning module UMGEditor (66)
[2015.06.29-17.28.28:236][511]LogModuleManager: Shutting down and abandoning module UMG (65)
[2015.06.29-17.28.28:236][511]LogModuleManager: Shutting down and abandoning module Slate (64)
[2015.06.29-17.28.28:236][511]LogModuleManager: Shutting down and abandoning module EditorStyle (63)
[2015.06.29-17.28.28:240][511]LogModuleManager: Shutting down and abandoning module SessionServices (62)
[2015.06.29-17.28.28:240][511]LogModuleManager: Shutting down and abandoning module SourceCodeAccess (61)
[2015.06.29-17.28.28:240][511]LogModuleManager: Shutting down and abandoning module HeadMountedDisplay (60)
[2015.06.29-17.28.28:240][511]LogModuleManager: Shutting down and abandoning module XAudio2 (59)
[2015.06.29-17.28.28:240][511]LogModuleManager: Shutting down and abandoning module Networking (57)
[2015.06.29-17.28.28:240][511]LogModuleManager: Shutting down and abandoning module Core (56)
[2015.06.29-17.28.28:240][511]LogModuleManager: Shutting down and abandoning module KismetCompiler (55)
[2015.06.29-17.28.28:240][511]LogModuleManager: Shutting down and abandoning module PhysXFormats (54)
[2015.06.29-17.28.28:240][511]LogModuleManager: Shutting down and abandoning module MeshUtilities (53)
[2015.06.29-17.28.28:240][511]LogModuleManager: Shutting down and abandoning module DerivedDataCache (52)
[2015.06.29-17.28.28:324][511]LogDerivedDataCache: Shutdown
[2015.06.29-17.28.28:324][511]LogModuleManager: Shutting down and abandoning module ShaderFormatOpenGL (51)
[2015.06.29-17.28.28:324][511]LogModuleManager: Shutting down and abandoning module ShaderFormatD3D (50)
[2015.06.29-17.28.28:324][511]LogModuleManager: Shutting down and abandoning module MetalShaderFormat (49)
[2015.06.29-17.28.28:324][511]LogModuleManager: Shutting down and abandoning module TextureFormatUncompressed (48)
[2015.06.29-17.28.28:324][511]LogModuleManager: Shutting down and abandoning module TextureFormatPVR (47)
[2015.06.29-17.28.28:324][511]LogModuleManager: Shutting down and abandoning module TextureFormatIntelISPCTexComp (46)
[2015.06.29-17.28.28:324][511]LogModuleManager: Shutting down and abandoning module TextureFormatDXT (45)
[2015.06.29-17.28.28:324][511]LogModuleManager: Shutting down and abandoning module ImageWrapper (44)
[2015.06.29-17.28.28:324][511]LogModuleManager: Shutting down and abandoning module TextureFormatASTC (43)
[2015.06.29-17.28.28:324][511]LogModuleManager: Shutting down and abandoning module TextureFormatAndroid (42)
[2015.06.29-17.28.28:324][511]LogModuleManager: Shutting down and abandoning module AudioFormatOpus (41)
[2015.06.29-17.28.28:324][511]LogModuleManager: Shutting down and abandoning module AudioFormatOgg (40)
[2015.06.29-17.28.28:324][511]LogModuleManager: Shutting down and abandoning module AudioFormatADPCM (39)
[2015.06.29-17.28.28:324][511]LogModuleManager: Shutting down and abandoning module LinuxTargetPlatform (38)
[2015.06.29-17.28.28:324][511]LogModuleManager: Shutting down and abandoning module LinuxServerTargetPlatform (37)
[2015.06.29-17.28.28:324][511]LogModuleManager: Shutting down and abandoning module LinuxNoEditorTargetPlatform (36)
[2015.06.29-17.28.28:324][511]LogModuleManager: Shutting down and abandoning module Messaging (35)
[2015.06.29-17.28.28:324][511]LogModuleManager: Shutting down and abandoning module IOSTargetPlatform (34)
[2015.06.29-17.28.28:324][511]LogModuleManager: Shutting down and abandoning module HTML5TargetPlatform (33)
[2015.06.29-17.28.28:324][511]LogModuleManager: Shutting down and abandoning module Android_PVRTCTargetPlatform (32)
[2015.06.29-17.28.28:324][511]LogModuleManager: Shutting down and abandoning module Android_ETC2TargetPlatform (31)
[2015.06.29-17.28.28:324][511]LogModuleManager: Shutting down and abandoning module Android_ETC1TargetPlatform (30)
[2015.06.29-17.28.28:324][511]LogModuleManager: Shutting down and abandoning module Android_DXTTargetPlatform (29)
[2015.06.29-17.28.28:324][511]LogModuleManager: Shutting down and abandoning module Android_ATCTargetPlatform (28)
[2015.06.29-17.28.28:324][511]LogModuleManager: Shutting down and abandoning module Android_ASTCTargetPlatform (27)
[2015.06.29-17.28.28:325][511]LogModuleManager: Shutting down and abandoning module AndroidTargetPlatform (26)
[2015.06.29-17.28.28:325][511]LogModuleManager: Shutting down and abandoning module WindowsTargetPlatform (25)
[2015.06.29-17.28.28:325][511]LogModuleManager: Shutting down and abandoning module WindowsServerTargetPlatform (24)
[2015.06.29-17.28.28:325][511]LogModuleManager: Shutting down and abandoning module WindowsNoEditorTargetPlatform (23)
[2015.06.29-17.28.28:325][511]LogModuleManager: Shutting down and abandoning module WindowsClientTargetPlatform (22)
[2015.06.29-17.28.28:325][511]LogModuleManager: Shutting down and abandoning module DesktopTargetPlatform (21)
[2015.06.29-17.28.28:325][511]LogModuleManager: Shutting down and abandoning module TargetPlatform (20)
[2015.06.29-17.28.28:325][511]LogModuleManager: Shutting down and abandoning module InputCore (19)
[2015.06.29-17.28.28:325][511]LogModuleManager: Shutting down and abandoning module Settings (18)
[2015.06.29-17.28.28:325][511]LogModuleManager: Shutting down and abandoning module OnlineSubsystem (16)
[2015.06.29-17.28.28:325][511]LogModuleManager: Shutting down and abandoning module HTTP (15)
[2015.06.29-17.28.28:325][511]LogModuleManager: Shutting down and abandoning module ExampleDeviceProfileSelector (14)
[2015.06.29-17.28.28:325][511]LogModuleManager: Shutting down and abandoning module TextureCompressor (13)
[2015.06.29-17.28.28:325][511]LogModuleManager: Shutting down and abandoning module ShaderCore (12)
[2015.06.29-17.28.28:325][511]LogModuleManager: Shutting down and abandoning module Landscape (11)
[2015.06.29-17.28.28:325][511]LogModuleManager: Shutting down and abandoning module SlateRHIRenderer (10)
[2015.06.29-17.28.28:330][511]LogModuleManager: Shutting down and abandoning module OpenGLDrv (9)
[2015.06.29-17.28.28:330][511]LogModuleManager: Shutting down and abandoning module D3D11RHI (8)
[2015.06.29-17.28.28:330][511]LogModuleManager: Shutting down and abandoning module Renderer (7)
[2015.06.29-17.28.28:330][511]LogModuleManager: Shutting down and abandoning module Engine (6)
[2015.06.29-17.28.28:330][511]LogModuleManager: Shutting down and abandoning module CoreUObject (5)
[2015.06.29-17.28.28:330][511]LogModuleManager: Shutting down and abandoning module NetworkFile (4)
[2015.06.29-17.28.28:330][511]LogModuleManager: Shutting down and abandoning module StreamingFile (3)
[2015.06.29-17.28.28:330][511]LogModuleManager: Shutting down and abandoning module SandboxFile (2)
[2015.06.29-17.28.28:330][511]LogModuleManager: Shutting down and abandoning module PakFile (1)
[2015.06.29-17.28.28:331][511]LogExit: Exiting.
[2015.06.29-17.28.28:333][511]Log file closed, 06/30/15 02:28:28
