Log file open, 05/10/15 23:43:12
LogInit:Display: Running engine for game: SamuraiGame
LogInit: Version: 4.7.6-2513093+++depot+UE4-Releases+4.7
LogInit: API Version: 2455222
LogInit: Compiled (64-bit): Apr 15 2015 12:09:54
LogInit: Compiled with Visual C++: 18.00.21005.01
LogInit: Build Configuration: Development
LogInit: Branch Name: ++depot+UE4-Releases+4.7
LogInit: Command line: 
LogInit: Base directory: C:/Program Files/Epic Games/4.7/Engine/Binaries/Win64/
LogInit: Rocket: 1
[2015.05.10-14.43.12:762][  0]LogTaskGraph: Started task graph with 3 named threads and 6 total threads.
[2015.05.10-14.43.12:871][  0]LogOnline:Warning: No default platform service specified for OnlineSubsystem
[2015.05.10-14.43.12:907][  0]LogInit: Presizing for 0 objects not considered by GC, pre-allocating 0 bytes.
[2015.05.10-14.43.12:923][  0]LogInit: Object subsystem initialized
[2015.05.10-14.43.12:929][  0]LogInit: Selected Device Profile: [Windows]
[2015.05.10-14.43.12:929][  0]LogInit: Applying CVar settings loaded from the selected device profile: [Windows]
[2015.05.10-14.43.12:959][  0]LogInit: Computer: COROHA-UE
[2015.05.10-14.43.12:959][  0]LogInit: User: coroha
[2015.05.10-14.43.12:959][  0]LogInit: CPU Page size=4096, Cores=4
[2015.05.10-14.43.12:959][  0]LogInit: High frequency timer resolution =2.728055 MHz
[2015.05.10-14.43.12:960][  0]LogMemory: Memory total: Physical=15.8GB (16GB approx) Virtual=131072.0GB
[2015.05.10-14.43.12:960][  0]LogMemory: Platform Memory Stats for Windows
[2015.05.10-14.43.12:960][  0]LogMemory: Process Physical Memory: 45.97 MB used, 45.97 MB peak
[2015.05.10-14.43.12:960][  0]LogMemory: Process Virtual Memory: 22.88 MB used, 22.91 MB peak
[2015.05.10-14.43.12:960][  0]LogMemory: Physical Memory: 3860.62 MB used, 16211.00 MB total
[2015.05.10-14.43.12:960][  0]LogMemory: Virtual Memory: 287.64 MB used, 134217728.00 MB total
[2015.05.10-14.43.13:014][  0]LogD3D11RHI: Found D3D11 adapter 0: NVIDIA GeForce GTX 860M     (Feature Level 11_0)
[2015.05.10-14.43.13:014][  0]LogD3D11RHI: Adapter has 1972MB of dedicated video memory, 0MB of dedicated system memory, and 2048MB of shared system memory, 1 output[s]
[2015.05.10-14.43.13:027][  0]LogD3D11RHI: Found D3D11 adapter 1: Intel(R) HD Graphics 4600 (Feature Level 11_0)
[2015.05.10-14.43.13:027][  0]LogD3D11RHI: Adapter has 96MB of dedicated video memory, 0MB of dedicated system memory, and 1696MB of shared system memory, 0 output[s]
[2015.05.10-14.43.13:030][  0]LogD3D11RHI: Found D3D11 adapter 2: Microsoft Basic Render Driver (Feature Level 11_0)
[2015.05.10-14.43.13:030][  0]LogD3D11RHI: Adapter has 0MB of dedicated video memory, 0MB of dedicated system memory, and 256MB of shared system memory, 0 output[s]
[2015.05.10-14.43.13:030][  0]LogD3D11RHI: Chosen D3D11 Adapter Id = 0
[2015.05.10-14.43.13:037][  0]LogRHI: Texture pool is 1361 MB (70% of 1945 MB)
[2015.05.10-14.43.13:055][  0]LogD3D11RHI: Async texture creation enabled
[2015.05.10-14.43.13:170][  0]LogTextLocalizationManager: The requested culture ('ja_JP') has no localization data; parent culture's ('ja') localization data will be used.
[2015.05.10-14.43.13:309][  0]LogTextLocalizationManager:Warning: Loading localization resources contain conflicting entries for (Namespace:UICommands, Key:Save_ToolTip):
Resource: (C:/Program Files/Epic Games/4.7/Engine/Content/Localization/Editor/ja/Editor.locres) Hash: (-29098895) String: (現行レベルをディスクに保存)
Resource: (C:/Program Files/Epic Games/4.7/Engine/Content/Localization/Engine/ja/Engine.locres) Hash: (-1280300587) String: (選択データをvlogファイルに保存)
[2015.05.10-14.43.13:309][  0]LogTextLocalizationManager:Warning: Loading localization resources contain conflicting entries for (Namespace:ContentBrowser, Key:ImportAssetToolTip):
Resource: (C:/Program Files/Epic Games/4.7/Engine/Content/Localization/Editor/ja/Editor.locres) Hash: (-630476809) String: ({0} にインポート...)
Resource: (C:/Program Files/Epic Games/4.7/Engine/Content/Localization/Editor/ja/Editor.locres) Hash: (1271782899) String: (このフォルダへファイルからアセットをインポート)
[2015.05.10-14.43.13:470][  0]LogContentStreaming: Texture pool size is 0.000000MB
[2015.05.10-14.43.18:751][  0]LogTargetPlatformManager:Display: Building Assets For Windows
[2015.05.10-14.43.20:094][  0]LogTargetPlatformManager:Display: Building Assets For Windows
[2015.05.10-14.43.20:246][  0]LogDerivedDataCache:Display: Max Cache Size: 512 MB
[2015.05.10-14.43.20:721][  0]LogDerivedDataCache: Loaded boot cache 0.46s 39MB C:/Users/coroha/AppData/Local/UnrealEngine/4.7/DerivedDataCache/Boot.ddc.
[2015.05.10-14.43.20:721][  0]LogDerivedDataCache:Display: Loaded Boot cache: C:/Users/coroha/AppData/Local/UnrealEngine/4.7/DerivedDataCache/Boot.ddc
[2015.05.10-14.43.20:721][  0]LogDerivedDataCache: FDerivedDataBackendGraph:  Pak pak cache file ../../../../../../Users/coroha/Documents/Unreal Projects/SamuraiGame/DerivedDataCache/DDC.ddp not found, will not use a pak cache.
[2015.05.10-14.43.20:721][  0]LogDerivedDataCache: Unable to find inner node Pak for hierarchical cache Hierarchy.
[2015.05.10-14.43.20:948][  0]LogDerivedDataCache:Display: Pak cache opened for reading ../../../Engine/DerivedDataCache/Compressed.ddp.
[2015.05.10-14.43.20:974][  0]LogDerivedDataCache: Using Local data cache path C:/Users/coroha/AppData/Local/UnrealEngine/Common/DerivedDataCache: Writable
[2015.05.10-14.43.21:580][  0]LogMeshUtilities: No automatic mesh reduction module available
[2015.05.10-14.43.21:580][  0]LogMeshUtilities: No automatic mesh merging module available
[2015.05.10-14.43.22:483][  0]LogInit: WinSock: version 1.1 (2.2), MaxSocks=32767, MaxUdp=65467
[2015.05.10-14.43.22:749][  0]LogSlate:Warning: Failed to load font data from '../../../Engine/Content/Slate/Fonts/Roboto-Italic.ttf'
[2015.05.10-14.43.30:443][  0]UdpMessaging: Initializing bridge on interface 0.0.0.0:0 to multicast group 230.0.0.1:6666.
[2015.05.10-14.43.30:939][  0]SourceControl: 情報 ソースコントロールは無効です
[2015.05.10-14.43.30:939][  0]SourceControl: 情報 ソースコントロールは無効です
[2015.05.10-14.43.30:939][  0]SourceControl: 情報 ソースコントロールは無効です
[2015.05.10-14.43.30:939][  0]LogSourceControl: RunCommandInternalRaw: 'git version'
[2015.05.10-14.43.30:939][  0]LogSourceControl: RunCommandInternalRaw: ExecProcess ReturnCode=2 OutResults=''
[2015.05.10-14.43.30:962][  0]SourceControl: 情報 ソースコントロールは無効です
[2015.05.10-14.43.31:596][  0]LogObj: 24232 objects as part of root set at end of initial load.
[2015.05.10-14.43.31:596][  0]LogUObjectAllocator: 5137176 out of 0 bytes used by permanent object pool.
[2015.05.10-14.43.31:761][  0]LogEngine: Initializing Engine...
[2015.05.10-14.43.34:058][  0]LogInit: XAudio2 using 'スピーカー (2- VIA HD Audio)' : 2 channels at 48 kHz using 32 bits per sample (channel mask 0x3)
[2015.05.10-14.43.34:109][  0]LogInit: FAudioDevice initialized.
[2015.05.10-14.43.34:234][  0]LogAIModule: Creating AISystem for world NewWorld
[2015.05.10-14.43.34:263][  0]LogDerivedDataCache: Saved boot cache 0.03s 39MB C:/Users/coroha/AppData/Local/UnrealEngine/4.7/DerivedDataCache/Boot.ddc.
[2015.05.10-14.43.34:267][  0]LogInit: Texture streaming: Enabled
[2015.05.10-14.43.34:468][  0]LogAnalytics: Creating configured Analytics provider AnalyticsET
[2015.05.10-14.43.34:468][  0]LogAnalytics: ET APIKey = Rocket.Release. APIServer = http://et2.epicgames.com/ET2/. AppVersion = 4.7.6-2513093+++depot+UE4-Releases+4.7
[2015.05.10-14.43.34:468][  0]LogAnalytics: ET APIKey = Rocket.Release. DataRouterUploadURL = https://datarouter-public-service-gamedev.ol.epicgames.net/datarouter/api/v1/public/data. AppVersion = 4.7.6-2513093+++depot+UE4-Releases+4.7
[2015.05.10-14.43.34:468][  0]LogAnalytics: SetUserId 992cc9b84c32f397d594cba0c22b6133|cda878fe2a114b8b8a2f532f4c48c5b9|7cc6f6e9-efaf-4a97-9a89-4cec2ca61680
[2015.05.10-14.43.34:469][  0]LogAnalytics: AnalyticsET::StartSession [Rocket.Release]
[2015.05.10-14.43.34:522][  0]LogInit: Transaction tracking system initialized
[2015.05.10-14.43.34:953][  0]BlueprintLog: New page: エディタの読み込み
[2015.05.10-14.43.35:021][  0]LogAssetRegistry: FAssetRegistry took 0.0107 seconds to start up
[2015.05.10-14.43.35:022][  0]LogDirectoryWatcher:Warning: Failed to begin reading directory changes for ../../../Engine/Plugins/Experimental/CharacterAI/Content/. Error: 0
[2015.05.10-14.43.36:504][  0]LogTargetPlatformManager:Display: Building Assets For Windows
[2015.05.10-14.43.37:454][  0]LogTargetPlatformManager:Display: Building Assets For Windows
[2015.05.10-14.43.53:966][  0]LogSlate:Warning: Failed to load font data from '../../../Engine/Content/Editor/Slate/Fonts/Roboto-Regular.ttf'
[2015.05.10-14.43.53:967][  0]LogSlate:Warning: Failed to load font data from '../../../Engine/Content/Editor/Slate/Fonts/Roboto-Bold.ttf'
[2015.05.10-14.43.54:061][  0]LogConsoleResponse:Display: 
[2015.05.10-14.43.54:442][  0]LogCook:Display: Done creating registry. It took  0.00s.
[2015.05.10-14.43.54:867][  0]SourceControl: 情報 ソースコントロールは無効です
[2015.05.10-14.43.55:039][  0]LogPackageName:Error: DoesPackageExist: DoesPackageExist FAILED: 'StarterContent/MobileStarterContent' is not a standard unreal filename or a long path name. Reason: パスは '/' で開始しなくてはいけません
[2015.05.10-14.43.55:039][  0]LogPackageName:Error: DoesPackageExist: DoesPackageExist FAILED: 'StarterContent/MobileStarterContent' is not a standard unreal filename or a long path name. Reason: パスは '/' で開始しなくてはいけません
[2015.05.10-14.43.55:040][  0]LogFactory: FactoryCreateBinary: PackFactory with PackFactory (0 0 C:/Program Files/Epic Games/4.7/FeaturePacks/MobileStarterContent.upack)
[2015.05.10-14.43.57:291][  0]LogPackFactory: Content/MobileStarterContent/Architecture/Floor_400x400.uasset (62676) -> ../../../../../../Users/coroha/Documents/Unreal Projects/SamuraiGame/Content/MobileStarterContent/Architecture/Floor_400x400.uasset
[2015.05.10-14.43.57:299][  0]LogPackFactory: Content/MobileStarterContent/Architecture/Pillar_50x500.uasset (75014) -> ../../../../../../Users/coroha/Documents/Unreal Projects/SamuraiGame/Content/MobileStarterContent/Architecture/Pillar_50x500.uasset
[2015.05.10-14.43.57:311][  0]LogPackFactory: Content/MobileStarterContent/Architecture/Wall_400x200.uasset (59641) -> ../../../../../../Users/coroha/Documents/Unreal Projects/SamuraiGame/Content/MobileStarterContent/Architecture/Wall_400x200.uasset
[2015.05.10-14.43.57:318][  0]LogPackFactory: Content/MobileStarterContent/Architecture/Wall_400x300.uasset (61226) -> ../../../../../../Users/coroha/Documents/Unreal Projects/SamuraiGame/Content/MobileStarterContent/Architecture/Wall_400x300.uasset
[2015.05.10-14.43.57:326][  0]LogPackFactory: Content/MobileStarterContent/Architecture/Wall_400x400.uasset (62837) -> ../../../../../../Users/coroha/Documents/Unreal Projects/SamuraiGame/Content/MobileStarterContent/Architecture/Wall_400x400.uasset
[2015.05.10-14.43.57:332][  0]LogPackFactory: Content/MobileStarterContent/Architecture/Wall_500x500.uasset (78256) -> ../../../../../../Users/coroha/Documents/Unreal Projects/SamuraiGame/Content/MobileStarterContent/Architecture/Wall_500x500.uasset
[2015.05.10-14.43.57:337][  0]LogPackFactory: Content/MobileStarterContent/Architecture/Wall_Door_400x300.uasset (70090) -> ../../../../../../Users/coroha/Documents/Unreal Projects/SamuraiGame/Content/MobileStarterContent/Architecture/Wall_Door_400x300.uasset
[2015.05.10-14.43.57:343][  0]LogPackFactory: Content/MobileStarterContent/Architecture/Wall_Door_400x400.uasset (70860) -> ../../../../../../Users/coroha/Documents/Unreal Projects/SamuraiGame/Content/MobileStarterContent/Architecture/Wall_Door_400x400.uasset
[2015.05.10-14.43.57:348][  0]LogPackFactory: Content/MobileStarterContent/Architecture/Wall_Window_400x300.uasset (72543) -> ../../../../../../Users/coroha/Documents/Unreal Projects/SamuraiGame/Content/MobileStarterContent/Architecture/Wall_Window_400x300.uasset
[2015.05.10-14.43.57:354][  0]LogPackFactory: Content/MobileStarterContent/Architecture/Wall_Window_400x400.uasset (73479) -> ../../../../../../Users/coroha/Documents/Unreal Projects/SamuraiGame/Content/MobileStarterContent/Architecture/Wall_Window_400x400.uasset
[2015.05.10-14.43.57:357][  0]LogPackFactory: Content/MobileStarterContent/Audio/Collapse01.uasset (348538) -> ../../../../../../Users/coroha/Documents/Unreal Projects/SamuraiGame/Content/MobileStarterContent/Audio/Collapse01.uasset
[2015.05.10-14.43.57:361][  0]LogPackFactory: Content/MobileStarterContent/Audio/Collapse02.uasset (346707) -> ../../../../../../Users/coroha/Documents/Unreal Projects/SamuraiGame/Content/MobileStarterContent/Audio/Collapse02.uasset
[2015.05.10-14.43.57:365][  0]LogPackFactory: Content/MobileStarterContent/Audio/Collapse_Cue.uasset (5862) -> ../../../../../../Users/coroha/Documents/Unreal Projects/SamuraiGame/Content/MobileStarterContent/Audio/Collapse_Cue.uasset
[2015.05.10-14.43.57:368][  0]LogPackFactory: Content/MobileStarterContent/Audio/Explosion01.uasset (282446) -> ../../../../../../Users/coroha/Documents/Unreal Projects/SamuraiGame/Content/MobileStarterContent/Audio/Explosion01.uasset
[2015.05.10-14.43.57:371][  0]LogPackFactory: Content/MobileStarterContent/Audio/Explosion02.uasset (289201) -> ../../../../../../Users/coroha/Documents/Unreal Projects/SamuraiGame/Content/MobileStarterContent/Audio/Explosion02.uasset
[2015.05.10-14.43.57:375][  0]LogPackFactory: Content/MobileStarterContent/Audio/Explosion_Cue.uasset (7331) -> ../../../../../../Users/coroha/Documents/Unreal Projects/SamuraiGame/Content/MobileStarterContent/Audio/Explosion_Cue.uasset
[2015.05.10-14.43.57:378][  0]LogPackFactory: Content/MobileStarterContent/Audio/Fire01.uasset (549702) -> ../../../../../../Users/coroha/Documents/Unreal Projects/SamuraiGame/Content/MobileStarterContent/Audio/Fire01.uasset
[2015.05.10-14.43.57:382][  0]LogPackFactory: Content/MobileStarterContent/Audio/Fire01_Cue.uasset (3785) -> ../../../../../../Users/coroha/Documents/Unreal Projects/SamuraiGame/Content/MobileStarterContent/Audio/Fire01_Cue.uasset
[2015.05.10-14.43.57:385][  0]LogPackFactory: Content/MobileStarterContent/Audio/Fire_Sparks01.uasset (796280) -> ../../../../../../Users/coroha/Documents/Unreal Projects/SamuraiGame/Content/MobileStarterContent/Audio/Fire_Sparks01.uasset
[2015.05.10-14.43.57:388][  0]LogPackFactory: Content/MobileStarterContent/Audio/Fire_Sparks01_Cue.uasset (3799) -> ../../../../../../Users/coroha/Documents/Unreal Projects/SamuraiGame/Content/MobileStarterContent/Audio/Fire_Sparks01_Cue.uasset
[2015.05.10-14.43.57:391][  0]LogPackFactory: Content/MobileStarterContent/Audio/Light01.uasset (364538) -> ../../../../../../Users/coroha/Documents/Unreal Projects/SamuraiGame/Content/MobileStarterContent/Audio/Light01.uasset
[2015.05.10-14.43.57:394][  0]LogPackFactory: Content/MobileStarterContent/Audio/Light01_Cue.uasset (3743) -> ../../../../../../Users/coroha/Documents/Unreal Projects/SamuraiGame/Content/MobileStarterContent/Audio/Light01_Cue.uasset
[2015.05.10-14.43.57:398][  0]LogPackFactory: Content/MobileStarterContent/Audio/Light02.uasset (308162) -> ../../../../../../Users/coroha/Documents/Unreal Projects/SamuraiGame/Content/MobileStarterContent/Audio/Light02.uasset
[2015.05.10-14.43.57:401][  0]LogPackFactory: Content/MobileStarterContent/Audio/Light02_Cue.uasset (3743) -> ../../../../../../Users/coroha/Documents/Unreal Projects/SamuraiGame/Content/MobileStarterContent/Audio/Light02_Cue.uasset
[2015.05.10-14.43.57:404][  0]LogPackFactory: Content/MobileStarterContent/Audio/Smoke01.uasset (476008) -> ../../../../../../Users/coroha/Documents/Unreal Projects/SamuraiGame/Content/MobileStarterContent/Audio/Smoke01.uasset
[2015.05.10-14.43.57:407][  0]LogPackFactory: Content/MobileStarterContent/Audio/Smoke01_Cue.uasset (3763) -> ../../../../../../Users/coroha/Documents/Unreal Projects/SamuraiGame/Content/MobileStarterContent/Audio/Smoke01_Cue.uasset
[2015.05.10-14.43.57:411][  0]LogPackFactory: Content/MobileStarterContent/Audio/Starter_Background_Cue.uasset (9404) -> ../../../../../../Users/coroha/Documents/Unreal Projects/SamuraiGame/Content/MobileStarterContent/Audio/Starter_Background_Cue.uasset
[2015.05.10-14.43.57:414][  0]LogPackFactory: Content/MobileStarterContent/Audio/Starter_Birds01.uasset (2689465) -> ../../../../../../Users/coroha/Documents/Unreal Projects/SamuraiGame/Content/MobileStarterContent/Audio/Starter_Birds01.uasset
[2015.05.10-14.43.57:421][  0]LogPackFactory: Content/MobileStarterContent/Audio/Starter_Music01.uasset (8445378) -> ../../../../../../Users/coroha/Documents/Unreal Projects/SamuraiGame/Content/MobileStarterContent/Audio/Starter_Music01.uasset
[2015.05.10-14.43.57:433][  0]LogPackFactory: Content/MobileStarterContent/Audio/Starter_Music_Cue.uasset (3281) -> ../../../../../../Users/coroha/Documents/Unreal Projects/SamuraiGame/Content/MobileStarterContent/Audio/Starter_Music_Cue.uasset
[2015.05.10-14.43.57:436][  0]LogPackFactory: Content/MobileStarterContent/Audio/Starter_Wind05.uasset (2312708) -> ../../../../../../Users/coroha/Documents/Unreal Projects/SamuraiGame/Content/MobileStarterContent/Audio/Starter_Wind05.uasset
[2015.05.10-14.43.57:441][  0]LogPackFactory: Content/MobileStarterContent/Audio/Starter_Wind06.uasset (2195545) -> ../../../../../../Users/coroha/Documents/Unreal Projects/SamuraiGame/Content/MobileStarterContent/Audio/Starter_Wind06.uasset
[2015.05.10-14.43.57:446][  0]LogPackFactory: Content/MobileStarterContent/Audio/Steam01.uasset (819034) -> ../../../../../../Users/coroha/Documents/Unreal Projects/SamuraiGame/Content/MobileStarterContent/Audio/Steam01.uasset
[2015.05.10-14.43.57:449][  0]LogPackFactory: Content/MobileStarterContent/Audio/Steam01_Cue.uasset (3791) -> ../../../../../../Users/coroha/Documents/Unreal Projects/SamuraiGame/Content/MobileStarterContent/Audio/Steam01_Cue.uasset
[2015.05.10-14.43.57:454][  0]LogPackFactory: Content/MobileStarterContent/Blueprints/Blueprint_CeilingLight.uasset (127277) -> ../../../../../../Users/coroha/Documents/Unreal Projects/SamuraiGame/Content/MobileStarterContent/Blueprints/Blueprint_CeilingLight.uasset
[2015.05.10-14.43.57:457][  0]LogPackFactory: Content/MobileStarterContent/Blueprints/Blueprint_Effect_Explosion.uasset (15786) -> ../../../../../../Users/coroha/Documents/Unreal Projects/SamuraiGame/Content/MobileStarterContent/Blueprints/Blueprint_Effect_Explosion.uasset
[2015.05.10-14.43.57:460][  0]LogPackFactory: Content/MobileStarterContent/Blueprints/Blueprint_Effect_Fire.uasset (15843) -> ../../../../../../Users/coroha/Documents/Unreal Projects/SamuraiGame/Content/MobileStarterContent/Blueprints/Blueprint_Effect_Fire.uasset
[2015.05.10-14.43.57:476][  0]LogPackFactory: Content/MobileStarterContent/Blueprints/Blueprint_Effect_Smoke.uasset (15788) -> ../../../../../../Users/coroha/Documents/Unreal Projects/SamuraiGame/Content/MobileStarterContent/Blueprints/Blueprint_Effect_Smoke.uasset
[2015.05.10-14.43.57:479][  0]LogPackFactory: Content/MobileStarterContent/Blueprints/Blueprint_Effect_Sparks.uasset (15806) -> ../../../../../../Users/coroha/Documents/Unreal Projects/SamuraiGame/Content/MobileStarterContent/Blueprints/Blueprint_Effect_Sparks.uasset
[2015.05.10-14.43.57:481][  0]LogPackFactory: Content/MobileStarterContent/Blueprints/Blueprint_WallSconce.uasset (137467) -> ../../../../../../Users/coroha/Documents/Unreal Projects/SamuraiGame/Content/MobileStarterContent/Blueprints/Blueprint_WallSconce.uasset
[2015.05.10-14.43.57:484][  0]LogPackFactory: Content/MobileStarterContent/Maps/Minimal_Default.umap (1801166) -> ../../../../../../Users/coroha/Documents/Unreal Projects/SamuraiGame/Content/MobileStarterContent/Maps/Minimal_Default.umap
[2015.05.10-14.43.57:488][  0]LogPackFactory: Content/MobileStarterContent/Maps/StarterMap.umap (13835731) -> ../../../../../../Users/coroha/Documents/Unreal Projects/SamuraiGame/Content/MobileStarterContent/Maps/StarterMap.umap
[2015.05.10-14.43.57:503][  0]LogPackFactory: Content/MobileStarterContent/Materials/M_Basic_Floor.uasset (68707) -> ../../../../../../Users/coroha/Documents/Unreal Projects/SamuraiGame/Content/MobileStarterContent/Materials/M_Basic_Floor.uasset
[2015.05.10-14.43.57:506][  0]LogPackFactory: Content/MobileStarterContent/Materials/M_Basic_Wall.uasset (61989) -> ../../../../../../Users/coroha/Documents/Unreal Projects/SamuraiGame/Content/MobileStarterContent/Materials/M_Basic_Wall.uasset
[2015.05.10-14.43.57:509][  0]LogPackFactory: Content/MobileStarterContent/Materials/M_Brick_Clay_Beveled.uasset (84951) -> ../../../../../../Users/coroha/Documents/Unreal Projects/SamuraiGame/Content/MobileStarterContent/Materials/M_Brick_Clay_Beveled.uasset
[2015.05.10-14.43.57:512][  0]LogPackFactory: Content/MobileStarterContent/Materials/M_Brick_Clay_New.uasset (127544) -> ../../../../../../Users/coroha/Documents/Unreal Projects/SamuraiGame/Content/MobileStarterContent/Materials/M_Brick_Clay_New.uasset
[2015.05.10-14.43.57:515][  0]LogPackFactory: Content/MobileStarterContent/Materials/M_Brick_Clay_Old.uasset (97540) -> ../../../../../../Users/coroha/Documents/Unreal Projects/SamuraiGame/Content/MobileStarterContent/Materials/M_Brick_Clay_Old.uasset
[2015.05.10-14.43.57:519][  0]LogPackFactory: Content/MobileStarterContent/Materials/M_Brick_Cut_Stone.uasset (95824) -> ../../../../../../Users/coroha/Documents/Unreal Projects/SamuraiGame/Content/MobileStarterContent/Materials/M_Brick_Cut_Stone.uasset
[2015.05.10-14.43.57:521][  0]LogPackFactory: Content/MobileStarterContent/Materials/M_Brick_Hewn_Stone.uasset (90707) -> ../../../../../../Users/coroha/Documents/Unreal Projects/SamuraiGame/Content/MobileStarterContent/Materials/M_Brick_Hewn_Stone.uasset
[2015.05.10-14.43.57:524][  0]LogPackFactory: Content/MobileStarterContent/Materials/M_Ceramic_Tile_Checker.uasset (88130) -> ../../../../../../Users/coroha/Documents/Unreal Projects/SamuraiGame/Content/MobileStarterContent/Materials/M_Ceramic_Tile_Checker.uasset
[2015.05.10-14.43.57:526][  0]LogPackFactory: Content/MobileStarterContent/Materials/M_CobbleStone_Pebble.uasset (104034) -> ../../../../../../Users/coroha/Documents/Unreal Projects/SamuraiGame/Content/MobileStarterContent/Materials/M_CobbleStone_Pebble.uasset
[2015.05.10-14.43.57:529][  0]LogPackFactory: Content/MobileStarterContent/Materials/M_CobbleStone_Rough.uasset (101365) -> ../../../../../../Users/coroha/Documents/Unreal Projects/SamuraiGame/Content/MobileStarterContent/Materials/M_CobbleStone_Rough.uasset
[2015.05.10-14.43.57:532][  0]LogPackFactory: Content/MobileStarterContent/Materials/M_CobbleStone_Smooth.uasset (92968) -> ../../../../../../Users/coroha/Documents/Unreal Projects/SamuraiGame/Content/MobileStarterContent/Materials/M_CobbleStone_Smooth.uasset
[2015.05.10-14.43.57:535][  0]LogPackFactory: Content/MobileStarterContent/Materials/M_Concrete_Grime.uasset (90402) -> ../../../../../../Users/coroha/Documents/Unreal Projects/SamuraiGame/Content/MobileStarterContent/Materials/M_Concrete_Grime.uasset
[2015.05.10-14.43.57:538][  0]LogPackFactory: Content/MobileStarterContent/Materials/M_Concrete_Panels.uasset (74391) -> ../../../../../../Users/coroha/Documents/Unreal Projects/SamuraiGame/Content/MobileStarterContent/Materials/M_Concrete_Panels.uasset
[2015.05.10-14.43.57:540][  0]LogPackFactory: Content/MobileStarterContent/Materials/M_Concrete_Poured.uasset (72734) -> ../../../../../../Users/coroha/Documents/Unreal Projects/SamuraiGame/Content/MobileStarterContent/Materials/M_Concrete_Poured.uasset
[2015.05.10-14.43.57:543][  0]LogPackFactory: Content/MobileStarterContent/Materials/M_Concrete_Tiles.uasset (77798) -> ../../../../../../Users/coroha/Documents/Unreal Projects/SamuraiGame/Content/MobileStarterContent/Materials/M_Concrete_Tiles.uasset
[2015.05.10-14.43.57:547][  0]LogPackFactory: Content/MobileStarterContent/Materials/M_Glass.uasset (60074) -> ../../../../../../Users/coroha/Documents/Unreal Projects/SamuraiGame/Content/MobileStarterContent/Materials/M_Glass.uasset
[2015.05.10-14.43.57:550][  0]LogPackFactory: Content/MobileStarterContent/Materials/M_Ground_Grass.uasset (88876) -> ../../../../../../Users/coroha/Documents/Unreal Projects/SamuraiGame/Content/MobileStarterContent/Materials/M_Ground_Grass.uasset
[2015.05.10-14.43.57:554][  0]LogPackFactory: Content/MobileStarterContent/Materials/M_Ground_Gravel.uasset (81727) -> ../../../../../../Users/coroha/Documents/Unreal Projects/SamuraiGame/Content/MobileStarterContent/Materials/M_Ground_Gravel.uasset
[2015.05.10-14.43.57:557][  0]LogPackFactory: Content/MobileStarterContent/Materials/M_Ground_Moss.uasset (95832) -> ../../../../../../Users/coroha/Documents/Unreal Projects/SamuraiGame/Content/MobileStarterContent/Materials/M_Ground_Moss.uasset
[2015.05.10-14.43.57:560][  0]LogPackFactory: Content/MobileStarterContent/Materials/M_Metal_Brushed_Nickel.uasset (78271) -> ../../../../../../Users/coroha/Documents/Unreal Projects/SamuraiGame/Content/MobileStarterContent/Materials/M_Metal_Brushed_Nickel.uasset
[2015.05.10-14.43.57:562][  0]LogPackFactory: Content/MobileStarterContent/Materials/M_Metal_Burnished_Steel.uasset (84287) -> ../../../../../../Users/coroha/Documents/Unreal Projects/SamuraiGame/Content/MobileStarterContent/Materials/M_Metal_Burnished_Steel.uasset
[2015.05.10-14.43.57:564][  0]LogPackFactory: Content/MobileStarterContent/Materials/M_Metal_Chrome.uasset (80785) -> ../../../../../../Users/coroha/Documents/Unreal Projects/SamuraiGame/Content/MobileStarterContent/Materials/M_Metal_Chrome.uasset
[2015.05.10-14.43.57:568][  0]LogPackFactory: Content/MobileStarterContent/Materials/M_Metal_Copper.uasset (82291) -> ../../../../../../Users/coroha/Documents/Unreal Projects/SamuraiGame/Content/MobileStarterContent/Materials/M_Metal_Copper.uasset
[2015.05.10-14.43.57:570][  0]LogPackFactory: Content/MobileStarterContent/Materials/M_Metal_Gold.uasset (90982) -> ../../../../../../Users/coroha/Documents/Unreal Projects/SamuraiGame/Content/MobileStarterContent/Materials/M_Metal_Gold.uasset
[2015.05.10-14.43.57:574][  0]LogPackFactory: Content/MobileStarterContent/Materials/M_Metal_Rust.uasset (91587) -> ../../../../../../Users/coroha/Documents/Unreal Projects/SamuraiGame/Content/MobileStarterContent/Materials/M_Metal_Rust.uasset
[2015.05.10-14.43.57:577][  0]LogPackFactory: Content/MobileStarterContent/Materials/M_Metal_Steel.uasset (90616) -> ../../../../../../Users/coroha/Documents/Unreal Projects/SamuraiGame/Content/MobileStarterContent/Materials/M_Metal_Steel.uasset
[2015.05.10-14.43.57:579][  0]LogPackFactory: Content/MobileStarterContent/Materials/M_Rock_Basalt.uasset (96458) -> ../../../../../../Users/coroha/Documents/Unreal Projects/SamuraiGame/Content/MobileStarterContent/Materials/M_Rock_Basalt.uasset
[2015.05.10-14.43.57:582][  0]LogPackFactory: Content/MobileStarterContent/Materials/M_Rock_Marble_Polished.uasset (74066) -> ../../../../../../Users/coroha/Documents/Unreal Projects/SamuraiGame/Content/MobileStarterContent/Materials/M_Rock_Marble_Polished.uasset
[2015.05.10-14.43.57:584][  0]LogPackFactory: Content/MobileStarterContent/Materials/M_Rock_Sandstone.uasset (83616) -> ../../../../../../Users/coroha/Documents/Unreal Projects/SamuraiGame/Content/MobileStarterContent/Materials/M_Rock_Sandstone.uasset
[2015.05.10-14.43.57:587][  0]LogPackFactory: Content/MobileStarterContent/Materials/M_Rock_Slate.uasset (83191) -> ../../../../../../Users/coroha/Documents/Unreal Projects/SamuraiGame/Content/MobileStarterContent/Materials/M_Rock_Slate.uasset
[2015.05.10-14.43.57:590][  0]LogPackFactory: Content/MobileStarterContent/Materials/M_Tech_Checker_Dot.uasset (101020) -> ../../../../../../Users/coroha/Documents/Unreal Projects/SamuraiGame/Content/MobileStarterContent/Materials/M_Tech_Checker_Dot.uasset
[2015.05.10-14.43.57:592][  0]LogPackFactory: Content/MobileStarterContent/Materials/M_Tech_Hex_Tile.uasset (141744) -> ../../../../../../Users/coroha/Documents/Unreal Projects/SamuraiGame/Content/MobileStarterContent/Materials/M_Tech_Hex_Tile.uasset
[2015.05.10-14.43.57:596][  0]LogPackFactory: Content/MobileStarterContent/Materials/M_Tech_Hex_Tile_Pulse.uasset (110373) -> ../../../../../../Users/coroha/Documents/Unreal Projects/SamuraiGame/Content/MobileStarterContent/Materials/M_Tech_Hex_Tile_Pulse.uasset
[2015.05.10-14.43.57:599][  0]LogPackFactory: Content/MobileStarterContent/Materials/M_Tech_Panel.uasset (79936) -> ../../../../../../Users/coroha/Documents/Unreal Projects/SamuraiGame/Content/MobileStarterContent/Materials/M_Tech_Panel.uasset
[2015.05.10-14.43.57:602][  0]LogPackFactory: Content/MobileStarterContent/Materials/M_Water_Lake.uasset (107584) -> ../../../../../../Users/coroha/Documents/Unreal Projects/SamuraiGame/Content/MobileStarterContent/Materials/M_Water_Lake.uasset
[2015.05.10-14.43.57:605][  0]LogPackFactory: Content/MobileStarterContent/Materials/M_Water_Ocean.uasset (107328) -> ../../../../../../Users/coroha/Documents/Unreal Projects/SamuraiGame/Content/MobileStarterContent/Materials/M_Water_Ocean.uasset
[2015.05.10-14.43.57:608][  0]LogPackFactory: Content/MobileStarterContent/Materials/M_Wood_Floor_Walnut_Polished.uasset (94677) -> ../../../../../../Users/coroha/Documents/Unreal Projects/SamuraiGame/Content/MobileStarterContent/Materials/M_Wood_Floor_Walnut_Polished.uasset
[2015.05.10-14.43.57:611][  0]LogPackFactory: Content/MobileStarterContent/Materials/M_Wood_Floor_Walnut_Worn.uasset (88910) -> ../../../../../../Users/coroha/Documents/Unreal Projects/SamuraiGame/Content/MobileStarterContent/Materials/M_Wood_Floor_Walnut_Worn.uasset
[2015.05.10-14.43.57:615][  0]LogPackFactory: Content/MobileStarterContent/Materials/M_Wood_Oak.uasset (99897) -> ../../../../../../Users/coroha/Documents/Unreal Projects/SamuraiGame/Content/MobileStarterContent/Materials/M_Wood_Oak.uasset
[2015.05.10-14.43.57:617][  0]LogPackFactory: Content/MobileStarterContent/Materials/M_Wood_Pine.uasset (81453) -> ../../../../../../Users/coroha/Documents/Unreal Projects/SamuraiGame/Content/MobileStarterContent/Materials/M_Wood_Pine.uasset
[2015.05.10-14.43.57:620][  0]LogPackFactory: Content/MobileStarterContent/Materials/M_Wood_Walnut.uasset (92372) -> ../../../../../../Users/coroha/Documents/Unreal Projects/SamuraiGame/Content/MobileStarterContent/Materials/M_Wood_Walnut.uasset
[2015.05.10-14.43.57:622][  0]LogPackFactory: Content/MobileStarterContent/Particles/Materials/M_Burst.uasset (62246) -> ../../../../../../Users/coroha/Documents/Unreal Projects/SamuraiGame/Content/MobileStarterContent/Particles/Materials/M_Burst.uasset
[2015.05.10-14.43.57:625][  0]LogPackFactory: Content/MobileStarterContent/Particles/Materials/M_Dust_Particle.uasset (58015) -> ../../../../../../Users/coroha/Documents/Unreal Projects/SamuraiGame/Content/MobileStarterContent/Particles/Materials/M_Dust_Particle.uasset
[2015.05.10-14.43.57:628][  0]LogPackFactory: Content/MobileStarterContent/Particles/Materials/M_explosion_subUV.uasset (71128) -> ../../../../../../Users/coroha/Documents/Unreal Projects/SamuraiGame/Content/MobileStarterContent/Particles/Materials/M_explosion_subUV.uasset
[2015.05.10-14.43.57:678][  0]LogPackFactory: Content/MobileStarterContent/Particles/Materials/M_Fire_SubUV.uasset (74295) -> ../../../../../../Users/coroha/Documents/Unreal Projects/SamuraiGame/Content/MobileStarterContent/Particles/Materials/M_Fire_SubUV.uasset
[2015.05.10-14.43.57:681][  0]LogPackFactory: Content/MobileStarterContent/Particles/Materials/m_flare_01.uasset (61818) -> ../../../../../../Users/coroha/Documents/Unreal Projects/SamuraiGame/Content/MobileStarterContent/Particles/Materials/m_flare_01.uasset
[2015.05.10-14.43.57:684][  0]LogPackFactory: Content/MobileStarterContent/Particles/Materials/M_Radial_Gradient.uasset (58624) -> ../../../../../../Users/coroha/Documents/Unreal Projects/SamuraiGame/Content/MobileStarterContent/Particles/Materials/M_Radial_Gradient.uasset
[2015.05.10-14.43.57:687][  0]LogPackFactory: Content/MobileStarterContent/Particles/Materials/M_radial_ramp.uasset (58824) -> ../../../../../../Users/coroha/Documents/Unreal Projects/SamuraiGame/Content/MobileStarterContent/Particles/Materials/M_radial_ramp.uasset
[2015.05.10-14.43.57:690][  0]LogPackFactory: Content/MobileStarterContent/Particles/Materials/M_smoke_subUV.uasset (79963) -> ../../../../../../Users/coroha/Documents/Unreal Projects/SamuraiGame/Content/MobileStarterContent/Particles/Materials/M_smoke_subUV.uasset
[2015.05.10-14.43.57:692][  0]LogPackFactory: Content/MobileStarterContent/Particles/Materials/M_Spark.uasset (60695) -> ../../../../../../Users/coroha/Documents/Unreal Projects/SamuraiGame/Content/MobileStarterContent/Particles/Materials/M_Spark.uasset
[2015.05.10-14.43.57:695][  0]LogPackFactory: Content/MobileStarterContent/Particles/P_Ambient_Dust.uasset (38880) -> ../../../../../../Users/coroha/Documents/Unreal Projects/SamuraiGame/Content/MobileStarterContent/Particles/P_Ambient_Dust.uasset
[2015.05.10-14.43.57:698][  0]LogPackFactory: Content/MobileStarterContent/Particles/P_Explosion.uasset (277416) -> ../../../../../../Users/coroha/Documents/Unreal Projects/SamuraiGame/Content/MobileStarterContent/Particles/P_Explosion.uasset
[2015.05.10-14.43.57:701][  0]LogPackFactory: Content/MobileStarterContent/Particles/P_Fire.uasset (238519) -> ../../../../../../Users/coroha/Documents/Unreal Projects/SamuraiGame/Content/MobileStarterContent/Particles/P_Fire.uasset
[2015.05.10-14.43.57:704][  0]LogPackFactory: Content/MobileStarterContent/Particles/P_Smoke.uasset (65116) -> ../../../../../../Users/coroha/Documents/Unreal Projects/SamuraiGame/Content/MobileStarterContent/Particles/P_Smoke.uasset
[2015.05.10-14.43.57:706][  0]LogPackFactory: Content/MobileStarterContent/Particles/P_Sparks.uasset (168630) -> ../../../../../../Users/coroha/Documents/Unreal Projects/SamuraiGame/Content/MobileStarterContent/Particles/P_Sparks.uasset
[2015.05.10-14.43.57:709][  0]LogPackFactory: Content/MobileStarterContent/Props/Materials/M_Bush.uasset (120947) -> ../../../../../../Users/coroha/Documents/Unreal Projects/SamuraiGame/Content/MobileStarterContent/Props/Materials/M_Bush.uasset
[2015.05.10-14.43.57:712][  0]LogPackFactory: Content/MobileStarterContent/Props/Materials/M_Chair.uasset (94409) -> ../../../../../../Users/coroha/Documents/Unreal Projects/SamuraiGame/Content/MobileStarterContent/Props/Materials/M_Chair.uasset
[2015.05.10-14.43.57:714][  0]LogPackFactory: Content/MobileStarterContent/Props/Materials/M_Door.uasset (94099) -> ../../../../../../Users/coroha/Documents/Unreal Projects/SamuraiGame/Content/MobileStarterContent/Props/Materials/M_Door.uasset
[2015.05.10-14.43.57:717][  0]LogPackFactory: Content/MobileStarterContent/Props/Materials/M_Frame.uasset (82036) -> ../../../../../../Users/coroha/Documents/Unreal Projects/SamuraiGame/Content/MobileStarterContent/Props/Materials/M_Frame.uasset
[2015.05.10-14.43.57:720][  0]LogPackFactory: Content/MobileStarterContent/Props/Materials/M_Lamp.uasset (93505) -> ../../../../../../Users/coroha/Documents/Unreal Projects/SamuraiGame/Content/MobileStarterContent/Props/Materials/M_Lamp.uasset
[2015.05.10-14.43.57:723][  0]LogPackFactory: Content/MobileStarterContent/Props/Materials/M_MaterialSphere.uasset (75685) -> ../../../../../../Users/coroha/Documents/Unreal Projects/SamuraiGame/Content/MobileStarterContent/Props/Materials/M_MaterialSphere.uasset
[2015.05.10-14.43.57:726][  0]LogPackFactory: Content/MobileStarterContent/Props/Materials/M_MaterialSphere_Plain.uasset (65561) -> ../../../../../../Users/coroha/Documents/Unreal Projects/SamuraiGame/Content/MobileStarterContent/Props/Materials/M_MaterialSphere_Plain.uasset
[2015.05.10-14.43.57:728][  0]LogPackFactory: Content/MobileStarterContent/Props/Materials/M_Rock.uasset (96676) -> ../../../../../../Users/coroha/Documents/Unreal Projects/SamuraiGame/Content/MobileStarterContent/Props/Materials/M_Rock.uasset
[2015.05.10-14.43.57:731][  0]LogPackFactory: Content/MobileStarterContent/Props/Materials/M_Shelf.uasset (87346) -> ../../../../../../Users/coroha/Documents/Unreal Projects/SamuraiGame/Content/MobileStarterContent/Props/Materials/M_Shelf.uasset
[2015.05.10-14.43.57:734][  0]LogPackFactory: Content/MobileStarterContent/Props/Materials/M_Statue.uasset (76771) -> ../../../../../../Users/coroha/Documents/Unreal Projects/SamuraiGame/Content/MobileStarterContent/Props/Materials/M_Statue.uasset
[2015.05.10-14.43.57:737][  0]LogPackFactory: Content/MobileStarterContent/Props/Materials/M_StatueGlass.uasset (63560) -> ../../../../../../Users/coroha/Documents/Unreal Projects/SamuraiGame/Content/MobileStarterContent/Props/Materials/M_StatueGlass.uasset
[2015.05.10-14.43.57:739][  0]LogPackFactory: Content/MobileStarterContent/Props/Materials/M_TableRound.uasset (97672) -> ../../../../../../Users/coroha/Documents/Unreal Projects/SamuraiGame/Content/MobileStarterContent/Props/Materials/M_TableRound.uasset
[2015.05.10-14.43.57:742][  0]LogPackFactory: Content/MobileStarterContent/Props/MaterialSphere.uasset (185932) -> ../../../../../../Users/coroha/Documents/Unreal Projects/SamuraiGame/Content/MobileStarterContent/Props/MaterialSphere.uasset
[2015.05.10-14.43.57:748][  0]LogPackFactory: Content/MobileStarterContent/Props/SM_Bush.uasset (191455) -> ../../../../../../Users/coroha/Documents/Unreal Projects/SamuraiGame/Content/MobileStarterContent/Props/SM_Bush.uasset
[2015.05.10-14.43.57:756][  0]LogPackFactory: Content/MobileStarterContent/Props/SM_Chair.uasset (228921) -> ../../../../../../Users/coroha/Documents/Unreal Projects/SamuraiGame/Content/MobileStarterContent/Props/SM_Chair.uasset
[2015.05.10-14.43.57:763][  0]LogPackFactory: Content/MobileStarterContent/Props/SM_CornerFrame.uasset (105881) -> ../../../../../../Users/coroha/Documents/Unreal Projects/SamuraiGame/Content/MobileStarterContent/Props/SM_CornerFrame.uasset
[2015.05.10-14.43.57:769][  0]LogPackFactory: Content/MobileStarterContent/Props/SM_Couch.uasset (268421) -> ../../../../../../Users/coroha/Documents/Unreal Projects/SamuraiGame/Content/MobileStarterContent/Props/SM_Couch.uasset
[2015.05.10-14.43.57:784][  0]LogPackFactory: Content/MobileStarterContent/Props/SM_Door.uasset (228029) -> ../../../../../../Users/coroha/Documents/Unreal Projects/SamuraiGame/Content/MobileStarterContent/Props/SM_Door.uasset
[2015.05.10-14.43.57:790][  0]LogPackFactory: Content/MobileStarterContent/Props/SM_DoorFrame.uasset (77659) -> ../../../../../../Users/coroha/Documents/Unreal Projects/SamuraiGame/Content/MobileStarterContent/Props/SM_DoorFrame.uasset
[2015.05.10-14.43.57:798][  0]LogPackFactory: Content/MobileStarterContent/Props/SM_GlassWindow.uasset (110490) -> ../../../../../../Users/coroha/Documents/Unreal Projects/SamuraiGame/Content/MobileStarterContent/Props/SM_GlassWindow.uasset
[2015.05.10-14.43.57:806][  0]LogPackFactory: Content/MobileStarterContent/Props/SM_Lamp_Ceiling.uasset (333391) -> ../../../../../../Users/coroha/Documents/Unreal Projects/SamuraiGame/Content/MobileStarterContent/Props/SM_Lamp_Ceiling.uasset
[2015.05.10-14.43.57:813][  0]LogPackFactory: Content/MobileStarterContent/Props/SM_Lamp_Wall.uasset (162454) -> ../../../../../../Users/coroha/Documents/Unreal Projects/SamuraiGame/Content/MobileStarterContent/Props/SM_Lamp_Wall.uasset
[2015.05.10-14.43.57:820][  0]LogPackFactory: Content/MobileStarterContent/Props/SM_MatPreviewMesh_02.uasset (2401169) -> ../../../../../../Users/coroha/Documents/Unreal Projects/SamuraiGame/Content/MobileStarterContent/Props/SM_MatPreviewMesh_02.uasset
[2015.05.10-14.43.57:832][  0]LogPackFactory: Content/MobileStarterContent/Props/SM_PillarFrame.uasset (136757) -> ../../../../../../Users/coroha/Documents/Unreal Projects/SamuraiGame/Content/MobileStarterContent/Props/SM_PillarFrame.uasset
[2015.05.10-14.43.57:838][  0]LogPackFactory: Content/MobileStarterContent/Props/SM_PillarFrame300.uasset (134774) -> ../../../../../../Users/coroha/Documents/Unreal Projects/SamuraiGame/Content/MobileStarterContent/Props/SM_PillarFrame300.uasset
[2015.05.10-14.43.57:844][  0]LogPackFactory: Content/MobileStarterContent/Props/SM_Rock.uasset (186976) -> ../../../../../../Users/coroha/Documents/Unreal Projects/SamuraiGame/Content/MobileStarterContent/Props/SM_Rock.uasset
[2015.05.10-14.43.57:850][  0]LogPackFactory: Content/MobileStarterContent/Props/SM_Shelf.uasset (129175) -> ../../../../../../Users/coroha/Documents/Unreal Projects/SamuraiGame/Content/MobileStarterContent/Props/SM_Shelf.uasset
[2015.05.10-14.43.57:856][  0]LogPackFactory: Content/MobileStarterContent/Props/SM_Stairs.uasset (86353) -> ../../../../../../Users/coroha/Documents/Unreal Projects/SamuraiGame/Content/MobileStarterContent/Props/SM_Stairs.uasset
[2015.05.10-14.43.57:861][  0]LogPackFactory: Content/MobileStarterContent/Props/SM_Statue.uasset (551703) -> ../../../../../../Users/coroha/Documents/Unreal Projects/SamuraiGame/Content/MobileStarterContent/Props/SM_Statue.uasset
[2015.05.10-14.43.57:867][  0]LogPackFactory: Content/MobileStarterContent/Props/SM_TableRound.uasset (542067) -> ../../../../../../Users/coroha/Documents/Unreal Projects/SamuraiGame/Content/MobileStarterContent/Props/SM_TableRound.uasset
[2015.05.10-14.43.57:873][  0]LogPackFactory: Content/MobileStarterContent/Props/SM_WindowFrame.uasset (80607) -> ../../../../../../Users/coroha/Documents/Unreal Projects/SamuraiGame/Content/MobileStarterContent/Props/SM_WindowFrame.uasset
[2015.05.10-14.43.57:879][  0]LogPackFactory: Content/MobileStarterContent/Shapes/Shape_Cone.uasset (104471) -> ../../../../../../Users/coroha/Documents/Unreal Projects/SamuraiGame/Content/MobileStarterContent/Shapes/Shape_Cone.uasset
[2015.05.10-14.43.57:885][  0]LogPackFactory: Content/MobileStarterContent/Shapes/Shape_Cube.uasset (63431) -> ../../../../../../Users/coroha/Documents/Unreal Projects/SamuraiGame/Content/MobileStarterContent/Shapes/Shape_Cube.uasset
[2015.05.10-14.43.57:892][  0]LogPackFactory: Content/MobileStarterContent/Shapes/Shape_Cylinder.uasset (119855) -> ../../../../../../Users/coroha/Documents/Unreal Projects/SamuraiGame/Content/MobileStarterContent/Shapes/Shape_Cylinder.uasset
[2015.05.10-14.43.57:899][  0]LogPackFactory: Content/MobileStarterContent/Shapes/Shape_NarrowCapsule.uasset (224929) -> ../../../../../../Users/coroha/Documents/Unreal Projects/SamuraiGame/Content/MobileStarterContent/Shapes/Shape_NarrowCapsule.uasset
[2015.05.10-14.43.57:906][  0]LogPackFactory: Content/MobileStarterContent/Shapes/Shape_Pipe.uasset (94151) -> ../../../../../../Users/coroha/Documents/Unreal Projects/SamuraiGame/Content/MobileStarterContent/Shapes/Shape_Pipe.uasset
[2015.05.10-14.43.57:913][  0]LogPackFactory: Content/MobileStarterContent/Shapes/Shape_Pipe_180.uasset (202773) -> ../../../../../../Users/coroha/Documents/Unreal Projects/SamuraiGame/Content/MobileStarterContent/Shapes/Shape_Pipe_180.uasset
[2015.05.10-14.43.57:922][  0]LogPackFactory: Content/MobileStarterContent/Shapes/Shape_Pipe_90.uasset (133558) -> ../../../../../../Users/coroha/Documents/Unreal Projects/SamuraiGame/Content/MobileStarterContent/Shapes/Shape_Pipe_90.uasset
[2015.05.10-14.43.57:926][  0]LogPackFactory: Content/MobileStarterContent/Shapes/Shape_Plane.uasset (56047) -> ../../../../../../Users/coroha/Documents/Unreal Projects/SamuraiGame/Content/MobileStarterContent/Shapes/Shape_Plane.uasset
[2015.05.10-14.43.57:930][  0]LogPackFactory: Content/MobileStarterContent/Shapes/Shape_QuadPyramid.uasset (55241) -> ../../../../../../Users/coroha/Documents/Unreal Projects/SamuraiGame/Content/MobileStarterContent/Shapes/Shape_QuadPyramid.uasset
[2015.05.10-14.43.57:933][  0]LogPackFactory: Content/MobileStarterContent/Shapes/Shape_Sphere.uasset (274206) -> ../../../../../../Users/coroha/Documents/Unreal Projects/SamuraiGame/Content/MobileStarterContent/Shapes/Shape_Sphere.uasset
[2015.05.10-14.43.57:936][  0]LogPackFactory: Content/MobileStarterContent/Shapes/Shape_Torus.uasset (570809) -> ../../../../../../Users/coroha/Documents/Unreal Projects/SamuraiGame/Content/MobileStarterContent/Shapes/Shape_Torus.uasset
[2015.05.10-14.43.57:939][  0]LogPackFactory: Content/MobileStarterContent/Shapes/Shape_Trim.uasset (67314) -> ../../../../../../Users/coroha/Documents/Unreal Projects/SamuraiGame/Content/MobileStarterContent/Shapes/Shape_Trim.uasset
[2015.05.10-14.43.57:942][  0]LogPackFactory: Content/MobileStarterContent/Shapes/Shape_Trim_90_In.uasset (94187) -> ../../../../../../Users/coroha/Documents/Unreal Projects/SamuraiGame/Content/MobileStarterContent/Shapes/Shape_Trim_90_In.uasset
[2015.05.10-14.43.57:946][  0]LogPackFactory: Content/MobileStarterContent/Shapes/Shape_Trim_90_Out.uasset (95829) -> ../../../../../../Users/coroha/Documents/Unreal Projects/SamuraiGame/Content/MobileStarterContent/Shapes/Shape_Trim_90_Out.uasset
[2015.05.10-14.43.57:950][  0]LogPackFactory: Content/MobileStarterContent/Shapes/Shape_TriPyramid.uasset (56742) -> ../../../../../../Users/coroha/Documents/Unreal Projects/SamuraiGame/Content/MobileStarterContent/Shapes/Shape_TriPyramid.uasset
[2015.05.10-14.43.57:954][  0]LogPackFactory: Content/MobileStarterContent/Shapes/Shape_Tube.uasset (203842) -> ../../../../../../Users/coroha/Documents/Unreal Projects/SamuraiGame/Content/MobileStarterContent/Shapes/Shape_Tube.uasset
[2015.05.10-14.43.57:957][  0]LogPackFactory: Content/MobileStarterContent/Shapes/Shape_Wedge_A.uasset (58383) -> ../../../../../../Users/coroha/Documents/Unreal Projects/SamuraiGame/Content/MobileStarterContent/Shapes/Shape_Wedge_A.uasset
[2015.05.10-14.43.57:960][  0]LogPackFactory: Content/MobileStarterContent/Shapes/Shape_Wedge_B.uasset (54046) -> ../../../../../../Users/coroha/Documents/Unreal Projects/SamuraiGame/Content/MobileStarterContent/Shapes/Shape_Wedge_B.uasset
[2015.05.10-14.43.57:963][  0]LogPackFactory: Content/MobileStarterContent/Shapes/Shape_WideCapsule.uasset (159733) -> ../../../../../../Users/coroha/Documents/Unreal Projects/SamuraiGame/Content/MobileStarterContent/Shapes/Shape_WideCapsule.uasset
[2015.05.10-14.43.57:966][  0]LogPackFactory: Content/MobileStarterContent/Textures/T_Brick_Clay_Beveled_D.uasset (2014733) -> ../../../../../../Users/coroha/Documents/Unreal Projects/SamuraiGame/Content/MobileStarterContent/Textures/T_Brick_Clay_Beveled_D.uasset
[2015.05.10-14.43.57:970][  0]LogPackFactory: Content/MobileStarterContent/Textures/T_Brick_Clay_Beveled_M.uasset (2106171) -> ../../../../../../Users/coroha/Documents/Unreal Projects/SamuraiGame/Content/MobileStarterContent/Textures/T_Brick_Clay_Beveled_M.uasset
[2015.05.10-14.43.57:975][  0]LogPackFactory: Content/MobileStarterContent/Textures/T_Brick_Clay_Beveled_N.uasset (1822388) -> ../../../../../../Users/coroha/Documents/Unreal Projects/SamuraiGame/Content/MobileStarterContent/Textures/T_Brick_Clay_Beveled_N.uasset
[2015.05.10-14.43.57:980][  0]LogPackFactory: Content/MobileStarterContent/Textures/T_Brick_Clay_New_D.uasset (1595506) -> ../../../../../../Users/coroha/Documents/Unreal Projects/SamuraiGame/Content/MobileStarterContent/Textures/T_Brick_Clay_New_D.uasset
[2015.05.10-14.43.57:985][  0]LogPackFactory: Content/MobileStarterContent/Textures/T_Brick_Clay_New_M.uasset (2327522) -> ../../../../../../Users/coroha/Documents/Unreal Projects/SamuraiGame/Content/MobileStarterContent/Textures/T_Brick_Clay_New_M.uasset
[2015.05.10-14.43.57:990][  0]LogPackFactory: Content/MobileStarterContent/Textures/T_Brick_Clay_New_N.uasset (1933637) -> ../../../../../../Users/coroha/Documents/Unreal Projects/SamuraiGame/Content/MobileStarterContent/Textures/T_Brick_Clay_New_N.uasset
[2015.05.10-14.43.57:994][  0]LogPackFactory: Content/MobileStarterContent/Textures/T_Brick_Clay_Old_D.uasset (3054952) -> ../../../../../../Users/coroha/Documents/Unreal Projects/SamuraiGame/Content/MobileStarterContent/Textures/T_Brick_Clay_Old_D.uasset
[2015.05.10-14.43.57:999][  0]LogPackFactory: Content/MobileStarterContent/Textures/T_Brick_Clay_Old_N.uasset (2187230) -> ../../../../../../Users/coroha/Documents/Unreal Projects/SamuraiGame/Content/MobileStarterContent/Textures/T_Brick_Clay_Old_N.uasset
[2015.05.10-14.43.58:003][  0]LogPackFactory: Content/MobileStarterContent/Textures/T_Brick_Cut_Stone_D.uasset (3388564) -> ../../../../../../Users/coroha/Documents/Unreal Projects/SamuraiGame/Content/MobileStarterContent/Textures/T_Brick_Cut_Stone_D.uasset
[2015.05.10-14.43.58:009][  0]LogPackFactory: Content/MobileStarterContent/Textures/T_Brick_Cut_Stone_N.uasset (1859435) -> ../../../../../../Users/coroha/Documents/Unreal Projects/SamuraiGame/Content/MobileStarterContent/Textures/T_Brick_Cut_Stone_N.uasset
[2015.05.10-14.43.58:013][  0]LogPackFactory: Content/MobileStarterContent/Textures/T_Brick_Hewn_Stone_D.uasset (1981342) -> ../../../../../../Users/coroha/Documents/Unreal Projects/SamuraiGame/Content/MobileStarterContent/Textures/T_Brick_Hewn_Stone_D.uasset
[2015.05.10-14.43.58:018][  0]LogPackFactory: Content/MobileStarterContent/Textures/T_Brick_Hewn_Stone_M.uasset (1767525) -> ../../../../../../Users/coroha/Documents/Unreal Projects/SamuraiGame/Content/MobileStarterContent/Textures/T_Brick_Hewn_Stone_M.uasset
[2015.05.10-14.43.58:023][  0]LogPackFactory: Content/MobileStarterContent/Textures/T_Brick_Hewn_Stone_N.uasset (2261620) -> ../../../../../../Users/coroha/Documents/Unreal Projects/SamuraiGame/Content/MobileStarterContent/Textures/T_Brick_Hewn_Stone_N.uasset
[2015.05.10-14.43.58:028][  0]LogPackFactory: Content/MobileStarterContent/Textures/T_Burst_M.uasset (79632) -> ../../../../../../Users/coroha/Documents/Unreal Projects/SamuraiGame/Content/MobileStarterContent/Textures/T_Burst_M.uasset
[2015.05.10-14.43.58:031][  0]LogPackFactory: Content/MobileStarterContent/Textures/T_Bush_D.uasset (214500) -> ../../../../../../Users/coroha/Documents/Unreal Projects/SamuraiGame/Content/MobileStarterContent/Textures/T_Bush_D.uasset
[2015.05.10-14.43.58:034][  0]LogPackFactory: Content/MobileStarterContent/Textures/T_Bush_N.uasset (164145) -> ../../../../../../Users/coroha/Documents/Unreal Projects/SamuraiGame/Content/MobileStarterContent/Textures/T_Bush_N.uasset
[2015.05.10-14.43.58:037][  0]LogPackFactory: Content/MobileStarterContent/Textures/T_Ceramic_Tile_M.uasset (98811) -> ../../../../../../Users/coroha/Documents/Unreal Projects/SamuraiGame/Content/MobileStarterContent/Textures/T_Ceramic_Tile_M.uasset
[2015.05.10-14.43.58:041][  0]LogPackFactory: Content/MobileStarterContent/Textures/T_Ceramic_Tile_N.uasset (82800) -> ../../../../../../Users/coroha/Documents/Unreal Projects/SamuraiGame/Content/MobileStarterContent/Textures/T_Ceramic_Tile_N.uasset
[2015.05.10-14.43.58:044][  0]LogPackFactory: Content/MobileStarterContent/Textures/T_Chair_M.uasset (264176) -> ../../../../../../Users/coroha/Documents/Unreal Projects/SamuraiGame/Content/MobileStarterContent/Textures/T_Chair_M.uasset
[2015.05.10-14.43.58:046][  0]LogPackFactory: Content/MobileStarterContent/Textures/T_Chair_N.uasset (609624) -> ../../../../../../Users/coroha/Documents/Unreal Projects/SamuraiGame/Content/MobileStarterContent/Textures/T_Chair_N.uasset
[2015.05.10-14.43.58:049][  0]LogPackFactory: Content/MobileStarterContent/Textures/T_Checker_Noise_M.uasset (130126) -> ../../../../../../Users/coroha/Documents/Unreal Projects/SamuraiGame/Content/MobileStarterContent/Textures/T_Checker_Noise_M.uasset
[2015.05.10-14.43.58:052][  0]LogPackFactory: Content/MobileStarterContent/Textures/T_CobbleStone_Pebble_D.uasset (3003097) -> ../../../../../../Users/coroha/Documents/Unreal Projects/SamuraiGame/Content/MobileStarterContent/Textures/T_CobbleStone_Pebble_D.uasset
[2015.05.10-14.43.58:056][  0]LogPackFactory: Content/MobileStarterContent/Textures/T_CobbleStone_Pebble_M.uasset (400060) -> ../../../../../../Users/coroha/Documents/Unreal Projects/SamuraiGame/Content/MobileStarterContent/Textures/T_CobbleStone_Pebble_M.uasset
[2015.05.10-14.43.58:059][  0]LogPackFactory: Content/MobileStarterContent/Textures/T_CobbleStone_Pebble_N.uasset (2808663) -> ../../../../../../Users/coroha/Documents/Unreal Projects/SamuraiGame/Content/MobileStarterContent/Textures/T_CobbleStone_Pebble_N.uasset
[2015.05.10-14.43.58:063][  0]LogPackFactory: Content/MobileStarterContent/Textures/T_CobbleStone_Rough_D.uasset (788355) -> ../../../../../../Users/coroha/Documents/Unreal Projects/SamuraiGame/Content/MobileStarterContent/Textures/T_CobbleStone_Rough_D.uasset
[2015.05.10-14.43.58:066][  0]LogPackFactory: Content/MobileStarterContent/Textures/T_CobbleStone_Rough_N.uasset (751864) -> ../../../../../../Users/coroha/Documents/Unreal Projects/SamuraiGame/Content/MobileStarterContent/Textures/T_CobbleStone_Rough_N.uasset
[2015.05.10-14.43.58:070][  0]LogPackFactory: Content/MobileStarterContent/Textures/T_CobbleStone_Smooth_D.uasset (2060189) -> ../../../../../../Users/coroha/Documents/Unreal Projects/SamuraiGame/Content/MobileStarterContent/Textures/T_CobbleStone_Smooth_D.uasset
[2015.05.10-14.43.58:075][  0]LogPackFactory: Content/MobileStarterContent/Textures/T_CobbleStone_Smooth_M.uasset (1797918) -> ../../../../../../Users/coroha/Documents/Unreal Projects/SamuraiGame/Content/MobileStarterContent/Textures/T_CobbleStone_Smooth_M.uasset
[2015.05.10-14.43.58:080][  0]LogPackFactory: Content/MobileStarterContent/Textures/T_CobbleStone_Smooth_N.uasset (2288615) -> ../../../../../../Users/coroha/Documents/Unreal Projects/SamuraiGame/Content/MobileStarterContent/Textures/T_CobbleStone_Smooth_N.uasset
[2015.05.10-14.43.58:085][  0]LogPackFactory: Content/MobileStarterContent/Textures/T_Concrete_Grime_D.uasset (2959070) -> ../../../../../../Users/coroha/Documents/Unreal Projects/SamuraiGame/Content/MobileStarterContent/Textures/T_Concrete_Grime_D.uasset
[2015.05.10-14.43.58:089][  0]LogPackFactory: Content/MobileStarterContent/Textures/T_Concrete_Panels_D.uasset (2504766) -> ../../../../../../Users/coroha/Documents/Unreal Projects/SamuraiGame/Content/MobileStarterContent/Textures/T_Concrete_Panels_D.uasset
[2015.05.10-14.43.58:093][  0]LogPackFactory: Content/MobileStarterContent/Textures/T_Concrete_Panels_N.uasset (1617575) -> ../../../../../../Users/coroha/Documents/Unreal Projects/SamuraiGame/Content/MobileStarterContent/Textures/T_Concrete_Panels_N.uasset
[2015.05.10-14.43.58:097][  0]LogPackFactory: Content/MobileStarterContent/Textures/T_Concrete_Poured_D.uasset (2982686) -> ../../../../../../Users/coroha/Documents/Unreal Projects/SamuraiGame/Content/MobileStarterContent/Textures/T_Concrete_Poured_D.uasset
[2015.05.10-14.43.58:102][  0]LogPackFactory: Content/MobileStarterContent/Textures/T_Concrete_Poured_N.uasset (2065014) -> ../../../../../../Users/coroha/Documents/Unreal Projects/SamuraiGame/Content/MobileStarterContent/Textures/T_Concrete_Poured_N.uasset
[2015.05.10-14.43.58:106][  0]LogPackFactory: Content/MobileStarterContent/Textures/T_Concrete_Tiles_D.uasset (1378644) -> ../../../../../../Users/coroha/Documents/Unreal Projects/SamuraiGame/Content/MobileStarterContent/Textures/T_Concrete_Tiles_D.uasset
[2015.05.10-14.43.58:110][  0]LogPackFactory: Content/MobileStarterContent/Textures/T_Concrete_Tiles_M.uasset (1533975) -> ../../../../../../Users/coroha/Documents/Unreal Projects/SamuraiGame/Content/MobileStarterContent/Textures/T_Concrete_Tiles_M.uasset
[2015.05.10-14.43.58:114][  0]LogPackFactory: Content/MobileStarterContent/Textures/T_Concrete_Tiles_N.uasset (1459791) -> ../../../../../../Users/coroha/Documents/Unreal Projects/SamuraiGame/Content/MobileStarterContent/Textures/T_Concrete_Tiles_N.uasset
[2015.05.10-14.43.58:117][  0]LogPackFactory: Content/MobileStarterContent/Textures/T_Concrete_Tiles_Variation_M.uasset (5566) -> ../../../../../../Users/coroha/Documents/Unreal Projects/SamuraiGame/Content/MobileStarterContent/Textures/T_Concrete_Tiles_Variation_M.uasset
[2015.05.10-14.43.58:120][  0]LogPackFactory: Content/MobileStarterContent/Textures/T_Detail_Rocky_N.uasset (793381) -> ../../../../../../Users/coroha/Documents/Unreal Projects/SamuraiGame/Content/MobileStarterContent/Textures/T_Detail_Rocky_N.uasset
[2015.05.10-14.43.58:124][  0]LogPackFactory: Content/MobileStarterContent/Textures/T_Door_M.uasset (150500) -> ../../../../../../Users/coroha/Documents/Unreal Projects/SamuraiGame/Content/MobileStarterContent/Textures/T_Door_M.uasset
[2015.05.10-14.43.58:127][  0]LogPackFactory: Content/MobileStarterContent/Textures/T_Door_N.uasset (263889) -> ../../../../../../Users/coroha/Documents/Unreal Projects/SamuraiGame/Content/MobileStarterContent/Textures/T_Door_N.uasset
[2015.05.10-14.43.58:129][  0]LogPackFactory: Content/MobileStarterContent/Textures/T_Dust_Particle_D.uasset (12216) -> ../../../../../../Users/coroha/Documents/Unreal Projects/SamuraiGame/Content/MobileStarterContent/Textures/T_Dust_Particle_D.uasset
[2015.05.10-14.43.58:132][  0]LogPackFactory: Content/MobileStarterContent/Textures/T_Explosion_SubUV.uasset (926491) -> ../../../../../../Users/coroha/Documents/Unreal Projects/SamuraiGame/Content/MobileStarterContent/Textures/T_Explosion_SubUV.uasset
[2015.05.10-14.43.58:135][  0]LogPackFactory: Content/MobileStarterContent/Textures/T_Fire_SubUV.uasset (219210) -> ../../../../../../Users/coroha/Documents/Unreal Projects/SamuraiGame/Content/MobileStarterContent/Textures/T_Fire_SubUV.uasset
[2015.05.10-14.43.58:137][  0]LogPackFactory: Content/MobileStarterContent/Textures/T_Fire_Tiled_D.uasset (200522) -> ../../../../../../Users/coroha/Documents/Unreal Projects/SamuraiGame/Content/MobileStarterContent/Textures/T_Fire_Tiled_D.uasset
[2015.05.10-14.43.58:140][  0]LogPackFactory: Content/MobileStarterContent/Textures/T_Frame_M.uasset (155978) -> ../../../../../../Users/coroha/Documents/Unreal Projects/SamuraiGame/Content/MobileStarterContent/Textures/T_Frame_M.uasset
[2015.05.10-14.43.58:143][  0]LogPackFactory: Content/MobileStarterContent/Textures/T_Frame_N.uasset (297141) -> ../../../../../../Users/coroha/Documents/Unreal Projects/SamuraiGame/Content/MobileStarterContent/Textures/T_Frame_N.uasset
[2015.05.10-14.43.58:145][  0]LogPackFactory: Content/MobileStarterContent/Textures/T_Gradinet_01.uasset (3247) -> ../../../../../../Users/coroha/Documents/Unreal Projects/SamuraiGame/Content/MobileStarterContent/Textures/T_Gradinet_01.uasset
[2015.05.10-14.43.58:148][  0]LogPackFactory: Content/MobileStarterContent/Textures/T_Ground_Grass_D.uasset (3079798) -> ../../../../../../Users/coroha/Documents/Unreal Projects/SamuraiGame/Content/MobileStarterContent/Textures/T_Ground_Grass_D.uasset
[2015.05.10-14.43.58:152][  0]LogPackFactory: Content/MobileStarterContent/Textures/T_Ground_Grass_N.uasset (3029389) -> ../../../../../../Users/coroha/Documents/Unreal Projects/SamuraiGame/Content/MobileStarterContent/Textures/T_Ground_Grass_N.uasset
[2015.05.10-14.43.58:158][  0]LogPackFactory: Content/MobileStarterContent/Textures/T_Ground_Gravel_D.uasset (2868202) -> ../../../../../../Users/coroha/Documents/Unreal Projects/SamuraiGame/Content/MobileStarterContent/Textures/T_Ground_Gravel_D.uasset
[2015.05.10-14.43.58:164][  0]LogPackFactory: Content/MobileStarterContent/Textures/T_Ground_Gravel_N.uasset (2172713) -> ../../../../../../Users/coroha/Documents/Unreal Projects/SamuraiGame/Content/MobileStarterContent/Textures/T_Ground_Gravel_N.uasset
[2015.05.10-14.43.58:169][  0]LogPackFactory: Content/MobileStarterContent/Textures/T_ground_Moss_D.uasset (3420289) -> ../../../../../../Users/coroha/Documents/Unreal Projects/SamuraiGame/Content/MobileStarterContent/Textures/T_ground_Moss_D.uasset
[2015.05.10-14.43.58:174][  0]LogPackFactory: Content/MobileStarterContent/Textures/T_Ground_Moss_N.uasset (2510006) -> ../../../../../../Users/coroha/Documents/Unreal Projects/SamuraiGame/Content/MobileStarterContent/Textures/T_Ground_Moss_N.uasset
[2015.05.10-14.43.58:179][  0]LogPackFactory: Content/MobileStarterContent/Textures/T_Lamp_M.uasset (263319) -> ../../../../../../Users/coroha/Documents/Unreal Projects/SamuraiGame/Content/MobileStarterContent/Textures/T_Lamp_M.uasset
[2015.05.10-14.43.58:182][  0]LogPackFactory: Content/MobileStarterContent/Textures/T_Lamp_N.uasset (592145) -> ../../../../../../Users/coroha/Documents/Unreal Projects/SamuraiGame/Content/MobileStarterContent/Textures/T_Lamp_N.uasset
[2015.05.10-14.43.58:185][  0]LogPackFactory: Content/MobileStarterContent/Textures/T_MacroVariation.uasset (3026619) -> ../../../../../../Users/coroha/Documents/Unreal Projects/SamuraiGame/Content/MobileStarterContent/Textures/T_MacroVariation.uasset
[2015.05.10-14.43.58:191][  0]LogPackFactory: Content/MobileStarterContent/Textures/T_Metal_Aluminum_D.uasset (2348162) -> ../../../../../../Users/coroha/Documents/Unreal Projects/SamuraiGame/Content/MobileStarterContent/Textures/T_Metal_Aluminum_D.uasset
[2015.05.10-14.43.58:195][  0]LogPackFactory: Content/MobileStarterContent/Textures/T_Metal_Copper_D.uasset (2174415) -> ../../../../../../Users/coroha/Documents/Unreal Projects/SamuraiGame/Content/MobileStarterContent/Textures/T_Metal_Copper_D.uasset
[2015.05.10-14.43.58:214][  0]LogPackFactory: Content/MobileStarterContent/Textures/T_Metal_Gold_D.uasset (2203298) -> ../../../../../../Users/coroha/Documents/Unreal Projects/SamuraiGame/Content/MobileStarterContent/Textures/T_Metal_Gold_D.uasset
[2015.05.10-14.43.58:219][  0]LogPackFactory: Content/MobileStarterContent/Textures/T_Metal_Gold_N.uasset (801595) -> ../../../../../../Users/coroha/Documents/Unreal Projects/SamuraiGame/Content/MobileStarterContent/Textures/T_Metal_Gold_N.uasset
[2015.05.10-14.43.58:223][  0]LogPackFactory: Content/MobileStarterContent/Textures/T_Metal_Rust_D.uasset (2474651) -> ../../../../../../Users/coroha/Documents/Unreal Projects/SamuraiGame/Content/MobileStarterContent/Textures/T_Metal_Rust_D.uasset
[2015.05.10-14.43.58:228][  0]LogPackFactory: Content/MobileStarterContent/Textures/T_Metal_Rust_N.uasset (2304463) -> ../../../../../../Users/coroha/Documents/Unreal Projects/SamuraiGame/Content/MobileStarterContent/Textures/T_Metal_Rust_N.uasset
[2015.05.10-14.43.58:233][  0]LogPackFactory: Content/MobileStarterContent/Textures/T_Metal_Steel_D.uasset (1015961) -> ../../../../../../Users/coroha/Documents/Unreal Projects/SamuraiGame/Content/MobileStarterContent/Textures/T_Metal_Steel_D.uasset
[2015.05.10-14.43.58:236][  0]LogPackFactory: Content/MobileStarterContent/Textures/T_Metal_Steel_N.uasset (1596120) -> ../../../../../../Users/coroha/Documents/Unreal Projects/SamuraiGame/Content/MobileStarterContent/Textures/T_Metal_Steel_N.uasset
[2015.05.10-14.43.58:240][  0]LogPackFactory: Content/MobileStarterContent/Textures/T_Perlin_Noise_M.uasset (1845155) -> ../../../../../../Users/coroha/Documents/Unreal Projects/SamuraiGame/Content/MobileStarterContent/Textures/T_Perlin_Noise_M.uasset
[2015.05.10-14.43.58:244][  0]LogPackFactory: Content/MobileStarterContent/Textures/T_Rock_Basalt_D.uasset (2685465) -> ../../../../../../Users/coroha/Documents/Unreal Projects/SamuraiGame/Content/MobileStarterContent/Textures/T_Rock_Basalt_D.uasset
[2015.05.10-14.43.58:248][  0]LogPackFactory: Content/MobileStarterContent/Textures/T_Rock_Basalt_N.uasset (2238956) -> ../../../../../../Users/coroha/Documents/Unreal Projects/SamuraiGame/Content/MobileStarterContent/Textures/T_Rock_Basalt_N.uasset
[2015.05.10-14.43.58:259][  0]LogPackFactory: Content/MobileStarterContent/Textures/T_Rock_Marble_Polished_D.uasset (1475947) -> ../../../../../../Users/coroha/Documents/Unreal Projects/SamuraiGame/Content/MobileStarterContent/Textures/T_Rock_Marble_Polished_D.uasset
[2015.05.10-14.43.58:264][  0]LogPackFactory: Content/MobileStarterContent/Textures/T_Rock_Sandstone_D.uasset (2391050) -> ../../../../../../Users/coroha/Documents/Unreal Projects/SamuraiGame/Content/MobileStarterContent/Textures/T_Rock_Sandstone_D.uasset
[2015.05.10-14.43.58:270][  0]LogPackFactory: Content/MobileStarterContent/Textures/T_Rock_Sandstone_N.uasset (2312643) -> ../../../../../../Users/coroha/Documents/Unreal Projects/SamuraiGame/Content/MobileStarterContent/Textures/T_Rock_Sandstone_N.uasset
[2015.05.10-14.43.58:274][  0]LogPackFactory: Content/MobileStarterContent/Textures/T_Rock_Slate_D.uasset (3110209) -> ../../../../../../Users/coroha/Documents/Unreal Projects/SamuraiGame/Content/MobileStarterContent/Textures/T_Rock_Slate_D.uasset
[2015.05.10-14.43.58:279][  0]LogPackFactory: Content/MobileStarterContent/Textures/T_Rock_Slate_N.uasset (2499664) -> ../../../../../../Users/coroha/Documents/Unreal Projects/SamuraiGame/Content/MobileStarterContent/Textures/T_Rock_Slate_N.uasset
[2015.05.10-14.43.58:284][  0]LogPackFactory: Content/MobileStarterContent/Textures/T_Rock_Smooth_Granite_D.uasset (2531015) -> ../../../../../../Users/coroha/Documents/Unreal Projects/SamuraiGame/Content/MobileStarterContent/Textures/T_Rock_Smooth_Granite_D.uasset
[2015.05.10-14.43.58:288][  0]LogPackFactory: Content/MobileStarterContent/Textures/T_RockMesh_M.uasset (934103) -> ../../../../../../Users/coroha/Documents/Unreal Projects/SamuraiGame/Content/MobileStarterContent/Textures/T_RockMesh_M.uasset
[2015.05.10-14.43.58:292][  0]LogPackFactory: Content/MobileStarterContent/Textures/T_RockMesh_N.uasset (1567435) -> ../../../../../../Users/coroha/Documents/Unreal Projects/SamuraiGame/Content/MobileStarterContent/Textures/T_RockMesh_N.uasset
[2015.05.10-14.43.58:296][  0]LogPackFactory: Content/MobileStarterContent/Textures/T_Shelf_M.uasset (208593) -> ../../../../../../Users/coroha/Documents/Unreal Projects/SamuraiGame/Content/MobileStarterContent/Textures/T_Shelf_M.uasset
[2015.05.10-14.43.58:299][  0]LogPackFactory: Content/MobileStarterContent/Textures/T_Shelf_N.uasset (417283) -> ../../../../../../Users/coroha/Documents/Unreal Projects/SamuraiGame/Content/MobileStarterContent/Textures/T_Shelf_N.uasset
[2015.05.10-14.43.58:302][  0]LogPackFactory: Content/MobileStarterContent/Textures/T_Single_Tile_N.uasset (3713) -> ../../../../../../Users/coroha/Documents/Unreal Projects/SamuraiGame/Content/MobileStarterContent/Textures/T_Single_Tile_N.uasset
[2015.05.10-14.43.58:304][  0]LogPackFactory: Content/MobileStarterContent/Textures/T_Smoke_SubUV.uasset (879845) -> ../../../../../../Users/coroha/Documents/Unreal Projects/SamuraiGame/Content/MobileStarterContent/Textures/T_Smoke_SubUV.uasset
[2015.05.10-14.43.58:307][  0]LogPackFactory: Content/MobileStarterContent/Textures/T_Smoke_Tiled_D.uasset (33718) -> ../../../../../../Users/coroha/Documents/Unreal Projects/SamuraiGame/Content/MobileStarterContent/Textures/T_Smoke_Tiled_D.uasset
[2015.05.10-14.43.58:310][  0]LogPackFactory: Content/MobileStarterContent/Textures/T_Spark_Core.uasset (73817) -> ../../../../../../Users/coroha/Documents/Unreal Projects/SamuraiGame/Content/MobileStarterContent/Textures/T_Spark_Core.uasset
[2015.05.10-14.43.58:312][  0]LogPackFactory: Content/MobileStarterContent/Textures/T_Statue_M.uasset (165013) -> ../../../../../../Users/coroha/Documents/Unreal Projects/SamuraiGame/Content/MobileStarterContent/Textures/T_Statue_M.uasset
[2015.05.10-14.43.58:315][  0]LogPackFactory: Content/MobileStarterContent/Textures/T_Statue_N.uasset (151922) -> ../../../../../../Users/coroha/Documents/Unreal Projects/SamuraiGame/Content/MobileStarterContent/Textures/T_Statue_N.uasset
[2015.05.10-14.43.58:317][  0]LogPackFactory: Content/MobileStarterContent/Textures/T_TableRound_M.uasset (290640) -> ../../../../../../Users/coroha/Documents/Unreal Projects/SamuraiGame/Content/MobileStarterContent/Textures/T_TableRound_M.uasset
[2015.05.10-14.43.58:321][  0]LogPackFactory: Content/MobileStarterContent/Textures/T_TableRound_N.uasset (459647) -> ../../../../../../Users/coroha/Documents/Unreal Projects/SamuraiGame/Content/MobileStarterContent/Textures/T_TableRound_N.uasset
[2015.05.10-14.43.58:323][  0]LogPackFactory: Content/MobileStarterContent/Textures/T_Tech_Dot_M.uasset (57852) -> ../../../../../../Users/coroha/Documents/Unreal Projects/SamuraiGame/Content/MobileStarterContent/Textures/T_Tech_Dot_M.uasset
[2015.05.10-14.43.58:339][  0]LogPackFactory: Content/MobileStarterContent/Textures/T_Tech_Dot_N.uasset (84175) -> ../../../../../../Users/coroha/Documents/Unreal Projects/SamuraiGame/Content/MobileStarterContent/Textures/T_Tech_Dot_N.uasset
[2015.05.10-14.43.58:352][  0]LogPackFactory: Content/MobileStarterContent/Textures/T_Tech_Hex_Tile_M.uasset (262471) -> ../../../../../../Users/coroha/Documents/Unreal Projects/SamuraiGame/Content/MobileStarterContent/Textures/T_Tech_Hex_Tile_M.uasset
[2015.05.10-14.43.58:355][  0]LogPackFactory: Content/MobileStarterContent/Textures/T_Tech_Hex_Tile_N.uasset (207879) -> ../../../../../../Users/coroha/Documents/Unreal Projects/SamuraiGame/Content/MobileStarterContent/Textures/T_Tech_Hex_Tile_N.uasset
[2015.05.10-14.43.58:359][  0]LogPackFactory: Content/MobileStarterContent/Textures/T_Tech_Panel_M.uasset (422526) -> ../../../../../../Users/coroha/Documents/Unreal Projects/SamuraiGame/Content/MobileStarterContent/Textures/T_Tech_Panel_M.uasset
[2015.05.10-14.43.58:363][  0]LogPackFactory: Content/MobileStarterContent/Textures/T_Tech_Panel_N.uasset (316978) -> ../../../../../../Users/coroha/Documents/Unreal Projects/SamuraiGame/Content/MobileStarterContent/Textures/T_Tech_Panel_N.uasset
[2015.05.10-14.43.58:366][  0]LogPackFactory: Content/MobileStarterContent/Textures/T_Water_M.uasset (503483) -> ../../../../../../Users/coroha/Documents/Unreal Projects/SamuraiGame/Content/MobileStarterContent/Textures/T_Water_M.uasset
[2015.05.10-14.43.58:369][  0]LogPackFactory: Content/MobileStarterContent/Textures/T_Water_N.uasset (486098) -> ../../../../../../Users/coroha/Documents/Unreal Projects/SamuraiGame/Content/MobileStarterContent/Textures/T_Water_N.uasset
[2015.05.10-14.43.58:372][  0]LogPackFactory: Content/MobileStarterContent/Textures/T_Wood_Floor_Walnut_D.uasset (1430516) -> ../../../../../../Users/coroha/Documents/Unreal Projects/SamuraiGame/Content/MobileStarterContent/Textures/T_Wood_Floor_Walnut_D.uasset
[2015.05.10-14.43.58:376][  0]LogPackFactory: Content/MobileStarterContent/Textures/T_Wood_Floor_Walnut_M.uasset (1113704) -> ../../../../../../Users/coroha/Documents/Unreal Projects/SamuraiGame/Content/MobileStarterContent/Textures/T_Wood_Floor_Walnut_M.uasset
[2015.05.10-14.43.58:379][  0]LogPackFactory: Content/MobileStarterContent/Textures/T_Wood_Floor_Walnut_N.uasset (701605) -> ../../../../../../Users/coroha/Documents/Unreal Projects/SamuraiGame/Content/MobileStarterContent/Textures/T_Wood_Floor_Walnut_N.uasset
[2015.05.10-14.43.58:383][  0]LogPackFactory: Content/MobileStarterContent/Textures/T_Wood_Oak_D.uasset (1669886) -> ../../../../../../Users/coroha/Documents/Unreal Projects/SamuraiGame/Content/MobileStarterContent/Textures/T_Wood_Oak_D.uasset
[2015.05.10-14.43.58:386][  0]LogPackFactory: Content/MobileStarterContent/Textures/T_Wood_Oak_N.uasset (1335945) -> ../../../../../../Users/coroha/Documents/Unreal Projects/SamuraiGame/Content/MobileStarterContent/Textures/T_Wood_Oak_N.uasset
[2015.05.10-14.43.58:390][  0]LogPackFactory: Content/MobileStarterContent/Textures/T_Wood_Pine_D.uasset (2296892) -> ../../../../../../Users/coroha/Documents/Unreal Projects/SamuraiGame/Content/MobileStarterContent/Textures/T_Wood_Pine_D.uasset
[2015.05.10-14.43.58:395][  0]LogPackFactory: Content/MobileStarterContent/Textures/T_Wood_Pine_N.uasset (1054381) -> ../../../../../../Users/coroha/Documents/Unreal Projects/SamuraiGame/Content/MobileStarterContent/Textures/T_Wood_Pine_N.uasset
[2015.05.10-14.43.58:399][  0]LogPackFactory: Content/MobileStarterContent/Textures/T_Wood_Walnut_D.uasset (1570749) -> ../../../../../../Users/coroha/Documents/Unreal Projects/SamuraiGame/Content/MobileStarterContent/Textures/T_Wood_Walnut_D.uasset
[2015.05.10-14.43.58:402][  0]LogPackFactory: Content/MobileStarterContent/Textures/T_Wood_Walnut_N.uasset (1066061) -> ../../../../../../Users/coroha/Documents/Unreal Projects/SamuraiGame/Content/MobileStarterContent/Textures/T_Wood_Walnut_N.uasset
[2015.05.10-14.43.58:406][  0]LogPackFactory: Finished extracting 506 files (including 0 errors).
[2015.05.10-14.43.58:435][  0]LogMaterial: Missing cached shader map for material M_Basic_Floor, compiling. 
[2015.05.10-14.44.03:301][  0]LogRenderer:Warning: Reallocating scene render targets to support 256x256 (Frame:2).
[2015.05.10-14.44.05:648][  0]LogSavePackage: Save=1175.067993ms
[2015.05.10-14.44.05:648][  0]LogSavePackage: Moving '../../../../../../Users/coroha/Documents/Unreal Projects/SamuraiGame/Saved/Floor_400x400DBF6113E40B5460770FBACBC21D98578.tmp' to '../../../../../../Users/coroha/Documents/Unreal Projects/SamuraiGame/Content/MobileStarterContent/Architecture/Floor_400x400.uasset'
[2015.05.10-14.44.05:660][  0]LogFeaturePack:Warning: Inserted 1 feature packs
[2015.05.10-14.44.05:665][  0]Cmd: MAP LOAD FILE="../../../../../../Users/coroha/Documents/Unreal Projects/SamuraiGame/Content/MobileStarterContent/Maps/Minimal_Default.umap" TEMPLATE=0 SHOWPROGRESS=1 FEATURELEVEL=3
[2015.05.10-14.44.05:666][  0]LightingResults: New page: ライティングのビルド
[2015.05.10-14.44.05:718][  0]MapCheck: New page: マップをチェック
[2015.05.10-14.44.05:718][  0]LightingResults: New page: <何も選択されていません>
[2015.05.10-14.44.05:741][  0]LogParticles: Destroying 0 GPU particle simulations for FXSystem 0x00000026C3364720
[2015.05.10-14.44.07:668][  0]LogTexture:Display: テクスチャをビルド中: T_Chair_N (BC5)
[2015.05.10-14.44.07:918][  0]LogTexture:Display: テクスチャをビルド中: T_Chair_M (AutoDXT)
[2015.05.10-14.44.08:542][  0]LogMaterial: Missing cached shader map for material M_Chair, compiling. 
[2015.05.10-14.44.08:692][  0]LogTexture:Display: テクスチャをビルド中: T_Statue_N (BC5)
[2015.05.10-14.44.08:789][  0]LogTexture:Display: テクスチャをビルド中: T_Statue_M (AutoDXT)
[2015.05.10-14.44.09:205][  0]LogMaterial: Missing cached shader map for material M_Statue, compiling. 
[2015.05.10-14.44.09:229][  0]LogMaterial: Missing cached shader map for material M_StatueGlass, compiling. 
[2015.05.10-14.44.09:371][  0]LogTexture:Display: テクスチャをビルド中: T_TableRound_N (BC5)
[2015.05.10-14.44.09:679][  0]LogTexture:Display: テクスチャをビルド中: T_TableRound_M (DXT1)
[2015.05.10-14.44.10:210][  0]LogMaterial: Missing cached shader map for material M_TableRound, compiling. 
[2015.05.10-14.44.10:321][  0]LogTexture:Display: テクスチャをビルド中: LQ_Lightmap_0_1 (DXT1)
[2015.05.10-14.44.10:418][  0]LogTexture:Display: テクスチャをビルド中: LQ_Lightmap_0_2 (DXT1)
[2015.05.10-14.44.10:786][  0]LogEditorServer: Finished looking for orphan Actors (0.000 secs)
[2015.05.10-14.44.10:804][  0]LogAIModule: Creating AISystem for world Minimal_Default
[2015.05.10-14.44.10:871][  0]Cmd: MAP CHECKDEP
[2015.05.10-14.44.10:872][  0]MapCheck: New page: Minimal_Default - 2015/05/11 8:44:10
[2015.05.10-14.44.11:240][  0]MapCheck: 情報 マップチェックが完了: 0 エラー、 0 警告、完了に 368.561ミリ秒かかりました。
[2015.05.10-14.44.11:240][  0]LogFileHelpers: Loading map 'Minimal_Default' took 5.575
[2015.05.10-14.44.14:611][  0]LogCollectionManager: Loaded 0 collections in 0.003842 seconds
[2015.05.10-14.44.14:642][  0]LogContentBrowser: Native class hierarchy populated in 0.0309 seconds. Added 1696 classes and 261 folders.
[2015.05.10-14.44.17:206][  0]LogContentBrowser: Native class hierarchy updated for 'SceneOutliner' in 0.0107 seconds. Added 1 classes and 2 folders.
[2015.05.10-14.44.19:568][  0]LogCrashTracker: Crashtracker disabled due to settings.
[2015.05.10-14.44.19:979][  0]LogSlate:Warning: Failed to load font data from 'Veranda'
[2015.05.10-14.44.20:196][  0]LogUObjectGlobals:Warning: オブジェクト 'Class なし.' が見つかりませんでした
[2015.05.10-14.44.20:312][  0]LogLoad: Full Startup: 70.67 seconds (BP compile: 0.18 seconds)
[2015.05.10-14.44.24:410][  0]LogRenderer:Warning: Reallocating scene render targets to support 1208x584 (Frame:3).
[2015.05.10-14.44.27:177][  9]LogAssetRegistry: Asset discovery search completed in 52.1671 seconds
[2015.05.10-14.44.49:317][871]Cmd: QUIT_EDITOR
[2015.05.10-14.44.49:786][871]LogExit: Preparing to exit.
[2015.05.10-14.44.51:316][871]LogExit: Editor shut down
[2015.05.10-14.44.51:316][871]LogExit: Transaction tracking system shut down
[2015.05.10-14.44.51:317][871]LogParticles: Destroying 0 GPU particle simulations for FXSystem 0x00000026CA5B79C0
[2015.05.10-14.44.51:317][871]LogParticles: Destroying 0 GPU particle simulations for FXSystem 0x00000026DA4FEC00
[2015.05.10-14.44.51:405][871]LogParticles: Destroying 0 GPU particle simulations for FXSystem 0x00000026DAA8D6C0
[2015.05.10-14.44.51:491][871]LogExit: Object subsystem successfully closed.
[2015.05.10-14.44.51:713][871]LogModuleManager: Shutting down and abandoning module CrashTracker (177)
[2015.05.10-14.44.51:713][871]LogModuleManager: Shutting down and abandoning module SuperSearch (176)
[2015.05.10-14.44.51:713][871]LogModuleManager: Shutting down and abandoning module SceneOutliner (175)
[2015.05.10-14.44.51:713][871]LogModuleManager: Shutting down and abandoning module EditorWidgets (174)
[2015.05.10-14.44.51:713][871]LogModuleManager: Shutting down and abandoning module CollectionManager (173)
[2015.05.10-14.44.51:813][871]LogModuleManager: Shutting down and abandoning module StatsViewer (172)
[2015.05.10-14.44.51:814][871]LogModuleManager: Shutting down and abandoning module FoliageEdit (171)
[2015.05.10-14.44.51:814][871]LogModuleManager: Shutting down and abandoning module LandscapeEditor (170)
[2015.05.10-14.44.51:814][871]LogModuleManager: Shutting down and abandoning module MeshPaint (169)
[2015.05.10-14.44.51:814][871]LogModuleManager: Shutting down and abandoning module ActorPickerMode (168)
[2015.05.10-14.44.51:814][871]LogModuleManager: Shutting down and abandoning module GeometryMode (167)
[2015.05.10-14.44.51:814][871]LogModuleManager: Shutting down and abandoning module TextureAlignMode (166)
[2015.05.10-14.44.51:814][871]LogModuleManager: Shutting down and abandoning module BspMode (165)
[2015.05.10-14.44.51:814][871]LogModuleManager: Shutting down and abandoning module PlacementMode (164)
[2015.05.10-14.44.51:814][871]LogModuleManager: Shutting down and abandoning module AutomationWorker (163)
[2015.05.10-14.44.51:814][871]LogModuleManager: Shutting down and abandoning module CharacterAI (162)
[2015.05.10-14.44.51:814][871]LogModuleManager: Shutting down and abandoning module SmartSnapping (161)
[2015.05.10-14.44.51:814][871]LogModuleManager: Shutting down and abandoning module ViewportSnapping (160)
[2015.05.10-14.44.51:814][871]LogModuleManager: Shutting down and abandoning module LogVisualizer (159)
[2015.05.10-14.44.51:814][871]LogModuleManager: Shutting down and abandoning module GameProjectGeneration (158)
[2015.05.10-14.44.51:814][871]LogModuleManager: Shutting down and abandoning module IntroTutorials (157)
[2015.05.10-14.44.51:814][871]LogModuleManager: Shutting down and abandoning module EditorLiveStreaming (156)
[2015.05.10-14.44.51:814][871]LogModuleManager: Shutting down and abandoning module HardwareTargeting (155)
[2015.05.10-14.44.51:815][871]LogModuleManager: Shutting down and abandoning module DeviceProfileEditor (154)
[2015.05.10-14.44.51:815][871]LogModuleManager: Shutting down and abandoning module UndoHistory (153)
[2015.05.10-14.44.51:815][871]LogModuleManager: Shutting down and abandoning module GameplayTagsEditor (152)
[2015.05.10-14.44.51:815][871]LogModuleManager: Shutting down and abandoning module UserFeedback (151)
[2015.05.10-14.44.51:815][871]LogModuleManager: Shutting down and abandoning module XmlParser (150)
[2015.05.10-14.44.51:815][871]LogModuleManager: Shutting down and abandoning module Blutility (149)
[2015.05.10-14.44.51:815][871]LogModuleManager: Shutting down and abandoning module IOSPlatformEditor (148)
[2015.05.10-14.44.51:815][871]LogModuleManager: Shutting down and abandoning module IOSRuntimeSettings (147)
[2015.05.10-14.44.51:815][871]LogModuleManager: Shutting down and abandoning module AndroidDeviceDetection (146)
[2015.05.10-14.44.52:693][871]LogModuleManager: Shutting down and abandoning module AndroidPlatformEditor (145)
[2015.05.10-14.44.52:693][871]LogModuleManager: Shutting down and abandoning module AndroidRuntimeSettings (144)
[2015.05.10-14.44.52:693][871]LogModuleManager: Shutting down and abandoning module ProjectTargetPlatformEditor (143)
[2015.05.10-14.44.52:694][871]LogModuleManager: Shutting down and abandoning module ProjectSettingsViewer (142)
[2015.05.10-14.44.52:694][871]LogModuleManager: Shutting down and abandoning module InputBindingEditor (141)
[2015.05.10-14.44.52:695][871]LogModuleManager: Shutting down and abandoning module EditorSettingsViewer (140)
[2015.05.10-14.44.52:695][871]LogModuleManager: Shutting down and abandoning module SettingsEditor (139)
[2015.05.10-14.44.52:695][871]LogModuleManager: Shutting down and abandoning module ProjectLauncher (138)
[2015.05.10-14.44.52:695][871]LogModuleManager: Shutting down and abandoning module SessionFrontend (137)
[2015.05.10-14.44.52:695][871]LogModuleManager: Shutting down and abandoning module ProfilerClient (136)
[2015.05.10-14.44.52:695][871]LogModuleManager: Shutting down and abandoning module TargetDeviceServices (135)
[2015.05.10-14.44.52:696][871]LogModuleManager: Shutting down and abandoning module DeviceManager (134)
[2015.05.10-14.44.52:696][871]LogModuleManager: Shutting down and abandoning module AutomationController (133)
[2015.05.10-14.44.52:696][871]LogModuleManager: Shutting down and abandoning module AutomationWindow (132)
[2015.05.10-14.44.52:696][871]LogModuleManager: Shutting down and abandoning module Layers (131)
[2015.05.10-14.44.52:696][871]LogModuleManager: Shutting down and abandoning module ComponentVisualizers (130)
[2015.05.10-14.44.52:696][871]LogModuleManager: Shutting down and abandoning module DetailCustomizations (129)
[2015.05.10-14.44.52:697][871]LogModuleManager: Shutting down and abandoning module PackagesDialog (128)
[2015.05.10-14.44.52:900][871]LogModuleManager: Shutting down and abandoning module AssetRegistry (127)
[2015.05.10-14.44.52:955][871]LogModuleManager: Shutting down and abandoning module Persona (126)
[2015.05.10-14.44.52:955][871]LogModuleManager: Shutting down and abandoning module SlateReflector (125)
[2015.05.10-14.44.52:955][871]LogModuleManager: Shutting down and abandoning module LevelEditor (124)
[2015.05.10-14.44.52:957][871]LogModuleManager: Shutting down and abandoning module Kismet (123)
[2015.05.10-14.44.52:957][871]LogModuleManager: Shutting down and abandoning module GraphEditor (122)
[2015.05.10-14.44.52:957][871]LogModuleManager: Shutting down and abandoning module ClassViewer (121)
[2015.05.10-14.44.52:957][871]LogModuleManager: Shutting down and abandoning module Toolbox (120)
[2015.05.10-14.44.52:957][871]LogModuleManager: Shutting down and abandoning module ModuleUI (119)
[2015.05.10-14.44.52:957][871]LogModuleManager: Shutting down and abandoning module MovieSceneTools (118)
[2015.05.10-14.44.52:957][871]LogModuleManager: Shutting down and abandoning module OutputLog (117)
[2015.05.10-14.44.52:957][871]LogModuleManager: Shutting down and abandoning module GammaUI (116)
[2015.05.10-14.44.52:957][871]LogModuleManager: Shutting down and abandoning module Documentation (115)
[2015.05.10-14.44.52:957][871]LogModuleManager: Shutting down and abandoning module GameLiveStreaming (114)
[2015.05.10-14.44.52:957][871]LogModuleManager: Shutting down and abandoning module StreamingPauseRendering (113)
[2015.05.10-14.44.52:957][871]LogModuleManager: Shutting down and abandoning module HTTP (112)
[2015.05.10-14.44.52:958][871]LogModuleManager: Shutting down and abandoning module AnalyticsET (111)
[2015.05.10-14.44.52:958][871]LogModuleManager: Shutting down and abandoning module Analytics (110)
[2015.05.10-14.44.52:958][871]LogModuleManager: Shutting down and abandoning module AITestSuite (109)
[2015.05.10-14.44.52:958][871]LogModuleManager: Shutting down and abandoning module GameplayDebugger (108)
[2015.05.10-14.44.52:958][871]LogModuleManager: Shutting down and abandoning module AIModule (107)
[2015.05.10-14.44.52:958][871]LogModuleManager: Shutting down and abandoning module ProfilerService (106)
[2015.05.10-14.44.53:005][871]LogModuleManager: Shutting down and abandoning module TaskGraph (105)
[2015.05.10-14.44.53:005][871]LogModuleManager: Shutting down and abandoning module SlateRemote (104)
[2015.05.10-14.44.53:005][871]LogModuleManager: Shutting down and abandoning module ScriptEditorPlugin (103)
[2015.05.10-14.44.53:005][871]LogModuleManager: Shutting down and abandoning module CustomMeshComponent (102)
[2015.05.10-14.44.53:005][871]LogModuleManager: Shutting down and abandoning module CableComponent (101)
[2015.05.10-14.44.53:005][871]LogModuleManager: Shutting down and abandoning module MessagingDebugger (100)
[2015.05.10-14.44.53:005][871]LogModuleManager: Shutting down and abandoning module MediaPlayerEditor (99)
[2015.05.10-14.44.53:005][871]LogModuleManager: Shutting down and abandoning module SpeedTreeImporter (98)
[2015.05.10-14.44.53:005][871]LogModuleManager: Shutting down and abandoning module PluginsEditor (97)
[2015.05.10-14.44.53:005][871]LogModuleManager: Shutting down and abandoning module MainFrame (96)
[2015.05.10-14.44.53:005][871]LogModuleManager: Shutting down and abandoning module EpicSurvey (95)
[2015.05.10-14.44.53:083][871]LogModuleManager: Shutting down and abandoning module DesktopPlatform (94)
[2015.05.10-14.44.53:083][871]LogModuleManager: Shutting down and abandoning module DirectoryWatcher (93)
[2015.05.10-14.44.53:084][871]LogModuleManager: Shutting down and abandoning module HotReload (92)
[2015.05.10-14.44.53:084][871]LogModuleManager: Shutting down and abandoning module VisualStudioSourceCodeAccess (91)
[2015.05.10-14.44.53:085][871]LogModuleManager: Shutting down and abandoning module UObjectPlugin (90)
[2015.05.10-14.44.53:085][871]LogModuleManager: Shutting down and abandoning module SubversionSourceControl (89)
[2015.05.10-14.44.53:085][871]LogModuleManager: Shutting down and abandoning module PerforceSourceControl (88)
[2015.05.10-14.44.53:085][871]LogModuleManager: Shutting down and abandoning module SourceControl (87)
[2015.05.10-14.44.53:085][871]LogModuleManager: Shutting down and abandoning module GitSourceControl (86)
[2015.05.10-14.44.53:085][871]LogModuleManager: Shutting down and abandoning module BlankPlugin (85)
[2015.05.10-14.44.53:085][871]LogModuleManager: Shutting down and abandoning module PaperTiledImporter (84)
[2015.05.10-14.44.53:085][871]LogModuleManager: Shutting down and abandoning module PaperJsonImporter (83)
[2015.05.10-14.44.53:085][871]LogModuleManager: Shutting down and abandoning module ContentBrowser (82)
[2015.05.10-14.44.53:087][871]LogModuleManager: Shutting down and abandoning module Paper2DEditor (81)
[2015.05.10-14.44.53:087][871]LogModuleManager: Shutting down and abandoning module ScriptPlugin (80)
[2015.05.10-14.44.53:088][871]LogModuleManager: Shutting down and abandoning module UdpMessaging (79)
[2015.05.10-14.44.53:188][871]LogModuleManager: Shutting down and abandoning module Paper2D (78)
[2015.05.10-14.44.53:188][871]LogModuleManager: Shutting down and abandoning module WindowsMoviePlayer (77)
[2015.05.10-14.44.53:196][871]LogModuleManager: Shutting down and abandoning module Media (76)
[2015.05.10-14.44.53:197][871]LogModuleManager: Shutting down and abandoning module WmfMedia (75)
[2015.05.10-14.44.53:198][871]LogModuleManager: Shutting down and abandoning module OnlineBlueprintSupport (74)
[2015.05.10-14.44.53:198][871]LogModuleManager: Shutting down and abandoning module PropertyEditor (73)
[2015.05.10-14.44.53:198][871]LogModuleManager: Shutting down and abandoning module BehaviorTreeEditor (72)
[2015.05.10-14.44.53:198][871]LogModuleManager: Shutting down and abandoning module FunctionalTesting (71)
[2015.05.10-14.44.53:198][871]LogModuleManager: Shutting down and abandoning module CollisionAnalyzer (70)
[2015.05.10-14.44.53:198][871]LogModuleManager: Shutting down and abandoning module WorkspaceMenuStructure (69)
[2015.05.10-14.44.53:198][871]LogModuleManager: Shutting down and abandoning module MessageLog (68)
[2015.05.10-14.44.53:198][871]LogModuleManager: Shutting down and abandoning module Sequencer (67)
[2015.05.10-14.44.53:198][871]LogModuleManager: Shutting down and abandoning module AssetTools (66)
[2015.05.10-14.44.53:198][871]LogModuleManager: Shutting down and abandoning module UMGEditor (65)
[2015.05.10-14.44.53:199][871]LogModuleManager: Shutting down and abandoning module UMG (64)
[2015.05.10-14.44.53:199][871]LogModuleManager: Shutting down and abandoning module Slate (63)
[2015.05.10-14.44.53:199][871]LogModuleManager: Shutting down and abandoning module EditorStyle (62)
[2015.05.10-14.44.53:225][871]LogModuleManager: Shutting down and abandoning module SessionServices (61)
[2015.05.10-14.44.53:225][871]LogModuleManager: Shutting down and abandoning module SourceCodeAccess (60)
[2015.05.10-14.44.53:225][871]LogModuleManager: Shutting down and abandoning module HeadMountedDisplay (59)
[2015.05.10-14.44.53:225][871]LogModuleManager: Shutting down and abandoning module XAudio2 (58)
[2015.05.10-14.44.53:225][871]LogModuleManager: Shutting down and abandoning module Networking (56)
[2015.05.10-14.44.53:225][871]LogModuleManager: Shutting down and abandoning module Core (55)
[2015.05.10-14.44.53:225][871]LogModuleManager: Shutting down and abandoning module KismetCompiler (54)
[2015.05.10-14.44.53:225][871]LogModuleManager: Shutting down and abandoning module PhysXFormats (53)
[2015.05.10-14.44.53:225][871]LogModuleManager: Shutting down and abandoning module MeshUtilities (52)
[2015.05.10-14.44.53:225][871]LogModuleManager: Shutting down and abandoning module DerivedDataCache (51)
[2015.05.10-14.44.53:788][871]LogDerivedDataCache: Shutdown
[2015.05.10-14.44.53:788][871]LogModuleManager: Shutting down and abandoning module ShaderFormatOpenGL (50)
[2015.05.10-14.44.53:788][871]LogModuleManager: Shutting down and abandoning module ShaderFormatD3D (49)
[2015.05.10-14.44.53:789][871]LogModuleManager: Shutting down and abandoning module MetalShaderFormat (48)
[2015.05.10-14.44.53:789][871]LogModuleManager: Shutting down and abandoning module TextureFormatUncompressed (47)
[2015.05.10-14.44.53:789][871]LogModuleManager: Shutting down and abandoning module TextureFormatPVR (46)
[2015.05.10-14.44.53:789][871]LogModuleManager: Shutting down and abandoning module TextureFormatIntelISPCTexComp (45)
[2015.05.10-14.44.53:789][871]LogModuleManager: Shutting down and abandoning module TextureFormatDXT (44)
[2015.05.10-14.44.53:789][871]LogModuleManager: Shutting down and abandoning module ImageWrapper (43)
[2015.05.10-14.44.53:789][871]LogModuleManager: Shutting down and abandoning module TextureFormatASTC (42)
[2015.05.10-14.44.53:789][871]LogModuleManager: Shutting down and abandoning module TextureFormatAndroid (41)
[2015.05.10-14.44.53:789][871]LogModuleManager: Shutting down and abandoning module AudioFormatOpus (40)
[2015.05.10-14.44.53:789][871]LogModuleManager: Shutting down and abandoning module AudioFormatOgg (39)
[2015.05.10-14.44.53:789][871]LogModuleManager: Shutting down and abandoning module AudioFormatADPCM (38)
[2015.05.10-14.44.53:789][871]LogModuleManager: Shutting down and abandoning module LinuxTargetPlatform (37)
[2015.05.10-14.44.53:789][871]LogModuleManager: Shutting down and abandoning module LinuxServerTargetPlatform (36)
[2015.05.10-14.44.53:789][871]LogModuleManager: Shutting down and abandoning module LinuxNoEditorTargetPlatform (35)
[2015.05.10-14.44.53:789][871]LogModuleManager: Shutting down and abandoning module Messaging (34)
[2015.05.10-14.44.53:789][871]LogModuleManager: Shutting down and abandoning module IOSTargetPlatform (33)
[2015.05.10-14.44.53:789][871]LogModuleManager: Shutting down and abandoning module HTML5TargetPlatform (32)
[2015.05.10-14.44.53:789][871]LogModuleManager: Shutting down and abandoning module Android_PVRTCTargetPlatform (31)
[2015.05.10-14.44.53:789][871]LogModuleManager: Shutting down and abandoning module Android_ETC2TargetPlatform (30)
[2015.05.10-14.44.53:789][871]LogModuleManager: Shutting down and abandoning module Android_ETC1TargetPlatform (29)
[2015.05.10-14.44.53:789][871]LogModuleManager: Shutting down and abandoning module Android_ES31TargetPlatform (28)
[2015.05.10-14.44.53:789][871]LogModuleManager: Shutting down and abandoning module Android_DXTTargetPlatform (27)
[2015.05.10-14.44.53:789][871]LogModuleManager: Shutting down and abandoning module Android_ATCTargetPlatform (26)
[2015.05.10-14.44.53:789][871]LogModuleManager: Shutting down and abandoning module AndroidTargetPlatform (25)
[2015.05.10-14.44.53:789][871]LogModuleManager: Shutting down and abandoning module WindowsTargetPlatform (24)
[2015.05.10-14.44.53:789][871]LogModuleManager: Shutting down and abandoning module WindowsServerTargetPlatform (23)
[2015.05.10-14.44.53:789][871]LogModuleManager: Shutting down and abandoning module WindowsNoEditorTargetPlatform (22)
[2015.05.10-14.44.53:790][871]LogModuleManager: Shutting down and abandoning module WindowsClientTargetPlatform (21)
[2015.05.10-14.44.53:790][871]LogModuleManager: Shutting down and abandoning module TargetPlatform (20)
[2015.05.10-14.44.53:790][871]LogModuleManager: Shutting down and abandoning module InputCore (19)
[2015.05.10-14.44.53:790][871]LogModuleManager: Shutting down and abandoning module Settings (18)
[2015.05.10-14.44.53:790][871]LogModuleManager: Shutting down and abandoning module OnlineSubsystem (16)
[2015.05.10-14.44.53:790][871]LogModuleManager: Shutting down and abandoning module OculusRift (15)
[2015.05.10-14.44.53:790][871]LogModuleManager: Shutting down and abandoning module ExampleDeviceProfileSelector (14)
[2015.05.10-14.44.53:790][871]LogModuleManager: Shutting down and abandoning module TextureCompressor (13)
[2015.05.10-14.44.53:790][871]LogModuleManager: Shutting down and abandoning module ShaderCore (12)
[2015.05.10-14.44.53:790][871]LogModuleManager: Shutting down and abandoning module Landscape (11)
[2015.05.10-14.44.53:790][871]LogModuleManager: Shutting down and abandoning module SlateRHIRenderer (10)
[2015.05.10-14.44.53:793][871]LogModuleManager: Shutting down and abandoning module OpenGLDrv (9)
[2015.05.10-14.44.53:793][871]LogModuleManager: Shutting down and abandoning module D3D11RHI (8)
[2015.05.10-14.44.53:793][871]LogModuleManager: Shutting down and abandoning module Renderer (7)
[2015.05.10-14.44.53:794][871]LogModuleManager: Shutting down and abandoning module Engine (6)
[2015.05.10-14.44.53:794][871]LogModuleManager: Shutting down and abandoning module CoreUObject (5)
[2015.05.10-14.44.53:794][871]LogModuleManager: Shutting down and abandoning module NetworkFile (4)
[2015.05.10-14.44.53:794][871]LogModuleManager: Shutting down and abandoning module StreamingFile (3)
[2015.05.10-14.44.53:794][871]LogModuleManager: Shutting down and abandoning module SandboxFile (2)
[2015.05.10-14.44.53:794][871]LogModuleManager: Shutting down and abandoning module PakFile (1)
[2015.05.10-14.44.53:795][871]LogExit: Exiting.
[2015.05.10-14.44.53:834][871]Log file closed, 05/10/15 23:44:53
