[2015.06.29-17.57.29:256][  0]Log file open, 06/30/15 02:57:29
[2015.06.29-17.57.29:256][  0]LogInit:Display: Running engine for game: SamuraiGame
[2015.06.29-17.57.29:256][  0]LogInit:Display: RandInit(1410305971) SRandInit(1410305972).
[2015.06.29-17.57.29:256][  0]LogTaskGraph: Started task graph with 4 named threads and 7 total threads.
[2015.06.29-17.57.29:256][  0]LogStats: Stats thread started
[2015.06.29-17.57.29:256][  0]LogInit: Version: 4.8.1-2591939+++depot+UE4-Releases+4.8
[2015.06.29-17.57.29:256][  0]LogInit: API Version: 2579680
[2015.06.29-17.57.29:256][  0]LogInit: Compiled (64-bit): Jun 18 2015 11:02:04
[2015.06.29-17.57.29:256][  0]LogInit: Compiled with Visual C++: 18.00.21005.01
[2015.06.29-17.57.29:256][  0]LogInit: Build Configuration: Development
[2015.06.29-17.57.29:256][  0]LogInit: Branch Name: ++depot+UE4-Releases+4.8
[2015.06.29-17.57.29:256][  0]LogInit: Command line:  
[2015.06.29-17.57.29:256][  0]LogInit: Base directory: C:/Program Files/Epic Games/4.8/Engine/Binaries/Win64/
[2015.06.29-17.57.29:256][  0]LogInit: Rocket: 1
[2015.06.29-17.57.29:285][  0]LogInit: Using libcurl 7.41.0
[2015.06.29-17.57.29:285][  0]LogInit:  - built for x86_64-pc-win32
[2015.06.29-17.57.29:285][  0]LogInit:  - supports SSL with WinSSL
[2015.06.29-17.57.29:285][  0]LogInit:  - other features:
[2015.06.29-17.57.29:285][  0]LogInit:      CURL_VERSION_SSL
[2015.06.29-17.57.29:285][  0]LogInit:      CURL_VERSION_IPV6
[2015.06.29-17.57.29:285][  0]LogInit:      CURL_VERSION_ASYNCHDNS
[2015.06.29-17.57.29:285][  0]LogInit:      CURL_VERSION_LARGEFILE
[2015.06.29-17.57.29:285][  0]LogInit:      CURL_VERSION_IDN
[2015.06.29-17.57.29:285][  0]LogInit:  CurlRequestOptions (configurable via config and command line):
[2015.06.29-17.57.29:285][  0]LogInit:  - bVerifyPeer = true  - Libcurl will verify peer certificate
[2015.06.29-17.57.29:285][  0]LogInit:  - bUseHttpProxy = false  - Libcurl will NOT use HTTP proxy
[2015.06.29-17.57.29:285][  0]LogInit:  - bDontReuseConnections = false  - Libcurl will reuse connections
[2015.06.29-17.57.29:285][  0]LogInit:  - CertBundlePath = nullptr  - Libcurl will use whatever was configured at build time.
[2015.06.29-17.57.29:308][  0]LogOnline:Warning: No default platform service specified for OnlineSubsystem
[2015.06.29-17.57.29:335][  0]LogInit: Presizing for 0 objects not considered by GC, pre-allocating 0 bytes.
[2015.06.29-17.57.29:351][  0]LogInit: Object subsystem initialized
[2015.06.29-17.57.29:353][  0]LogConsoleResponse:Warning: Skipping Unknown console variable: 'TranslucentSortAxis = (X=0.000000,Y=-1.000000,Z=0.000000)'
[2015.06.29-17.57.29:353][  0]LogConsoleResponse:Warning:   Found in ini file 'C:/Users/kuou/Documents/GitHub/SamuraiGame/Saved/Config/Windows/Engine.ini', in section '[/Script/Engine.RendererSettings]'
[2015.06.29-17.57.29:353][  0]LogConsoleResponse:Warning: Skipping Unknown console variable: 'UIScaleRule = ShortestSide'
[2015.06.29-17.57.29:353][  0]LogConsoleResponse:Warning:   Found in ini file 'C:/Users/kuou/Documents/GitHub/SamuraiGame/Saved/Config/Windows/Engine.ini', in section '[/Script/Engine.RendererSettings]'
[2015.06.29-17.57.29:353][  0]LogConsoleResponse:Warning: Skipping Unknown console variable: 'UIScaleCurve = (EditorCurveData=(Keys=),ExternalCurve=None)'
[2015.06.29-17.57.29:353][  0]LogConsoleResponse:Warning:   Found in ini file 'C:/Users/kuou/Documents/GitHub/SamuraiGame/Saved/Config/Windows/Engine.ini', in section '[/Script/Engine.RendererSettings]'
[2015.06.29-17.57.29:354][  0]LogInit: Selected Device Profile: [Windows]
[2015.06.29-17.57.29:354][  0]LogInit: Applying CVar settings loaded from the selected device profile: [Windows]
[2015.06.29-17.57.29:375][  0]LogInit: Computer: KUOU-DESKTOPPC
[2015.06.29-17.57.29:375][  0]LogInit: User: kuou
[2015.06.29-17.57.29:375][  0]LogInit: CPU Page size=4096, Cores=4
[2015.06.29-17.57.29:375][  0]LogInit: High frequency timer resolution =3.312841 MHz
[2015.06.29-17.57.29:375][  0]LogMemory: Memory total: Physical=15.9GB (16GB approx)
[2015.06.29-17.57.29:375][  0]LogMemory: Platform Memory Stats for Windows
[2015.06.29-17.57.29:375][  0]LogMemory: Process Physical Memory: 50.48 MB used, 50.48 MB peak
[2015.06.29-17.57.29:375][  0]LogMemory: Process Virtual Memory: 24.24 MB used, 24.24 MB peak
[2015.06.29-17.57.29:375][  0]LogMemory: Physical Memory: 2436.66 MB used, 16332.02 MB total
[2015.06.29-17.57.29:375][  0]LogMemory: Virtual Memory: 279.68 MB used, 8388608.00 MB total
[2015.06.29-17.57.29:456][  0]LogTextLocalizationManager: The requested culture ('ja_JP') has no localization data; parent culture's ('ja') localization data will be used.
[2015.06.29-17.57.29:679][  0]LogTextLocalizationManager:Warning: Loaded localization resources contain conflicting entries for (Namespace:ContentBrowser, Key:ImportAssetToolTip):
Localization Resource: (C:/Program Files/Epic Games/4.8/Engine/Content/Localization/Editor/ja/Editor.locres) Source String Hash: (-630476809) Localized String: ({0} にインポート...)
Localization Resource: (C:/Program Files/Epic Games/4.8/Engine/Content/Localization/Editor/ja/Editor.locres) Source String Hash: (1271782899) Localized String: (このフォルダへファイルからアセットをインポート)
[2015.06.29-17.57.30:249][  0]LogD3D11RHI: Found D3D11 adapter 0: NVIDIA GeForce GTX 660 Ti (Feature Level 11_0)
[2015.06.29-17.57.30:249][  0]LogD3D11RHI: Adapter has 1989MB of dedicated video memory, 0MB of dedicated system memory, and 2048MB of shared system memory, 1 output[s]
[2015.06.29-17.57.30:249][  0]LogD3D11RHI: Chosen D3D11 Adapter Id = 0
[2015.06.29-17.57.30:255][  0]LogRHI: Texture pool is 1361 MB (70% of 1945 MB)
[2015.06.29-17.57.30:269][  0]LogD3D11RHI: Async texture creation enabled
[2015.06.29-17.57.30:286][  0]LogShaderCompilers:Display: Using Local Shader Compiler.
[2015.06.29-17.57.31:655][  0]LogTemp:Display: Loaded TP DesktopTargetPlatform
[2015.06.29-17.57.31:680][  0]LogTemp:Display: Loaded TP WindowsClientTargetPlatform
[2015.06.29-17.57.31:704][  0]LogTemp:Display: Loaded TP WindowsNoEditorTargetPlatform
[2015.06.29-17.57.31:728][  0]LogTemp:Display: Loaded TP WindowsServerTargetPlatform
[2015.06.29-17.57.31:755][  0]LogTemp:Display: Loaded TP WindowsTargetPlatform
[2015.06.29-17.57.31:777][  0]LogTemp:Display: Loaded TP AndroidTargetPlatform
[2015.06.29-17.57.31:798][  0]LogTemp:Display: Loaded TP Android_ASTCTargetPlatform
[2015.06.29-17.57.31:819][  0]LogTemp:Display: Loaded TP Android_ATCTargetPlatform
[2015.06.29-17.57.31:843][  0]LogTemp:Display: Loaded TP Android_DXTTargetPlatform
[2015.06.29-17.57.31:871][  0]LogTemp:Display: Loaded TP Android_ETC1TargetPlatform
[2015.06.29-17.57.31:898][  0]LogTemp:Display: Loaded TP Android_ETC2TargetPlatform
[2015.06.29-17.57.31:925][  0]LogTemp:Display: Loaded TP Android_PVRTCTargetPlatform
[2015.06.29-17.57.32:015][  0]LogTemp:Display: Loaded TP IOSTargetPlatform
[2015.06.29-17.57.32:042][  0]LogTemp:Display: Loaded TP LinuxNoEditorTargetPlatform
[2015.06.29-17.57.32:068][  0]LogTemp:Display: Loaded TP LinuxServerTargetPlatform
[2015.06.29-17.57.32:102][  0]LogTemp:Display: Loaded TP LinuxTargetPlatform
[2015.06.29-17.57.32:102][  0]LogTargetPlatformManager:Display: Building Assets For Windows
[2015.06.29-17.57.32:503][  0]LogDerivedDataCache:Display: Max Cache Size: 512 MB
[2015.06.29-17.57.32:573][  0]LogDerivedDataCache: Loaded boot cache 0.07s 53MB C:/Users/kuou/AppData/Local/UnrealEngine/4.8/DerivedDataCache/Boot.ddc.
[2015.06.29-17.57.32:573][  0]LogDerivedDataCache:Display: Loaded Boot cache: C:/Users/kuou/AppData/Local/UnrealEngine/4.8/DerivedDataCache/Boot.ddc
[2015.06.29-17.57.32:573][  0]LogDerivedDataCache: FDerivedDataBackendGraph:  Pak pak cache file ../../../../../../Users/kuou/Documents/GitHub/SamuraiGame/DerivedDataCache/DDC.ddp not found, will not use a pak cache.
[2015.06.29-17.57.32:573][  0]LogDerivedDataCache: Unable to find inner node Pak for hierarchical cache Hierarchy.
[2015.06.29-17.57.32:573][  0]LogDerivedDataCache: FDerivedDataBackendGraph:  CompressedPak pak cache file ../../../../../../Users/kuou/Documents/GitHub/SamuraiGame/DerivedDataCache/Compressed.ddp not found, will not use a pak cache.
[2015.06.29-17.57.32:574][  0]LogDerivedDataCache: Unable to find inner node CompressedPak for hierarchical cache Hierarchy.
[2015.06.29-17.57.32:871][  0]LogDerivedDataCache:Display: Pak cache opened for reading ../../../Engine/DerivedDataCache/Compressed.ddp.
[2015.06.29-17.57.32:885][  0]LogDerivedDataCache: Using Local data cache path C:/Users/kuou/AppData/Local/UnrealEngine/Common/DerivedDataCache: Writable
[2015.06.29-17.57.33:261][  0]LogInit: Selected Device Profile: [Windows]
[2015.06.29-17.57.33:272][  0]ImportText (ComponentSweepMultiTests): Missing closing parenthesis: (RootShapeAsset="/Engine/BasicShapes/Cube.Cube",ShapeType="TriggerCapsule",HitResult=(Time=0.50,Location=(X=-100.000015,Y=0.0,Z=100.000015),ImpactPoint=(X=-50.0,Y=0.0,Z=50.0),Normal=(X=-1.0,Y=-0.0,Z=0.0),ImpactNormal=(X=0.0,Y=0.0,Z=1.0),TraceStart=(X=-200.0,Y=0.0,Z=200.0),TraceEnd=(X=0.0,Y=0.0,Z=0.0))
[2015.06.29-17.57.33:272][  0]ImportText (LineTraceSingleByChannelTests): Missing closing parenthesis: (RootShapeAsset="/Engine/BasicShapes/Cube.Cube",HitResult=(Time=0.50,Location=(X=-100.000015,Y=0.0,Z=100.000015),ImpactPoint=(X=-50.0,Y=0.0,Z=50.0),Normal=(X=-1.0,Y=-0.0,Z=0.0),ImpactNormal=(X=0.0,Y=0.0,Z=1.0),TraceStart=(X=-200.0,Y=0.0,Z=200.0),TraceEnd=(X=0.0,Y=0.0,Z=0.0))
[2015.06.29-17.57.33:315][  0]LogMeshUtilities: No automatic mesh reduction module available
[2015.06.29-17.57.33:315][  0]LogMeshUtilities: No automatic mesh merging module available
[2015.06.29-17.57.33:384][  0]LogEnum:Warning: Enum Text 3 for Enum EViewModeIndex failed to resolve to any value
[2015.06.29-17.57.33:913][  0]LogInit: WinSock: version 1.1 (2.2), MaxSocks=32767, MaxUdp=65467
[2015.06.29-17.57.35:648][  0]UdpMessaging: Initializing bridge on interface 0.0.0.0:0 to multicast group 230.0.0.1:6666.
[2015.06.29-17.57.36:140][  0]SourceControl: 情報 ソースコントロールは無効です
[2015.06.29-17.57.36:150][  0]SourceControl: 情報 ソースコントロールは無効です
[2015.06.29-17.57.36:163][  0]SourceControl: 情報 ソースコントロールは無効です
[2015.06.29-17.57.36:176][  0]SourceControl: 情報 ソースコントロールは無効です
[2015.06.29-17.57.36:494][  0]LogObj: 26273 objects as part of root set at end of initial load.
[2015.06.29-17.57.36:494][  0]LogUObjectAllocator: 5409248 out of 0 bytes used by permanent object pool.
[2015.06.29-17.57.36:584][  0]LogEngine: Initializing Engine...
[2015.06.29-17.57.36:591][  0]LogHMD: Can't find Oculus library dev build: is proper Runtime installed? Version: 0.6.0.0
[2015.06.29-17.57.36:593][  0]LogHMD:Warning: SteamVR failed to initialize.  Error: 110
[2015.06.29-17.57.36:799][  0]LogAIModule: Creating AISystem for world NewWorld
[2015.06.29-17.57.36:803][  0]LogInit: XAudio2 using 'Realtek Digital Output (Realtek High Definition Audio)' : 2 channels at 48 kHz using 16 bits per sample (channel mask 0x3)
[2015.06.29-17.57.36:831][  0]LogInit: FAudioDevice initialized.
[2015.06.29-17.57.36:861][  0]LogDerivedDataCache: Saved boot cache 0.03s 53MB C:/Users/kuou/AppData/Local/UnrealEngine/4.8/DerivedDataCache/Boot.ddc.
[2015.06.29-17.57.36:867][  0]LogInit: Texture streaming: Disabled
[2015.06.29-17.57.36:899][  0]LogAnalytics: Creating configured Analytics provider AnalyticsET
[2015.06.29-17.57.36:899][  0]LogAnalytics: [UEEditor.Rocket.Release] APIServer = http://et2.epicgames.com/ET2/. AppVersion = 4.8.1-2591939+++depot+UE4-Releases+4.8
[2015.06.29-17.57.36:899][  0]LogAnalytics: [UEEditor.Rocket.Release] SetUserId 555eefa54cafb92ea7291c8c22567294|cda878fe2a114b8b8a2f532f4c48c5b9|82d31a09-2228-4ce9-9396-5d238f23a2b0
[2015.06.29-17.57.36:899][  0]LogAnalytics: [UEEditor.Rocket.Release] AnalyticsET::StartSession
[2015.06.29-17.57.36:933][  0]LogInit: Transaction tracking system initialized
[2015.06.29-17.57.37:102][  0]BlueprintLog: New page: エディタの読み込み
[2015.06.29-17.57.37:143][  0]LogAssetRegistry: FAssetRegistry took 0.0102 seconds to start up
[2015.06.29-17.57.37:143][  0]LogDirectoryWatcher:Warning: Failed to begin reading directory changes for ../../../Engine/Plugins/Experimental/CharacterAI/Content/. Error: 0
[2015.06.29-17.57.37:990][  0]LogConsoleManager:Warning: Console variable 'r.VSync' wasn't set ('GameSetting' has a lower priority than 'SystemSettingsIni')
[2015.06.29-17.57.37:990][  0]LogConsoleResponse:Display: 
[2015.06.29-17.57.38:107][  0]LogCook:Display: Done creating registry. It took  0.00s.
[2015.06.29-17.57.38:327][  0]SourceControl: 情報 ソースコントロールは無効です
[2015.06.29-17.57.38:327][  0]Cmd: MAP LOAD FILE="../../../../../../Users/kuou/Documents/GitHub/SamuraiGame/Content/Maps/Title.umap" TEMPLATE=0 SHOWPROGRESS=1 FEATURELEVEL=3
[2015.06.29-17.57.38:327][  0]LightingResults: New page: ライティングのビルド
[2015.06.29-17.57.38:341][  0]MapCheck: New page: マップをチェック
[2015.06.29-17.57.38:341][  0]LightingResults: New page: <何も選択されていません>
[2015.06.29-17.57.38:353][  0]LogParticles: Destroying 0 GPU particle simulations for FXSystem 0x0000000018324B80
[2015.06.29-17.57.39:222][  0]LogAIModule: Creating AISystem for world Title
[2015.06.29-17.57.39:227][  0]LogEditorServer: Finished looking for orphan Actors (0.000 secs)
[2015.06.29-17.57.39:232][  0]Cmd: MAP CHECKDEP NOCLEARLOG
[2015.06.29-17.57.39:271][  0]MapCheck: 情報 マップチェックが完了: 0 エラー、 0 警告、完了に 38.912ミリ秒かかりました。
[2015.06.29-17.57.39:271][  0]LogFileHelpers: Loading map 'Title' took 0.944
[2015.06.29-17.57.39:396][  0]LogCollectionManager: Loaded 0 collections in 0.002027 seconds
[2015.06.29-17.57.39:403][  0]LogContentBrowser: Native class hierarchy populated in 0.0075 seconds. Added 1792 classes and 301 folders.
[2015.06.29-17.57.39:450][  0]LogContentBrowser: Native class hierarchy updated for 'WidgetCarousel' in 0.0003 seconds. Added 0 classes and 0 folders.
[2015.06.29-17.57.39:482][  0]LogContentBrowser: Native class hierarchy updated for 'AddContentDialog' in 0.0003 seconds. Added 0 classes and 0 folders.
[2015.06.29-17.57.39:499][  0]LogContentBrowser: Native class hierarchy updated for 'SceneOutliner' in 0.0004 seconds. Added 1 classes and 2 folders.
[2015.06.29-17.57.39:535][  0]LogCrashTracker: Crashtracker disabled due to settings.
[2015.06.29-17.57.39:540][  0]LogUObjectGlobals:Warning: オブジェクト 'Class なし.' が見つかりませんでした
[2015.06.29-17.57.39:560][  0]LogLoad: Full Startup: 13.51 seconds (BP compile: 0.25 seconds)
[2015.06.29-17.57.39:988][  0]LogContentStreaming: Texture pool size is 0.000000MB
[2015.06.29-17.57.40:030][  0]LogContentStreaming: Texture pool size now 1000 MB
[2015.06.29-17.57.40:250][  0]LogRenderer: Reallocating scene render targets to support 1208x576 (Frame:2).
[2015.06.29-17.57.42:437][  9]LogAssetRegistry: Asset discovery search completed in 5.3050 seconds
[2015.06.29-17.57.47:437][ 82]BlueprintLog: New page: PIE以前の自動再コンパイル
[2015.06.29-17.57.47:437][ 82]LogPlayLevel: [PIE] Compiling Title before PIE...
[2015.06.29-17.57.47:623][ 82]LogPlayLevel: PIE:  Blueprint regeneration took 186 ms (1 blueprints)
[2015.06.29-17.57.47:628][ 82]PIE: New page: PIEセッション: Title (2015/06/30 11:57:47)
[2015.06.29-17.57.47:629][ 82]LogPlayLevel: Creating play world package: /Game/Maps/UEDPIE_0_Title
[2015.06.29-17.57.47:638][ 82]LogPlayLevel: PIE: StaticDuplicateObject took: (0.008980s)
[2015.06.29-17.57.47:638][ 82]LogAIModule: Creating AISystem for world Title
[2015.06.29-17.57.47:640][ 82]LogPlayLevel: PIE: World Init took: (0.001829s)
[2015.06.29-17.57.47:640][ 82]LogPlayLevel: PIE: Created PIE world by copying editor world from /Game/Maps/Title.Title to /Game/Maps/UEDPIE_0_Title.Title (0.011263s)
[2015.06.29-17.57.47:664][ 82]LogInit: XAudio2 using 'Realtek Digital Output (Realtek High Definition Audio)' : 2 channels at 48 kHz using 16 bits per sample (channel mask 0x3)
[2015.06.29-17.57.47:674][ 82]LogInit: FAudioDevice initialized.
[2015.06.29-17.57.49:287][ 82]LogWorld: Game class is 'MyGame_C'
[2015.06.29-17.57.49:292][ 82]LogWorld: Bringing World /Game/Maps/UEDPIE_0_Title.Title up for play (max tick rate 0) at 2015.06.30-02.57.49
[2015.06.29-17.57.49:292][ 82]LogActor:Warning: GameSession /Game/Maps/UEDPIE_0_Title.Title:PersistentLevel.GameSession_0 has natively added scene component(s), but none of them were set as the actor's RootComponent - picking one arbitrarily
[2015.06.29-17.57.49:293][ 82]LogActor:Warning: GameNetworkManager /Game/Maps/UEDPIE_0_Title.Title:PersistentLevel.GameNetworkManager_0 has natively added scene component(s), but none of them were set as the actor's RootComponent - picking one arbitrarily
[2015.06.29-17.57.49:293][ 82]LogWorld: Bringing up level for play took: 0.003187
[2015.06.29-17.57.49:302][ 82]PIE: 情報 /Game/Maps/UEDPIE_0_Title 1.272のプレイ イン エディタの開始時間
[2015.06.29-17.57.53:842][550]LogActorComponent: UnregisterComponent: (/Engine/Transient.CharMoveComp) Not registered. Aborting.
[2015.06.29-17.57.53:879][550]LogParticles: Destroying 0 GPU particle simulations for FXSystem 0x000000000FB46020
[2015.06.29-17.57.56:234][734]Cmd: QUIT_EDITOR
[2015.06.29-17.57.56:736][734]LogExit: Preparing to exit.
[2015.06.29-17.57.57:707][734]LogExit: Editor shut down
[2015.06.29-17.57.57:708][734]LogExit: Transaction tracking system shut down
[2015.06.29-17.57.57:709][734]LogParticles: Destroying 0 GPU particle simulations for FXSystem 0x000000000FC5F9C0
[2015.06.29-17.57.57:709][734]LogParticles: Destroying 0 GPU particle simulations for FXSystem 0x00000000277279C0
[2015.06.29-17.57.57:710][734]LogParticles: Destroying 0 GPU particle simulations for FXSystem 0x000000002FA92480
[2015.06.29-17.57.57:927][734]LogExit: Object subsystem successfully closed.
[2015.06.29-17.57.58:025][734]LogModuleManager: Shutting down and abandoning module CrashTracker (188)
[2015.06.29-17.57.58:026][734]LogModuleManager: Shutting down and abandoning module SceneOutliner (187)
[2015.06.29-17.57.58:026][734]LogModuleManager: Shutting down and abandoning module SuperSearch (186)
[2015.06.29-17.57.58:026][734]LogModuleManager: Shutting down and abandoning module WidgetCarousel (185)
[2015.06.29-17.57.58:026][734]LogModuleManager: Shutting down and abandoning module AddContentDialog (184)
[2015.06.29-17.57.58:026][734]LogModuleManager: Shutting down and abandoning module EditorWidgets (183)
[2015.06.29-17.57.58:026][734]LogModuleManager: Shutting down and abandoning module CollectionManager (182)
[2015.06.29-17.57.58:027][734]LogModuleManager: Shutting down and abandoning module StatsViewer (181)
[2015.06.29-17.57.58:027][734]LogModuleManager: Shutting down and abandoning module FoliageEdit (180)
[2015.06.29-17.57.58:027][734]LogModuleManager: Shutting down and abandoning module LandscapeEditor (179)
[2015.06.29-17.57.58:027][734]LogModuleManager: Shutting down and abandoning module ActorPickerMode (178)
[2015.06.29-17.57.58:027][734]LogModuleManager: Shutting down and abandoning module GeometryMode (177)
[2015.06.29-17.57.58:027][734]LogModuleManager: Shutting down and abandoning module TextureAlignMode (176)
[2015.06.29-17.57.58:027][734]LogModuleManager: Shutting down and abandoning module BspMode (175)
[2015.06.29-17.57.58:027][734]LogModuleManager: Shutting down and abandoning module PlacementMode (174)
[2015.06.29-17.57.58:027][734]LogModuleManager: Shutting down and abandoning module AutomationWorker (173)
[2015.06.29-17.57.58:027][734]LogModuleManager: Shutting down and abandoning module CharacterAI (172)
[2015.06.29-17.57.58:027][734]LogModuleManager: Shutting down and abandoning module SmartSnapping (171)
[2015.06.29-17.57.58:027][734]LogModuleManager: Shutting down and abandoning module ViewportSnapping (170)
[2015.06.29-17.57.58:027][734]LogModuleManager: Shutting down and abandoning module LogVisualizer (169)
[2015.06.29-17.57.58:027][734]LogModuleManager: Shutting down and abandoning module GameProjectGeneration (168)
[2015.06.29-17.57.58:027][734]LogModuleManager: Shutting down and abandoning module IntroTutorials (167)
[2015.06.29-17.57.58:027][734]LogModuleManager: Shutting down and abandoning module EditorLiveStreaming (166)
[2015.06.29-17.57.58:027][734]LogModuleManager: Shutting down and abandoning module IOSPlatformEditor (165)
[2015.06.29-17.57.58:027][734]LogModuleManager: Shutting down and abandoning module HTML5PlatformEditor (164)
[2015.06.29-17.57.58:028][734]LogModuleManager: Shutting down and abandoning module AndroidDeviceDetection (163)
[2015.06.29-17.57.58:722][734]LogModuleManager: Shutting down and abandoning module AndroidPlatformEditor (162)
[2015.06.29-17.57.58:722][734]LogModuleManager: Shutting down and abandoning module IOSRuntimeSettings (161)
[2015.06.29-17.57.58:722][734]LogModuleManager: Shutting down and abandoning module AndroidRuntimeSettings (160)
[2015.06.29-17.57.58:722][734]LogModuleManager: Shutting down and abandoning module MergeActors (159)
[2015.06.29-17.57.58:722][734]LogModuleManager: Shutting down and abandoning module SizeMap (158)
[2015.06.29-17.57.58:722][734]LogModuleManager: Shutting down and abandoning module TreeMap (157)
[2015.06.29-17.57.58:722][734]LogModuleManager: Shutting down and abandoning module ReferenceViewer (156)
[2015.06.29-17.57.58:722][734]LogModuleManager: Shutting down and abandoning module LocalizationDashboard (155)
[2015.06.29-17.57.58:722][734]LogModuleManager: Shutting down and abandoning module HardwareTargeting (154)
[2015.06.29-17.57.58:722][734]LogModuleManager: Shutting down and abandoning module DeviceProfileEditor (153)
[2015.06.29-17.57.58:722][734]LogModuleManager: Shutting down and abandoning module UndoHistory (152)
[2015.06.29-17.57.58:722][734]LogModuleManager: Shutting down and abandoning module GameplayTagsEditor (151)
[2015.06.29-17.57.58:722][734]LogModuleManager: Shutting down and abandoning module UserFeedback (150)
[2015.06.29-17.57.58:722][734]LogModuleManager: Shutting down and abandoning module XmlParser (149)
[2015.06.29-17.57.58:722][734]LogModuleManager: Shutting down and abandoning module Blutility (148)
[2015.06.29-17.57.58:722][734]LogModuleManager: Shutting down and abandoning module ProjectTargetPlatformEditor (147)
[2015.06.29-17.57.58:722][734]LogModuleManager: Shutting down and abandoning module ProjectSettingsViewer (146)
[2015.06.29-17.57.58:723][734]LogModuleManager: Shutting down and abandoning module InputBindingEditor (145)
[2015.06.29-17.57.58:723][734]LogModuleManager: Shutting down and abandoning module EditorSettingsViewer (144)
[2015.06.29-17.57.58:723][734]LogModuleManager: Shutting down and abandoning module SettingsEditor (143)
[2015.06.29-17.57.58:723][734]LogModuleManager: Shutting down and abandoning module ProjectLauncher (142)
[2015.06.29-17.57.58:723][734]LogModuleManager: Shutting down and abandoning module SessionFrontend (141)
[2015.06.29-17.57.58:723][734]LogModuleManager: Shutting down and abandoning module ProfilerClient (140)
[2015.06.29-17.57.58:723][734]LogModuleManager: Shutting down and abandoning module TargetDeviceServices (139)
[2015.06.29-17.57.58:723][734]LogModuleManager: Shutting down and abandoning module DeviceManager (138)
[2015.06.29-17.57.58:723][734]LogModuleManager: Shutting down and abandoning module AutomationController (137)
[2015.06.29-17.57.58:723][734]LogModuleManager: Shutting down and abandoning module AutomationWindow (136)
[2015.06.29-17.57.58:723][734]LogModuleManager: Shutting down and abandoning module Layers (135)
[2015.06.29-17.57.58:723][734]LogModuleManager: Shutting down and abandoning module ComponentVisualizers (134)
[2015.06.29-17.57.58:723][734]LogModuleManager: Shutting down and abandoning module DetailCustomizations (133)
[2015.06.29-17.57.58:723][734]LogModuleManager: Shutting down and abandoning module PackagesDialog (132)
[2015.06.29-17.57.58:723][734]LogModuleManager: Shutting down and abandoning module AssetRegistry (131)
[2015.06.29-17.57.58:844][734]LogModuleManager: Shutting down and abandoning module Persona (130)
[2015.06.29-17.57.58:845][734]LogModuleManager: Shutting down and abandoning module Kismet (129)
[2015.06.29-17.57.58:845][734]LogModuleManager: Shutting down and abandoning module GraphEditor (128)
[2015.06.29-17.57.58:845][734]LogModuleManager: Shutting down and abandoning module ClassViewer (127)
[2015.06.29-17.57.58:845][734]LogModuleManager: Shutting down and abandoning module Toolbox (126)
[2015.06.29-17.57.58:845][734]LogModuleManager: Shutting down and abandoning module ModuleUI (125)
[2015.06.29-17.57.58:845][734]LogModuleManager: Shutting down and abandoning module MovieSceneTools (124)
[2015.06.29-17.57.58:845][734]LogModuleManager: Shutting down and abandoning module OutputLog (123)
[2015.06.29-17.57.58:845][734]LogModuleManager: Shutting down and abandoning module GammaUI (122)
[2015.06.29-17.57.58:845][734]LogModuleManager: Shutting down and abandoning module Documentation (121)
[2015.06.29-17.57.58:845][734]LogModuleManager: Shutting down and abandoning module GameLiveStreaming (120)
[2015.06.29-17.57.58:845][734]LogModuleManager: Shutting down and abandoning module StreamingPauseRendering (119)
[2015.06.29-17.57.58:845][734]LogModuleManager: Shutting down and abandoning module AnalyticsET (118)
[2015.06.29-17.57.58:845][734]LogModuleManager: Shutting down and abandoning module Analytics (117)
[2015.06.29-17.57.58:845][734]LogModuleManager: Shutting down and abandoning module AITestSuite (116)
[2015.06.29-17.57.58:845][734]LogModuleManager: Shutting down and abandoning module GameplayDebugger (115)
[2015.06.29-17.57.58:845][734]LogModuleManager: Shutting down and abandoning module AIModule (114)
[2015.06.29-17.57.58:845][734]LogModuleManager: Shutting down and abandoning module ProfilerService (113)
[2015.06.29-17.57.59:044][734]LogModuleManager: Shutting down and abandoning module TaskGraph (112)
[2015.06.29-17.57.59:044][734]LogModuleManager: Shutting down and abandoning module SlateRemote (111)
[2015.06.29-17.57.59:044][734]LogModuleManager: Shutting down and abandoning module SteamVRController (110)
[2015.06.29-17.57.59:044][734]LogModuleManager: Shutting down and abandoning module SteamVR (109)
[2015.06.29-17.57.59:044][734]LogModuleManager: Shutting down and abandoning module ProceduralMeshComponent (108)
[2015.06.29-17.57.59:044][734]LogModuleManager: Shutting down and abandoning module OculusRift (107)
[2015.06.29-17.57.59:044][734]LogModuleManager: Shutting down and abandoning module LeapMotionController (106)
[2015.06.29-17.57.59:060][734]LogModuleManager: Shutting down and abandoning module CustomMeshComponent (105)
[2015.06.29-17.57.59:060][734]LogModuleManager: Shutting down and abandoning module CableComponent (104)
[2015.06.29-17.57.59:060][734]LogModuleManager: Shutting down and abandoning module MessagingDebugger (103)
[2015.06.29-17.57.59:060][734]LogModuleManager: Shutting down and abandoning module MediaPlayerEditor (102)
[2015.06.29-17.57.59:060][734]LogModuleManager: Shutting down and abandoning module SpeedTreeImporter (101)
[2015.06.29-17.57.59:060][734]LogModuleManager: Shutting down and abandoning module PluginBrowser (100)
[2015.06.29-17.57.59:060][734]LogModuleManager: Shutting down and abandoning module EpicSurvey (99)
[2015.06.29-17.57.59:060][734]LogModuleManager: Shutting down and abandoning module DesktopPlatform (98)
[2015.06.29-17.57.59:060][734]LogModuleManager: Shutting down and abandoning module VisualStudioSourceCodeAccess (97)
[2015.06.29-17.57.59:060][734]LogModuleManager: Shutting down and abandoning module UObjectPlugin (96)
[2015.06.29-17.57.59:060][734]LogModuleManager: Shutting down and abandoning module SubversionSourceControl (95)
[2015.06.29-17.57.59:061][734]LogModuleManager: Shutting down and abandoning module PerforceSourceControl (94)
[2015.06.29-17.57.59:061][734]LogModuleManager: Shutting down and abandoning module SourceControl (93)
[2015.06.29-17.57.59:061][734]LogModuleManager: Shutting down and abandoning module GitSourceControl (92)
[2015.06.29-17.57.59:061][734]LogModuleManager: Shutting down and abandoning module BlankPlugin (91)
[2015.06.29-17.57.59:061][734]LogModuleManager: Shutting down and abandoning module PaperTiledImporter (90)
[2015.06.29-17.57.59:061][734]LogModuleManager: Shutting down and abandoning module PaperSpriteSheetImporter (89)
[2015.06.29-17.57.59:061][734]LogModuleManager: Shutting down and abandoning module MeshPaint (88)
[2015.06.29-17.57.59:061][734]LogModuleManager: Shutting down and abandoning module SlateReflector (87)
[2015.06.29-17.57.59:061][734]LogModuleManager: Shutting down and abandoning module DirectoryWatcher (86)
[2015.06.29-17.57.59:061][734]LogModuleManager: Shutting down and abandoning module HotReload (85)
[2015.06.29-17.57.59:061][734]LogModuleManager: Shutting down and abandoning module MainFrame (84)
[2015.06.29-17.57.59:061][734]LogModuleManager: Shutting down and abandoning module LevelEditor (83)
[2015.06.29-17.57.59:063][734]LogModuleManager: Shutting down and abandoning module ContentBrowser (82)
[2015.06.29-17.57.59:064][734]LogModuleManager: Shutting down and abandoning module Paper2DEditor (81)
[2015.06.29-17.57.59:064][734]LogModuleManager: Shutting down and abandoning module UdpMessaging (80)
[2015.06.29-17.57.59:164][734]LogModuleManager: Shutting down and abandoning module Paper2D (79)
[2015.06.29-17.57.59:164][734]LogModuleManager: Shutting down and abandoning module WindowsMoviePlayer (78)
[2015.06.29-17.57.59:168][734]LogModuleManager: Shutting down and abandoning module Media (77)
[2015.06.29-17.57.59:168][734]LogModuleManager: Shutting down and abandoning module WmfMedia (76)
[2015.06.29-17.57.59:169][734]LogModuleManager: Shutting down and abandoning module OnlineBlueprintSupport (75)
[2015.06.29-17.57.59:169][734]LogModuleManager: Shutting down and abandoning module PropertyEditor (74)
[2015.06.29-17.57.59:169][734]LogModuleManager: Shutting down and abandoning module BehaviorTreeEditor (73)
[2015.06.29-17.57.59:169][734]LogModuleManager: Shutting down and abandoning module FunctionalTesting (72)
[2015.06.29-17.57.59:169][734]LogModuleManager: Shutting down and abandoning module CollisionAnalyzer (71)
[2015.06.29-17.57.59:169][734]LogModuleManager: Shutting down and abandoning module WorkspaceMenuStructure (70)
[2015.06.29-17.57.59:169][734]LogModuleManager: Shutting down and abandoning module MessageLog (69)
[2015.06.29-17.57.59:169][734]LogModuleManager: Shutting down and abandoning module Sequencer (68)
[2015.06.29-17.57.59:169][734]LogModuleManager: Shutting down and abandoning module AssetTools (67)
[2015.06.29-17.57.59:169][734]LogModuleManager: Shutting down and abandoning module UMGEditor (66)
[2015.06.29-17.57.59:169][734]LogModuleManager: Shutting down and abandoning module UMG (65)
[2015.06.29-17.57.59:169][734]LogModuleManager: Shutting down and abandoning module Slate (64)
[2015.06.29-17.57.59:169][734]LogModuleManager: Shutting down and abandoning module EditorStyle (63)
[2015.06.29-17.57.59:174][734]LogModuleManager: Shutting down and abandoning module SessionServices (62)
[2015.06.29-17.57.59:174][734]LogModuleManager: Shutting down and abandoning module SourceCodeAccess (61)
[2015.06.29-17.57.59:174][734]LogModuleManager: Shutting down and abandoning module HeadMountedDisplay (60)
[2015.06.29-17.57.59:174][734]LogModuleManager: Shutting down and abandoning module XAudio2 (59)
[2015.06.29-17.57.59:174][734]LogModuleManager: Shutting down and abandoning module Networking (57)
[2015.06.29-17.57.59:174][734]LogModuleManager: Shutting down and abandoning module Core (56)
[2015.06.29-17.57.59:174][734]LogModuleManager: Shutting down and abandoning module KismetCompiler (55)
[2015.06.29-17.57.59:174][734]LogModuleManager: Shutting down and abandoning module PhysXFormats (54)
[2015.06.29-17.57.59:174][734]LogModuleManager: Shutting down and abandoning module MeshUtilities (53)
[2015.06.29-17.57.59:174][734]LogModuleManager: Shutting down and abandoning module DerivedDataCache (52)
[2015.06.29-17.57.59:379][734]LogDerivedDataCache: Shutdown
[2015.06.29-17.57.59:379][734]LogModuleManager: Shutting down and abandoning module ShaderFormatOpenGL (51)
[2015.06.29-17.57.59:379][734]LogModuleManager: Shutting down and abandoning module ShaderFormatD3D (50)
[2015.06.29-17.57.59:379][734]LogModuleManager: Shutting down and abandoning module MetalShaderFormat (49)
[2015.06.29-17.57.59:379][734]LogModuleManager: Shutting down and abandoning module TextureFormatUncompressed (48)
[2015.06.29-17.57.59:379][734]LogModuleManager: Shutting down and abandoning module TextureFormatPVR (47)
[2015.06.29-17.57.59:379][734]LogModuleManager: Shutting down and abandoning module TextureFormatIntelISPCTexComp (46)
[2015.06.29-17.57.59:379][734]LogModuleManager: Shutting down and abandoning module TextureFormatDXT (45)
[2015.06.29-17.57.59:379][734]LogModuleManager: Shutting down and abandoning module ImageWrapper (44)
[2015.06.29-17.57.59:379][734]LogModuleManager: Shutting down and abandoning module TextureFormatASTC (43)
[2015.06.29-17.57.59:379][734]LogModuleManager: Shutting down and abandoning module TextureFormatAndroid (42)
[2015.06.29-17.57.59:379][734]LogModuleManager: Shutting down and abandoning module AudioFormatOpus (41)
[2015.06.29-17.57.59:379][734]LogModuleManager: Shutting down and abandoning module AudioFormatOgg (40)
[2015.06.29-17.57.59:379][734]LogModuleManager: Shutting down and abandoning module AudioFormatADPCM (39)
[2015.06.29-17.57.59:379][734]LogModuleManager: Shutting down and abandoning module LinuxTargetPlatform (38)
[2015.06.29-17.57.59:379][734]LogModuleManager: Shutting down and abandoning module LinuxServerTargetPlatform (37)
[2015.06.29-17.57.59:379][734]LogModuleManager: Shutting down and abandoning module LinuxNoEditorTargetPlatform (36)
[2015.06.29-17.57.59:380][734]LogModuleManager: Shutting down and abandoning module Messaging (35)
[2015.06.29-17.57.59:380][734]LogModuleManager: Shutting down and abandoning module IOSTargetPlatform (34)
[2015.06.29-17.57.59:380][734]LogModuleManager: Shutting down and abandoning module HTML5TargetPlatform (33)
[2015.06.29-17.57.59:380][734]LogModuleManager: Shutting down and abandoning module Android_PVRTCTargetPlatform (32)
[2015.06.29-17.57.59:380][734]LogModuleManager: Shutting down and abandoning module Android_ETC2TargetPlatform (31)
[2015.06.29-17.57.59:380][734]LogModuleManager: Shutting down and abandoning module Android_ETC1TargetPlatform (30)
[2015.06.29-17.57.59:380][734]LogModuleManager: Shutting down and abandoning module Android_DXTTargetPlatform (29)
[2015.06.29-17.57.59:380][734]LogModuleManager: Shutting down and abandoning module Android_ATCTargetPlatform (28)
[2015.06.29-17.57.59:380][734]LogModuleManager: Shutting down and abandoning module Android_ASTCTargetPlatform (27)
[2015.06.29-17.57.59:380][734]LogModuleManager: Shutting down and abandoning module AndroidTargetPlatform (26)
[2015.06.29-17.57.59:380][734]LogModuleManager: Shutting down and abandoning module WindowsTargetPlatform (25)
[2015.06.29-17.57.59:380][734]LogModuleManager: Shutting down and abandoning module WindowsServerTargetPlatform (24)
[2015.06.29-17.57.59:380][734]LogModuleManager: Shutting down and abandoning module WindowsNoEditorTargetPlatform (23)
[2015.06.29-17.57.59:380][734]LogModuleManager: Shutting down and abandoning module WindowsClientTargetPlatform (22)
[2015.06.29-17.57.59:380][734]LogModuleManager: Shutting down and abandoning module DesktopTargetPlatform (21)
[2015.06.29-17.57.59:380][734]LogModuleManager: Shutting down and abandoning module TargetPlatform (20)
[2015.06.29-17.57.59:380][734]LogModuleManager: Shutting down and abandoning module InputCore (19)
[2015.06.29-17.57.59:380][734]LogModuleManager: Shutting down and abandoning module Settings (18)
[2015.06.29-17.57.59:380][734]LogModuleManager: Shutting down and abandoning module OnlineSubsystem (16)
[2015.06.29-17.57.59:380][734]LogModuleManager: Shutting down and abandoning module HTTP (15)
[2015.06.29-17.57.59:380][734]LogModuleManager: Shutting down and abandoning module ExampleDeviceProfileSelector (14)
[2015.06.29-17.57.59:380][734]LogModuleManager: Shutting down and abandoning module TextureCompressor (13)
[2015.06.29-17.57.59:380][734]LogModuleManager: Shutting down and abandoning module ShaderCore (12)
[2015.06.29-17.57.59:380][734]LogModuleManager: Shutting down and abandoning module Landscape (11)
[2015.06.29-17.57.59:380][734]LogModuleManager: Shutting down and abandoning module SlateRHIRenderer (10)
[2015.06.29-17.57.59:383][734]LogModuleManager: Shutting down and abandoning module OpenGLDrv (9)
[2015.06.29-17.57.59:383][734]LogModuleManager: Shutting down and abandoning module D3D11RHI (8)
[2015.06.29-17.57.59:383][734]LogModuleManager: Shutting down and abandoning module Renderer (7)
[2015.06.29-17.57.59:383][734]LogModuleManager: Shutting down and abandoning module Engine (6)
[2015.06.29-17.57.59:383][734]LogModuleManager: Shutting down and abandoning module CoreUObject (5)
[2015.06.29-17.57.59:383][734]LogModuleManager: Shutting down and abandoning module NetworkFile (4)
[2015.06.29-17.57.59:383][734]LogModuleManager: Shutting down and abandoning module StreamingFile (3)
[2015.06.29-17.57.59:383][734]LogModuleManager: Shutting down and abandoning module SandboxFile (2)
[2015.06.29-17.57.59:383][734]LogModuleManager: Shutting down and abandoning module PakFile (1)
[2015.06.29-17.57.59:384][734]LogExit: Exiting.
[2015.06.29-17.57.59:386][734]Log file closed, 06/30/15 02:57:59
