Log file open, 05/10/15 23:48:26
LogInit:Display: Running engine for game: SamuraiGame
LogInit: Version: 4.7.6-2513093+++depot+UE4-Releases+4.7
LogInit: API Version: 2455222
LogInit: Compiled (64-bit): Apr 15 2015 12:09:54
LogInit: Compiled with Visual C++: 18.00.21005.01
LogInit: Build Configuration: Development
LogInit: Branch Name: ++depot+UE4-Releases+4.7
LogInit: Command line:  
LogInit: Base directory: C:/Program Files/Epic Games/4.7/Engine/Binaries/Win64/
LogInit: Rocket: 1
[2015.05.10-14.48.26:788][  0]LogTaskGraph: Started task graph with 3 named threads and 6 total threads.
[2015.05.10-14.48.26:865][  0]LogOnline:Warning: No default platform service specified for OnlineSubsystem
[2015.05.10-14.48.26:898][  0]LogInit: Presizing for 0 objects not considered by GC, pre-allocating 0 bytes.
[2015.05.10-14.48.26:913][  0]LogInit: Object subsystem initialized
[2015.05.10-14.48.26:916][  0]LogConsoleResponse:Warning: Skipping Unknown console variable: 'TranslucentSortAxis = (X=0.000000,Y=-1.000000,Z=0.000000)'
[2015.05.10-14.48.26:916][  0]LogConsoleResponse:Warning:   Found in ini file 'C:/Users/coroha/Documents/GitHub/SamuraiGame/Saved/Config/Windows/Engine.ini', in section '[/Script/Engine.RendererSettings]'
[2015.05.10-14.48.26:916][  0]LogConsoleResponse:Warning: Skipping Unknown console variable: 'UIScaleRule = ShortestSide'
[2015.05.10-14.48.26:916][  0]LogConsoleResponse:Warning:   Found in ini file 'C:/Users/coroha/Documents/GitHub/SamuraiGame/Saved/Config/Windows/Engine.ini', in section '[/Script/Engine.RendererSettings]'
[2015.05.10-14.48.26:916][  0]LogConsoleResponse:Warning: Skipping Unknown console variable: 'UIScaleCurve = (EditorCurveData=(Keys=),ExternalCurve=None)'
[2015.05.10-14.48.26:916][  0]LogConsoleResponse:Warning:   Found in ini file 'C:/Users/coroha/Documents/GitHub/SamuraiGame/Saved/Config/Windows/Engine.ini', in section '[/Script/Engine.RendererSettings]'
[2015.05.10-14.48.26:917][  0]LogInit: Selected Device Profile: [Windows]
[2015.05.10-14.48.26:917][  0]LogInit: Applying CVar settings loaded from the selected device profile: [Windows]
[2015.05.10-14.48.26:930][  0]LogInit: Computer: COROHA-UE
[2015.05.10-14.48.26:930][  0]LogInit: User: coroha
[2015.05.10-14.48.26:930][  0]LogInit: CPU Page size=4096, Cores=4
[2015.05.10-14.48.26:930][  0]LogInit: High frequency timer resolution =2.728055 MHz
[2015.05.10-14.48.26:930][  0]LogMemory: Memory total: Physical=15.8GB (16GB approx) Virtual=131072.0GB
[2015.05.10-14.48.26:930][  0]LogMemory: Platform Memory Stats for Windows
[2015.05.10-14.48.26:930][  0]LogMemory: Process Physical Memory: 46.28 MB used, 46.28 MB peak
[2015.05.10-14.48.26:930][  0]LogMemory: Process Virtual Memory: 24.82 MB used, 24.82 MB peak
[2015.05.10-14.48.26:930][  0]LogMemory: Physical Memory: 4712.95 MB used, 16211.00 MB total
[2015.05.10-14.48.26:930][  0]LogMemory: Virtual Memory: 287.45 MB used, 134217728.00 MB total
[2015.05.10-14.48.26:981][  0]LogD3D11RHI: Found D3D11 adapter 0: NVIDIA GeForce GTX 860M     (Feature Level 11_0)
[2015.05.10-14.48.26:981][  0]LogD3D11RHI: Adapter has 1972MB of dedicated video memory, 0MB of dedicated system memory, and 2048MB of shared system memory, 1 output[s]
[2015.05.10-14.48.26:996][  0]LogD3D11RHI: Found D3D11 adapter 1: Intel(R) HD Graphics 4600 (Feature Level 11_0)
[2015.05.10-14.48.26:996][  0]LogD3D11RHI: Adapter has 96MB of dedicated video memory, 0MB of dedicated system memory, and 1696MB of shared system memory, 0 output[s]
[2015.05.10-14.48.26:998][  0]LogD3D11RHI: Found D3D11 adapter 2: Microsoft Basic Render Driver (Feature Level 11_0)
[2015.05.10-14.48.26:998][  0]LogD3D11RHI: Adapter has 0MB of dedicated video memory, 0MB of dedicated system memory, and 256MB of shared system memory, 0 output[s]
[2015.05.10-14.48.26:998][  0]LogD3D11RHI: Chosen D3D11 Adapter Id = 0
[2015.05.10-14.48.27:010][  0]LogRHI: Texture pool is 1361 MB (70% of 1945 MB)
[2015.05.10-14.48.27:027][  0]LogD3D11RHI: Async texture creation enabled
[2015.05.10-14.48.27:133][  0]LogTextLocalizationManager: The requested culture ('ja_JP') has no localization data; parent culture's ('ja') localization data will be used.
[2015.05.10-14.48.27:235][  0]LogTextLocalizationManager:Warning: Loading localization resources contain conflicting entries for (Namespace:UICommands, Key:Save_ToolTip):
Resource: (C:/Program Files/Epic Games/4.7/Engine/Content/Localization/Editor/ja/Editor.locres) Hash: (-29098895) String: (現行レベルをディスクに保存)
Resource: (C:/Program Files/Epic Games/4.7/Engine/Content/Localization/Engine/ja/Engine.locres) Hash: (-1280300587) String: (選択データをvlogファイルに保存)
[2015.05.10-14.48.27:235][  0]LogTextLocalizationManager:Warning: Loading localization resources contain conflicting entries for (Namespace:ContentBrowser, Key:ImportAssetToolTip):
Resource: (C:/Program Files/Epic Games/4.7/Engine/Content/Localization/Editor/ja/Editor.locres) Hash: (-630476809) String: ({0} にインポート...)
Resource: (C:/Program Files/Epic Games/4.7/Engine/Content/Localization/Editor/ja/Editor.locres) Hash: (1271782899) String: (このフォルダへファイルからアセットをインポート)
[2015.05.10-14.48.27:374][  0]LogContentStreaming: Texture pool size is 0.000000MB
[2015.05.10-14.48.31:908][  0]LogTargetPlatformManager:Display: Building Assets For Windows
[2015.05.10-14.48.33:177][  0]LogTargetPlatformManager:Display: Building Assets For Windows
[2015.05.10-14.48.33:325][  0]LogDerivedDataCache:Display: Max Cache Size: 512 MB
[2015.05.10-14.48.33:408][  0]LogDerivedDataCache: Loaded boot cache 0.08s 39MB C:/Users/coroha/AppData/Local/UnrealEngine/4.7/DerivedDataCache/Boot.ddc.
[2015.05.10-14.48.33:408][  0]LogDerivedDataCache:Display: Loaded Boot cache: C:/Users/coroha/AppData/Local/UnrealEngine/4.7/DerivedDataCache/Boot.ddc
[2015.05.10-14.48.33:408][  0]LogDerivedDataCache: FDerivedDataBackendGraph:  Pak pak cache file ../../../../../../Users/coroha/Documents/GitHub/SamuraiGame/DerivedDataCache/DDC.ddp not found, will not use a pak cache.
[2015.05.10-14.48.33:408][  0]LogDerivedDataCache: Unable to find inner node Pak for hierarchical cache Hierarchy.
[2015.05.10-14.48.33:630][  0]LogDerivedDataCache:Display: Pak cache opened for reading ../../../Engine/DerivedDataCache/Compressed.ddp.
[2015.05.10-14.48.33:643][  0]LogDerivedDataCache: Using Local data cache path C:/Users/coroha/AppData/Local/UnrealEngine/Common/DerivedDataCache: Writable
[2015.05.10-14.48.34:229][  0]LogMeshUtilities: No automatic mesh reduction module available
[2015.05.10-14.48.34:229][  0]LogMeshUtilities: No automatic mesh merging module available
[2015.05.10-14.48.35:096][  0]LogInit: WinSock: version 1.1 (2.2), MaxSocks=32767, MaxUdp=65467
[2015.05.10-14.48.35:319][  0]LogSlate:Warning: Failed to load font data from '../../../Engine/Content/Slate/Fonts/Roboto-Italic.ttf'
[2015.05.10-14.48.37:148][  0]UdpMessaging: Initializing bridge on interface 0.0.0.0:0 to multicast group 230.0.0.1:6666.
[2015.05.10-14.48.37:627][  0]SourceControl: 情報 ソースコントロールは無効です
[2015.05.10-14.48.37:627][  0]SourceControl: 情報 ソースコントロールは無効です
[2015.05.10-14.48.37:627][  0]SourceControl: 情報 ソースコントロールは無効です
[2015.05.10-14.48.37:627][  0]LogSourceControl: RunCommandInternalRaw: 'git version'
[2015.05.10-14.48.37:627][  0]LogSourceControl: RunCommandInternalRaw: ExecProcess ReturnCode=2 OutResults=''
[2015.05.10-14.48.37:653][  0]SourceControl: 情報 ソースコントロールは無効です
[2015.05.10-14.48.38:147][  0]LogObj: 24232 objects as part of root set at end of initial load.
[2015.05.10-14.48.38:147][  0]LogUObjectAllocator: 5137176 out of 0 bytes used by permanent object pool.
[2015.05.10-14.48.38:344][  0]LogEngine: Initializing Engine...
[2015.05.10-14.48.40:668][  0]LogInit: XAudio2 using 'スピーカー (2- VIA HD Audio)' : 2 channels at 48 kHz using 32 bits per sample (channel mask 0x3)
[2015.05.10-14.48.40:693][  0]LogInit: FAudioDevice initialized.
[2015.05.10-14.48.40:794][  0]LogAIModule: Creating AISystem for world NewWorld
[2015.05.10-14.48.40:829][  0]LogDerivedDataCache: Saved boot cache 0.03s 39MB C:/Users/coroha/AppData/Local/UnrealEngine/4.7/DerivedDataCache/Boot.ddc.
[2015.05.10-14.48.40:835][  0]LogInit: Texture streaming: Enabled
[2015.05.10-14.48.41:095][  0]LogAnalytics: Creating configured Analytics provider AnalyticsET
[2015.05.10-14.48.41:095][  0]LogAnalytics: ET APIKey = Rocket.Release. APIServer = http://et2.epicgames.com/ET2/. AppVersion = 4.7.6-2513093+++depot+UE4-Releases+4.7
[2015.05.10-14.48.41:095][  0]LogAnalytics: ET APIKey = Rocket.Release. DataRouterUploadURL = https://datarouter-public-service-gamedev.ol.epicgames.net/datarouter/api/v1/public/data. AppVersion = 4.7.6-2513093+++depot+UE4-Releases+4.7
[2015.05.10-14.48.41:095][  0]LogAnalytics: SetUserId 992cc9b84c32f397d594cba0c22b6133|cda878fe2a114b8b8a2f532f4c48c5b9|7cc6f6e9-efaf-4a97-9a89-4cec2ca61680
[2015.05.10-14.48.41:096][  0]LogAnalytics: AnalyticsET::StartSession [Rocket.Release]
[2015.05.10-14.48.41:175][  0]LogInit: Transaction tracking system initialized
[2015.05.10-14.48.41:644][  0]BlueprintLog: New page: エディタの読み込み
[2015.05.10-14.48.41:721][  0]LogAssetRegistry: FAssetRegistry took 0.0112 seconds to start up
[2015.05.10-14.48.41:722][  0]LogDirectoryWatcher:Warning: Failed to begin reading directory changes for ../../../Engine/Plugins/Experimental/CharacterAI/Content/. Error: 0
[2015.05.10-14.48.43:133][  0]LogTargetPlatformManager:Display: Building Assets For Windows
[2015.05.10-14.48.44:089][  0]LogTargetPlatformManager:Display: Building Assets For Windows
[2015.05.10-14.48.44:829][  0]LogSlate:Warning: Failed to load font data from '../../../Engine/Content/Editor/Slate/Fonts/Roboto-Regular.ttf'
[2015.05.10-14.48.44:830][  0]LogSlate:Warning: Failed to load font data from '../../../Engine/Content/Editor/Slate/Fonts/Roboto-Bold.ttf'
[2015.05.10-14.48.44:839][  0]LogConsoleResponse:Display: 
[2015.05.10-14.48.45:141][  0]LogCook:Display: Done creating registry. It took  0.00s.
[2015.05.10-14.48.45:528][  0]SourceControl: 情報 ソースコントロールは無効です
[2015.05.10-14.48.45:528][  0]Cmd: MAP LOAD FILE="../../../../../../Users/coroha/Documents/GitHub/SamuraiGame/Content/MobileStarterContent/Maps/Minimal_Default.umap" TEMPLATE=0 SHOWPROGRESS=1 FEATURELEVEL=3
[2015.05.10-14.48.45:581][  0]LightingResults: New page: ライティングのビルド
[2015.05.10-14.48.45:613][  0]MapCheck: New page: マップをチェック
[2015.05.10-14.48.45:613][  0]LightingResults: New page: <何も選択されていません>
[2015.05.10-14.48.45:625][  0]LogParticles: Destroying 0 GPU particle simulations for FXSystem 0x000000494E33E980
[2015.05.10-14.48.47:664][  0]LogEditorServer: Finished looking for orphan Actors (0.000 secs)
[2015.05.10-14.48.47:687][  0]LogAIModule: Creating AISystem for world Minimal_Default
[2015.05.10-14.48.47:689][  0]Cmd: MAP CHECKDEP
[2015.05.10-14.48.47:689][  0]MapCheck: New page: Minimal_Default - 2015/05/11 8:48:47
[2015.05.10-14.48.47:968][  0]MapCheck: 情報 マップチェックが完了: 0 エラー、 0 警告、完了に 279.453ミリ秒かかりました。
[2015.05.10-14.48.47:968][  0]LogFileHelpers: Loading map 'Minimal_Default' took 2.440
[2015.05.10-14.48.48:415][  0]LogCollectionManager: Loaded 0 collections in 0.004088 seconds
[2015.05.10-14.48.48:439][  0]LogContentBrowser: Native class hierarchy populated in 0.0230 seconds. Added 1696 classes and 261 folders.
[2015.05.10-14.48.48:533][  0]LogContentBrowser: Native class hierarchy updated for 'SceneOutliner' in 0.0065 seconds. Added 1 classes and 2 folders.
[2015.05.10-14.48.48:643][  0]LogCrashTracker: Crashtracker disabled due to settings.
[2015.05.10-14.48.48:646][  0]LogSlate:Warning: Failed to load font data from 'Veranda'
[2015.05.10-14.48.48:672][  0]LogUObjectGlobals:Warning: オブジェクト 'Class なし.' が見つかりませんでした
[2015.05.10-14.48.48:706][  0]LogLoad: Full Startup: 25.10 seconds (BP compile: 0.19 seconds)
[2015.05.10-14.48.49:697][  0]LogRenderer:Warning: Reallocating scene render targets to support 1208x584 (Frame:2).
[2015.05.10-14.48.52:994][ 10]LogAssetRegistry: Asset discovery search completed in 11.2841 seconds
[2015.05.10-14.49.01:689][ 35]Cmd: QUIT_EDITOR
[2015.05.10-14.49.02:169][ 35]LogExit: Preparing to exit.
[2015.05.10-14.49.03:268][ 35]LogExit: Editor shut down
[2015.05.10-14.49.03:269][ 35]LogExit: Transaction tracking system shut down
[2015.05.10-14.49.03:269][ 35]LogParticles: Destroying 0 GPU particle simulations for FXSystem 0x000000494500B560
[2015.05.10-14.49.03:270][ 35]LogParticles: Destroying 0 GPU particle simulations for FXSystem 0x0000004952AE2700
[2015.05.10-14.49.03:328][ 35]LogExit: Object subsystem successfully closed.
[2015.05.10-14.49.03:447][ 35]LogModuleManager: Shutting down and abandoning module CrashTracker (177)
[2015.05.10-14.49.03:448][ 35]LogModuleManager: Shutting down and abandoning module SuperSearch (176)
[2015.05.10-14.49.03:448][ 35]LogModuleManager: Shutting down and abandoning module SceneOutliner (175)
[2015.05.10-14.49.03:448][ 35]LogModuleManager: Shutting down and abandoning module EditorWidgets (174)
[2015.05.10-14.49.03:448][ 35]LogModuleManager: Shutting down and abandoning module CollectionManager (173)
[2015.05.10-14.49.03:448][ 35]LogModuleManager: Shutting down and abandoning module StatsViewer (172)
[2015.05.10-14.49.03:448][ 35]LogModuleManager: Shutting down and abandoning module FoliageEdit (171)
[2015.05.10-14.49.03:448][ 35]LogModuleManager: Shutting down and abandoning module LandscapeEditor (170)
[2015.05.10-14.49.03:448][ 35]LogModuleManager: Shutting down and abandoning module MeshPaint (169)
[2015.05.10-14.49.03:448][ 35]LogModuleManager: Shutting down and abandoning module ActorPickerMode (168)
[2015.05.10-14.49.03:448][ 35]LogModuleManager: Shutting down and abandoning module GeometryMode (167)
[2015.05.10-14.49.03:448][ 35]LogModuleManager: Shutting down and abandoning module TextureAlignMode (166)
[2015.05.10-14.49.03:448][ 35]LogModuleManager: Shutting down and abandoning module BspMode (165)
[2015.05.10-14.49.03:448][ 35]LogModuleManager: Shutting down and abandoning module PlacementMode (164)
[2015.05.10-14.49.03:448][ 35]LogModuleManager: Shutting down and abandoning module AutomationWorker (163)
[2015.05.10-14.49.03:448][ 35]LogModuleManager: Shutting down and abandoning module CharacterAI (162)
[2015.05.10-14.49.03:448][ 35]LogModuleManager: Shutting down and abandoning module SmartSnapping (161)
[2015.05.10-14.49.03:448][ 35]LogModuleManager: Shutting down and abandoning module ViewportSnapping (160)
[2015.05.10-14.49.03:448][ 35]LogModuleManager: Shutting down and abandoning module LogVisualizer (159)
[2015.05.10-14.49.03:448][ 35]LogModuleManager: Shutting down and abandoning module GameProjectGeneration (158)
[2015.05.10-14.49.03:448][ 35]LogModuleManager: Shutting down and abandoning module IntroTutorials (157)
[2015.05.10-14.49.03:448][ 35]LogModuleManager: Shutting down and abandoning module EditorLiveStreaming (156)
[2015.05.10-14.49.03:448][ 35]LogModuleManager: Shutting down and abandoning module HardwareTargeting (155)
[2015.05.10-14.49.03:448][ 35]LogModuleManager: Shutting down and abandoning module DeviceProfileEditor (154)
[2015.05.10-14.49.03:448][ 35]LogModuleManager: Shutting down and abandoning module UndoHistory (153)
[2015.05.10-14.49.03:448][ 35]LogModuleManager: Shutting down and abandoning module GameplayTagsEditor (152)
[2015.05.10-14.49.03:448][ 35]LogModuleManager: Shutting down and abandoning module UserFeedback (151)
[2015.05.10-14.49.03:448][ 35]LogModuleManager: Shutting down and abandoning module XmlParser (150)
[2015.05.10-14.49.03:448][ 35]LogModuleManager: Shutting down and abandoning module Blutility (149)
[2015.05.10-14.49.03:449][ 35]LogModuleManager: Shutting down and abandoning module IOSPlatformEditor (148)
[2015.05.10-14.49.03:449][ 35]LogModuleManager: Shutting down and abandoning module IOSRuntimeSettings (147)
[2015.05.10-14.49.03:449][ 35]LogModuleManager: Shutting down and abandoning module AndroidDeviceDetection (146)
[2015.05.10-14.49.04:317][ 35]LogModuleManager: Shutting down and abandoning module AndroidPlatformEditor (145)
[2015.05.10-14.49.04:317][ 35]LogModuleManager: Shutting down and abandoning module AndroidRuntimeSettings (144)
[2015.05.10-14.49.04:317][ 35]LogModuleManager: Shutting down and abandoning module ProjectTargetPlatformEditor (143)
[2015.05.10-14.49.04:318][ 35]LogModuleManager: Shutting down and abandoning module ProjectSettingsViewer (142)
[2015.05.10-14.49.04:318][ 35]LogModuleManager: Shutting down and abandoning module InputBindingEditor (141)
[2015.05.10-14.49.04:318][ 35]LogModuleManager: Shutting down and abandoning module EditorSettingsViewer (140)
[2015.05.10-14.49.04:318][ 35]LogModuleManager: Shutting down and abandoning module SettingsEditor (139)
[2015.05.10-14.49.04:318][ 35]LogModuleManager: Shutting down and abandoning module ProjectLauncher (138)
[2015.05.10-14.49.04:318][ 35]LogModuleManager: Shutting down and abandoning module SessionFrontend (137)
[2015.05.10-14.49.04:318][ 35]LogModuleManager: Shutting down and abandoning module ProfilerClient (136)
[2015.05.10-14.49.04:319][ 35]LogModuleManager: Shutting down and abandoning module TargetDeviceServices (135)
[2015.05.10-14.49.04:319][ 35]LogModuleManager: Shutting down and abandoning module DeviceManager (134)
[2015.05.10-14.49.04:319][ 35]LogModuleManager: Shutting down and abandoning module AutomationController (133)
[2015.05.10-14.49.04:319][ 35]LogModuleManager: Shutting down and abandoning module AutomationWindow (132)
[2015.05.10-14.49.04:319][ 35]LogModuleManager: Shutting down and abandoning module Layers (131)
[2015.05.10-14.49.04:320][ 35]LogModuleManager: Shutting down and abandoning module ComponentVisualizers (130)
[2015.05.10-14.49.04:320][ 35]LogModuleManager: Shutting down and abandoning module DetailCustomizations (129)
[2015.05.10-14.49.04:320][ 35]LogModuleManager: Shutting down and abandoning module PackagesDialog (128)
[2015.05.10-14.49.04:320][ 35]LogModuleManager: Shutting down and abandoning module AssetRegistry (127)
[2015.05.10-14.49.04:395][ 35]LogModuleManager: Shutting down and abandoning module Persona (126)
[2015.05.10-14.49.04:396][ 35]LogModuleManager: Shutting down and abandoning module SlateReflector (125)
[2015.05.10-14.49.04:396][ 35]LogModuleManager: Shutting down and abandoning module LevelEditor (124)
[2015.05.10-14.49.04:397][ 35]LogModuleManager: Shutting down and abandoning module Kismet (123)
[2015.05.10-14.49.04:397][ 35]LogModuleManager: Shutting down and abandoning module GraphEditor (122)
[2015.05.10-14.49.04:397][ 35]LogModuleManager: Shutting down and abandoning module ClassViewer (121)
[2015.05.10-14.49.04:397][ 35]LogModuleManager: Shutting down and abandoning module Toolbox (120)
[2015.05.10-14.49.04:397][ 35]LogModuleManager: Shutting down and abandoning module ModuleUI (119)
[2015.05.10-14.49.04:397][ 35]LogModuleManager: Shutting down and abandoning module MovieSceneTools (118)
[2015.05.10-14.49.04:397][ 35]LogModuleManager: Shutting down and abandoning module OutputLog (117)
[2015.05.10-14.49.04:397][ 35]LogModuleManager: Shutting down and abandoning module GammaUI (116)
[2015.05.10-14.49.04:397][ 35]LogModuleManager: Shutting down and abandoning module Documentation (115)
[2015.05.10-14.49.04:397][ 35]LogModuleManager: Shutting down and abandoning module GameLiveStreaming (114)
[2015.05.10-14.49.04:397][ 35]LogModuleManager: Shutting down and abandoning module StreamingPauseRendering (113)
[2015.05.10-14.49.04:397][ 35]LogModuleManager: Shutting down and abandoning module HTTP (112)
[2015.05.10-14.49.04:398][ 35]LogModuleManager: Shutting down and abandoning module AnalyticsET (111)
[2015.05.10-14.49.04:398][ 35]LogModuleManager: Shutting down and abandoning module Analytics (110)
[2015.05.10-14.49.04:398][ 35]LogModuleManager: Shutting down and abandoning module AITestSuite (109)
[2015.05.10-14.49.04:398][ 35]LogModuleManager: Shutting down and abandoning module GameplayDebugger (108)
[2015.05.10-14.49.04:398][ 35]LogModuleManager: Shutting down and abandoning module AIModule (107)
[2015.05.10-14.49.04:398][ 35]LogModuleManager: Shutting down and abandoning module ProfilerService (106)
[2015.05.10-14.49.04:512][ 35]LogModuleManager: Shutting down and abandoning module TaskGraph (105)
[2015.05.10-14.49.04:512][ 35]LogModuleManager: Shutting down and abandoning module SlateRemote (104)
[2015.05.10-14.49.04:512][ 35]LogModuleManager: Shutting down and abandoning module ScriptEditorPlugin (103)
[2015.05.10-14.49.04:512][ 35]LogModuleManager: Shutting down and abandoning module CustomMeshComponent (102)
[2015.05.10-14.49.04:512][ 35]LogModuleManager: Shutting down and abandoning module CableComponent (101)
[2015.05.10-14.49.04:512][ 35]LogModuleManager: Shutting down and abandoning module MessagingDebugger (100)
[2015.05.10-14.49.04:512][ 35]LogModuleManager: Shutting down and abandoning module MediaPlayerEditor (99)
[2015.05.10-14.49.04:512][ 35]LogModuleManager: Shutting down and abandoning module SpeedTreeImporter (98)
[2015.05.10-14.49.04:513][ 35]LogModuleManager: Shutting down and abandoning module PluginsEditor (97)
[2015.05.10-14.49.04:513][ 35]LogModuleManager: Shutting down and abandoning module MainFrame (96)
[2015.05.10-14.49.04:513][ 35]LogModuleManager: Shutting down and abandoning module EpicSurvey (95)
[2015.05.10-14.49.04:513][ 35]LogModuleManager: Shutting down and abandoning module DesktopPlatform (94)
[2015.05.10-14.49.04:513][ 35]LogModuleManager: Shutting down and abandoning module DirectoryWatcher (93)
[2015.05.10-14.49.04:513][ 35]LogModuleManager: Shutting down and abandoning module HotReload (92)
[2015.05.10-14.49.04:513][ 35]LogModuleManager: Shutting down and abandoning module VisualStudioSourceCodeAccess (91)
[2015.05.10-14.49.04:513][ 35]LogModuleManager: Shutting down and abandoning module UObjectPlugin (90)
[2015.05.10-14.49.04:513][ 35]LogModuleManager: Shutting down and abandoning module SubversionSourceControl (89)
[2015.05.10-14.49.04:513][ 35]LogModuleManager: Shutting down and abandoning module PerforceSourceControl (88)
[2015.05.10-14.49.04:514][ 35]LogModuleManager: Shutting down and abandoning module SourceControl (87)
[2015.05.10-14.49.04:514][ 35]LogModuleManager: Shutting down and abandoning module GitSourceControl (86)
[2015.05.10-14.49.04:514][ 35]LogModuleManager: Shutting down and abandoning module BlankPlugin (85)
[2015.05.10-14.49.04:514][ 35]LogModuleManager: Shutting down and abandoning module PaperTiledImporter (84)
[2015.05.10-14.49.04:514][ 35]LogModuleManager: Shutting down and abandoning module PaperJsonImporter (83)
[2015.05.10-14.49.04:514][ 35]LogModuleManager: Shutting down and abandoning module ContentBrowser (82)
[2015.05.10-14.49.04:516][ 35]LogModuleManager: Shutting down and abandoning module Paper2DEditor (81)
[2015.05.10-14.49.04:516][ 35]LogModuleManager: Shutting down and abandoning module ScriptPlugin (80)
[2015.05.10-14.49.04:516][ 35]LogModuleManager: Shutting down and abandoning module UdpMessaging (79)
[2015.05.10-14.49.04:617][ 35]LogModuleManager: Shutting down and abandoning module Paper2D (78)
[2015.05.10-14.49.04:617][ 35]LogModuleManager: Shutting down and abandoning module WindowsMoviePlayer (77)
[2015.05.10-14.49.04:620][ 35]LogModuleManager: Shutting down and abandoning module Media (76)
[2015.05.10-14.49.04:620][ 35]LogModuleManager: Shutting down and abandoning module WmfMedia (75)
[2015.05.10-14.49.04:620][ 35]LogModuleManager: Shutting down and abandoning module OnlineBlueprintSupport (74)
[2015.05.10-14.49.04:620][ 35]LogModuleManager: Shutting down and abandoning module PropertyEditor (73)
[2015.05.10-14.49.04:620][ 35]LogModuleManager: Shutting down and abandoning module BehaviorTreeEditor (72)
[2015.05.10-14.49.04:620][ 35]LogModuleManager: Shutting down and abandoning module FunctionalTesting (71)
[2015.05.10-14.49.04:620][ 35]LogModuleManager: Shutting down and abandoning module CollisionAnalyzer (70)
[2015.05.10-14.49.04:620][ 35]LogModuleManager: Shutting down and abandoning module WorkspaceMenuStructure (69)
[2015.05.10-14.49.04:620][ 35]LogModuleManager: Shutting down and abandoning module MessageLog (68)
[2015.05.10-14.49.04:620][ 35]LogModuleManager: Shutting down and abandoning module Sequencer (67)
[2015.05.10-14.49.04:621][ 35]LogModuleManager: Shutting down and abandoning module AssetTools (66)
[2015.05.10-14.49.04:621][ 35]LogModuleManager: Shutting down and abandoning module UMGEditor (65)
[2015.05.10-14.49.04:621][ 35]LogModuleManager: Shutting down and abandoning module UMG (64)
[2015.05.10-14.49.04:621][ 35]LogModuleManager: Shutting down and abandoning module Slate (63)
[2015.05.10-14.49.04:621][ 35]LogModuleManager: Shutting down and abandoning module EditorStyle (62)
[2015.05.10-14.49.04:631][ 35]LogModuleManager: Shutting down and abandoning module SessionServices (61)
[2015.05.10-14.49.04:631][ 35]LogModuleManager: Shutting down and abandoning module SourceCodeAccess (60)
[2015.05.10-14.49.04:631][ 35]LogModuleManager: Shutting down and abandoning module HeadMountedDisplay (59)
[2015.05.10-14.49.04:631][ 35]LogModuleManager: Shutting down and abandoning module XAudio2 (58)
[2015.05.10-14.49.04:631][ 35]LogModuleManager: Shutting down and abandoning module Networking (56)
[2015.05.10-14.49.04:631][ 35]LogModuleManager: Shutting down and abandoning module Core (55)
[2015.05.10-14.49.04:631][ 35]LogModuleManager: Shutting down and abandoning module KismetCompiler (54)
[2015.05.10-14.49.04:631][ 35]LogModuleManager: Shutting down and abandoning module PhysXFormats (53)
[2015.05.10-14.49.04:631][ 35]LogModuleManager: Shutting down and abandoning module MeshUtilities (52)
[2015.05.10-14.49.04:631][ 35]LogModuleManager: Shutting down and abandoning module DerivedDataCache (51)
[2015.05.10-14.49.04:662][ 35]LogDerivedDataCache: Shutdown
[2015.05.10-14.49.04:662][ 35]LogModuleManager: Shutting down and abandoning module ShaderFormatOpenGL (50)
[2015.05.10-14.49.04:662][ 35]LogModuleManager: Shutting down and abandoning module ShaderFormatD3D (49)
[2015.05.10-14.49.04:662][ 35]LogModuleManager: Shutting down and abandoning module MetalShaderFormat (48)
[2015.05.10-14.49.04:662][ 35]LogModuleManager: Shutting down and abandoning module TextureFormatUncompressed (47)
[2015.05.10-14.49.04:662][ 35]LogModuleManager: Shutting down and abandoning module TextureFormatPVR (46)
[2015.05.10-14.49.04:662][ 35]LogModuleManager: Shutting down and abandoning module TextureFormatIntelISPCTexComp (45)
[2015.05.10-14.49.04:662][ 35]LogModuleManager: Shutting down and abandoning module TextureFormatDXT (44)
[2015.05.10-14.49.04:662][ 35]LogModuleManager: Shutting down and abandoning module ImageWrapper (43)
[2015.05.10-14.49.04:662][ 35]LogModuleManager: Shutting down and abandoning module TextureFormatASTC (42)
[2015.05.10-14.49.04:662][ 35]LogModuleManager: Shutting down and abandoning module TextureFormatAndroid (41)
[2015.05.10-14.49.04:663][ 35]LogModuleManager: Shutting down and abandoning module AudioFormatOpus (40)
[2015.05.10-14.49.04:663][ 35]LogModuleManager: Shutting down and abandoning module AudioFormatOgg (39)
[2015.05.10-14.49.04:663][ 35]LogModuleManager: Shutting down and abandoning module AudioFormatADPCM (38)
[2015.05.10-14.49.04:663][ 35]LogModuleManager: Shutting down and abandoning module LinuxTargetPlatform (37)
[2015.05.10-14.49.04:663][ 35]LogModuleManager: Shutting down and abandoning module LinuxServerTargetPlatform (36)
[2015.05.10-14.49.04:663][ 35]LogModuleManager: Shutting down and abandoning module LinuxNoEditorTargetPlatform (35)
[2015.05.10-14.49.04:663][ 35]LogModuleManager: Shutting down and abandoning module Messaging (34)
[2015.05.10-14.49.04:663][ 35]LogModuleManager: Shutting down and abandoning module IOSTargetPlatform (33)
[2015.05.10-14.49.04:663][ 35]LogModuleManager: Shutting down and abandoning module HTML5TargetPlatform (32)
[2015.05.10-14.49.04:663][ 35]LogModuleManager: Shutting down and abandoning module Android_PVRTCTargetPlatform (31)
[2015.05.10-14.49.04:663][ 35]LogModuleManager: Shutting down and abandoning module Android_ETC2TargetPlatform (30)
[2015.05.10-14.49.04:663][ 35]LogModuleManager: Shutting down and abandoning module Android_ETC1TargetPlatform (29)
[2015.05.10-14.49.04:663][ 35]LogModuleManager: Shutting down and abandoning module Android_ES31TargetPlatform (28)
[2015.05.10-14.49.04:663][ 35]LogModuleManager: Shutting down and abandoning module Android_DXTTargetPlatform (27)
[2015.05.10-14.49.04:663][ 35]LogModuleManager: Shutting down and abandoning module Android_ATCTargetPlatform (26)
[2015.05.10-14.49.04:663][ 35]LogModuleManager: Shutting down and abandoning module AndroidTargetPlatform (25)
[2015.05.10-14.49.04:663][ 35]LogModuleManager: Shutting down and abandoning module WindowsTargetPlatform (24)
[2015.05.10-14.49.04:663][ 35]LogModuleManager: Shutting down and abandoning module WindowsServerTargetPlatform (23)
[2015.05.10-14.49.04:663][ 35]LogModuleManager: Shutting down and abandoning module WindowsNoEditorTargetPlatform (22)
[2015.05.10-14.49.04:663][ 35]LogModuleManager: Shutting down and abandoning module WindowsClientTargetPlatform (21)
[2015.05.10-14.49.04:663][ 35]LogModuleManager: Shutting down and abandoning module TargetPlatform (20)
[2015.05.10-14.49.04:663][ 35]LogModuleManager: Shutting down and abandoning module InputCore (19)
[2015.05.10-14.49.04:663][ 35]LogModuleManager: Shutting down and abandoning module Settings (18)
[2015.05.10-14.49.04:663][ 35]LogModuleManager: Shutting down and abandoning module OnlineSubsystem (16)
[2015.05.10-14.49.04:663][ 35]LogModuleManager: Shutting down and abandoning module OculusRift (15)
[2015.05.10-14.49.04:663][ 35]LogModuleManager: Shutting down and abandoning module ExampleDeviceProfileSelector (14)
[2015.05.10-14.49.04:663][ 35]LogModuleManager: Shutting down and abandoning module TextureCompressor (13)
[2015.05.10-14.49.04:663][ 35]LogModuleManager: Shutting down and abandoning module ShaderCore (12)
[2015.05.10-14.49.04:663][ 35]LogModuleManager: Shutting down and abandoning module Landscape (11)
[2015.05.10-14.49.04:663][ 35]LogModuleManager: Shutting down and abandoning module SlateRHIRenderer (10)
[2015.05.10-14.49.04:665][ 35]LogModuleManager: Shutting down and abandoning module OpenGLDrv (9)
[2015.05.10-14.49.04:665][ 35]LogModuleManager: Shutting down and abandoning module D3D11RHI (8)
[2015.05.10-14.49.04:665][ 35]LogModuleManager: Shutting down and abandoning module Renderer (7)
[2015.05.10-14.49.04:665][ 35]LogModuleManager: Shutting down and abandoning module Engine (6)
[2015.05.10-14.49.04:665][ 35]LogModuleManager: Shutting down and abandoning module CoreUObject (5)
[2015.05.10-14.49.04:665][ 35]LogModuleManager: Shutting down and abandoning module NetworkFile (4)
[2015.05.10-14.49.04:665][ 35]LogModuleManager: Shutting down and abandoning module StreamingFile (3)
[2015.05.10-14.49.04:665][ 35]LogModuleManager: Shutting down and abandoning module SandboxFile (2)
[2015.05.10-14.49.04:665][ 35]LogModuleManager: Shutting down and abandoning module PakFile (1)
[2015.05.10-14.49.04:665][ 35]LogExit: Exiting.
[2015.05.10-14.49.04:674][ 35]Log file closed, 05/10/15 23:49:04
