Log file open, 05/28/15 07:43:10
LogInit:Display: Running engine for game: SamuraiGame
LogInit: Version: 4.7.6-2513093+++depot+UE4-Releases+4.7
LogInit: API Version: 2455222
LogInit: Compiled (64-bit): Apr 15 2015 12:09:54
LogInit: Compiled with Visual C++: 18.00.21005.01
LogInit: Build Configuration: Development
LogInit: Branch Name: ++depot+UE4-Releases+4.7
LogInit: Command line:  
LogInit: Base directory: C:/Program Files/Epic Games/4.7/Engine/Binaries/Win64/
LogInit: Rocket: 1
[2015.05.27-22.43.10:900][  0]LogTaskGraph: Started task graph with 3 named threads and 6 total threads.
[2015.05.27-22.43.10:966][  0]LogOnline:Warning: No default platform service specified for OnlineSubsystem
[2015.05.27-22.43.10:994][  0]LogInit: Presizing for 0 objects not considered by GC, pre-allocating 0 bytes.
[2015.05.27-22.43.11:016][  0]LogInit: Object subsystem initialized
[2015.05.27-22.43.11:020][  0]LogConsoleResponse:Warning: Skipping Unknown console variable: 'TranslucentSortAxis = (X=0.000000,Y=-1.000000,Z=0.000000)'
[2015.05.27-22.43.11:020][  0]LogConsoleResponse:Warning:   Found in ini file 'C:/Users/kuou/Documents/GitHub/SamuraiGame/Saved/Config/Windows/Engine.ini', in section '[/Script/Engine.RendererSettings]'
[2015.05.27-22.43.11:020][  0]LogConsoleResponse:Warning: Skipping Unknown console variable: 'UIScaleRule = ShortestSide'
[2015.05.27-22.43.11:020][  0]LogConsoleResponse:Warning:   Found in ini file 'C:/Users/kuou/Documents/GitHub/SamuraiGame/Saved/Config/Windows/Engine.ini', in section '[/Script/Engine.RendererSettings]'
[2015.05.27-22.43.11:020][  0]LogConsoleResponse:Warning: Skipping Unknown console variable: 'UIScaleCurve = (EditorCurveData=(Keys=),ExternalCurve=None)'
[2015.05.27-22.43.11:020][  0]LogConsoleResponse:Warning:   Found in ini file 'C:/Users/kuou/Documents/GitHub/SamuraiGame/Saved/Config/Windows/Engine.ini', in section '[/Script/Engine.RendererSettings]'
[2015.05.27-22.43.11:021][  0]LogInit: Selected Device Profile: [Windows]
[2015.05.27-22.43.11:021][  0]LogInit: Applying CVar settings loaded from the selected device profile: [Windows]
[2015.05.27-22.43.11:041][  0]LogInit: Computer: KUOU-DESKTOPPC
[2015.05.27-22.43.11:041][  0]LogInit: User: kuou
[2015.05.27-22.43.11:041][  0]LogInit: CPU Page size=4096, Cores=4
[2015.05.27-22.43.11:041][  0]LogInit: High frequency timer resolution =3.312861 MHz
[2015.05.27-22.43.11:042][  0]LogMemory: Memory total: Physical=15.9GB (16GB approx) Virtual=8192.0GB
[2015.05.27-22.43.11:042][  0]LogMemory: Platform Memory Stats for Windows
[2015.05.27-22.43.11:042][  0]LogMemory: Process Physical Memory: 48.05 MB used, 48.05 MB peak
[2015.05.27-22.43.11:042][  0]LogMemory: Process Virtual Memory: 24.32 MB used, 24.32 MB peak
[2015.05.27-22.43.11:042][  0]LogMemory: Physical Memory: 3609.46 MB used, 16332.02 MB total
[2015.05.27-22.43.11:042][  0]LogMemory: Virtual Memory: 273.35 MB used, 8388608.00 MB total
[2015.05.27-22.43.11:100][  0]LogD3D11RHI: Found D3D11 adapter 0: NVIDIA GeForce GTX 660 Ti (Feature Level 11_0)
[2015.05.27-22.43.11:100][  0]LogD3D11RHI: Adapter has 1994MB of dedicated video memory, 0MB of dedicated system memory, and 2047MB of shared system memory, 1 output[s]
[2015.05.27-22.43.11:100][  0]LogD3D11RHI: Chosen D3D11 Adapter Id = 0
[2015.05.27-22.43.11:107][  0]LogRHI: Texture pool is 1361 MB (70% of 1945 MB)
[2015.05.27-22.43.11:128][  0]LogD3D11RHI: Async texture creation enabled
[2015.05.27-22.43.11:218][  0]LogTextLocalizationManager: The requested culture ('ja_JP') has no localization data; parent culture's ('ja') localization data will be used.
[2015.05.27-22.43.11:340][  0]LogTextLocalizationManager:Warning: Loading localization resources contain conflicting entries for (Namespace:UICommands, Key:Save_ToolTip):
Resource: (C:/Program Files/Epic Games/4.7/Engine/Content/Localization/Editor/ja/Editor.locres) Hash: (-29098895) String: (現行レベルをディスクに保存)
Resource: (C:/Program Files/Epic Games/4.7/Engine/Content/Localization/Engine/ja/Engine.locres) Hash: (-1280300587) String: (選択データをvlogファイルに保存)
[2015.05.27-22.43.11:340][  0]LogTextLocalizationManager:Warning: Loading localization resources contain conflicting entries for (Namespace:ContentBrowser, Key:ImportAssetToolTip):
Resource: (C:/Program Files/Epic Games/4.7/Engine/Content/Localization/Editor/ja/Editor.locres) Hash: (-630476809) String: ({0} にインポート...)
Resource: (C:/Program Files/Epic Games/4.7/Engine/Content/Localization/Editor/ja/Editor.locres) Hash: (1271782899) String: (このフォルダへファイルからアセットをインポート)
[2015.05.27-22.43.11:479][  0]LogContentStreaming: Texture pool size is 0.000000MB
[2015.05.27-22.43.16:323][  0]LogTargetPlatformManager:Display: Building Assets For Windows
[2015.05.27-22.43.17:396][  0]LogTargetPlatformManager:Display: Building Assets For Windows
[2015.05.27-22.43.17:521][  0]LogDerivedDataCache:Display: Max Cache Size: 512 MB
[2015.05.27-22.43.17:576][  0]LogDerivedDataCache: Loaded boot cache 0.05s 39MB C:/Users/kuou/AppData/Local/UnrealEngine/4.7/DerivedDataCache/Boot.ddc.
[2015.05.27-22.43.17:576][  0]LogDerivedDataCache:Display: Loaded Boot cache: C:/Users/kuou/AppData/Local/UnrealEngine/4.7/DerivedDataCache/Boot.ddc
[2015.05.27-22.43.17:577][  0]LogDerivedDataCache: FDerivedDataBackendGraph:  Pak pak cache file ../../../../../../Users/kuou/Documents/GitHub/SamuraiGame/DerivedDataCache/DDC.ddp not found, will not use a pak cache.
[2015.05.27-22.43.17:577][  0]LogDerivedDataCache: Unable to find inner node Pak for hierarchical cache Hierarchy.
[2015.05.27-22.43.17:802][  0]LogDerivedDataCache:Display: Pak cache opened for reading ../../../Engine/DerivedDataCache/Compressed.ddp.
[2015.05.27-22.43.17:816][  0]LogDerivedDataCache: Using Local data cache path C:/Users/kuou/AppData/Local/UnrealEngine/Common/DerivedDataCache: Writable
[2015.05.27-22.43.18:351][  0]LogMeshUtilities: No automatic mesh reduction module available
[2015.05.27-22.43.18:351][  0]LogMeshUtilities: No automatic mesh merging module available
[2015.05.27-22.43.19:053][  0]LogInit: WinSock: version 1.1 (2.2), MaxSocks=32767, MaxUdp=65467
[2015.05.27-22.43.19:210][  0]LogSlate:Warning: Failed to load font data from '../../../Engine/Content/Slate/Fonts/Roboto-Italic.ttf'
[2015.05.27-22.43.20:760][  0]UdpMessaging: Initializing bridge on interface 0.0.0.0:0 to multicast group 230.0.0.1:6666.
[2015.05.27-22.43.21:106][  0]SourceControl: 情報 ソースコントロールは無効です
[2015.05.27-22.43.21:106][  0]SourceControl: 情報 ソースコントロールは無効です
[2015.05.27-22.43.21:106][  0]SourceControl: 情報 ソースコントロールは無効です
[2015.05.27-22.43.21:106][  0]LogSourceControl: RunCommandInternalRaw: 'git version'
[2015.05.27-22.43.21:106][  0]LogSourceControl: RunCommandInternalRaw: ExecProcess ReturnCode=2 OutResults=''
[2015.05.27-22.43.21:124][  0]SourceControl: 情報 ソースコントロールは無効です
[2015.05.27-22.43.21:495][  0]LogObj: 24232 objects as part of root set at end of initial load.
[2015.05.27-22.43.21:495][  0]LogUObjectAllocator: 5137176 out of 0 bytes used by permanent object pool.
[2015.05.27-22.43.21:657][  0]LogEngine: Initializing Engine...
[2015.05.27-22.43.23:968][  0]LogInit: XAudio2 using 'スピーカー (Realtek High Definition Audio)' : 2 channels at 48 kHz using 32 bits per sample (channel mask 0x3)
[2015.05.27-22.43.23:986][  0]LogInit: FAudioDevice initialized.
[2015.05.27-22.43.24:063][  0]LogAIModule: Creating AISystem for world NewWorld
[2015.05.27-22.43.24:094][  0]LogDerivedDataCache: Saved boot cache 0.03s 39MB C:/Users/kuou/AppData/Local/UnrealEngine/4.7/DerivedDataCache/Boot.ddc.
[2015.05.27-22.43.24:101][  0]LogInit: Texture streaming: Enabled
[2015.05.27-22.43.24:291][  0]LogAnalytics: Creating configured Analytics provider AnalyticsET
[2015.05.27-22.43.24:291][  0]LogAnalytics: ET APIKey = Rocket.Release. APIServer = http://et2.epicgames.com/ET2/. AppVersion = 4.7.6-2513093+++depot+UE4-Releases+4.7
[2015.05.27-22.43.24:291][  0]LogAnalytics: ET APIKey = Rocket.Release. DataRouterUploadURL = https://datarouter-public-service-gamedev.ol.epicgames.net/datarouter/api/v1/public/data. AppVersion = 4.7.6-2513093+++depot+UE4-Releases+4.7
[2015.05.27-22.43.24:291][  0]LogAnalytics: SetUserId 555eefa54cafb92ea7291c8c22567294|cda878fe2a114b8b8a2f532f4c48c5b9|82d31a09-2228-4ce9-9396-5d238f23a2b0
[2015.05.27-22.43.24:291][  0]LogAnalytics: AnalyticsET::StartSession [Rocket.Release]
[2015.05.27-22.43.24:331][  0]LogInit: Transaction tracking system initialized
[2015.05.27-22.43.24:663][  0]BlueprintLog: New page: エディタの読み込み
[2015.05.27-22.43.24:721][  0]LogAssetRegistry: FAssetRegistry took 0.0103 seconds to start up
[2015.05.27-22.43.24:722][  0]LogDirectoryWatcher:Warning: Failed to begin reading directory changes for ../../../Engine/Plugins/Experimental/CharacterAI/Content/. Error: 0
[2015.05.27-22.43.25:613][  0]LogTargetPlatformManager:Display: Building Assets For Windows
[2015.05.27-22.43.26:185][  0]LogTargetPlatformManager:Display: Building Assets For Windows
[2015.05.27-22.43.26:575][  0]LogSlate:Warning: Failed to load font data from '../../../Engine/Content/Editor/Slate/Fonts/Roboto-Regular.ttf'
[2015.05.27-22.43.26:576][  0]LogSlate:Warning: Failed to load font data from '../../../Engine/Content/Editor/Slate/Fonts/Roboto-Bold.ttf'
[2015.05.27-22.43.26:583][  0]LogConsoleResponse:Display: 
[2015.05.27-22.43.26:792][  0]LogCook:Display: Done creating registry. It took  0.00s.
[2015.05.27-22.43.27:006][  0]SourceControl: 情報 ソースコントロールは無効です
[2015.05.27-22.43.27:006][  0]Cmd: MAP LOAD FILE="../../../../../../Users/kuou/Documents/GitHub/SamuraiGame/Content/Maps/Title.umap" TEMPLATE=0 SHOWPROGRESS=1 FEATURELEVEL=3
[2015.05.27-22.43.27:007][  0]LightingResults: New page: ライティングのビルド
[2015.05.27-22.43.27:026][  0]MapCheck: New page: マップをチェック
[2015.05.27-22.43.27:026][  0]LightingResults: New page: <何も選択されていません>
[2015.05.27-22.43.27:037][  0]LogParticles: Destroying 0 GPU particle simulations for FXSystem 0x000000001589E980
[2015.05.27-22.43.28:623][  0]LogEditorServer: Finished looking for orphan Actors (0.000 secs)
[2015.05.27-22.43.28:629][  0]LogAIModule: Creating AISystem for world Title
[2015.05.27-22.43.28:630][  0]Cmd: MAP CHECKDEP
[2015.05.27-22.43.28:630][  0]MapCheck: New page: Title - 2015/05/28 16:43:28
[2015.05.27-22.43.28:794][  0]MapCheck: 情報 マップチェックが完了: 0 エラー、 0 警告、完了に 163.905ミリ秒かかりました。
[2015.05.27-22.43.28:794][  0]LogFileHelpers: Loading map 'Title' took 1.788
[2015.05.27-22.43.29:014][  0]LogCollectionManager: Loaded 0 collections in 0.003121 seconds
[2015.05.27-22.43.29:032][  0]LogContentBrowser: Native class hierarchy populated in 0.0179 seconds. Added 1696 classes and 261 folders.
[2015.05.27-22.43.29:100][  0]LogContentBrowser: Native class hierarchy updated for 'SceneOutliner' in 0.0052 seconds. Added 1 classes and 2 folders.
[2015.05.27-22.43.29:201][  0]LogCrashTracker: Crashtracker disabled due to settings.
[2015.05.27-22.43.29:204][  0]LogSlate:Warning: Failed to load font data from 'Veranda'
[2015.05.27-22.43.29:216][  0]LogUObjectGlobals:Warning: オブジェクト 'Class なし.' が見つかりませんでした
[2015.05.27-22.43.29:243][  0]LogLoad: Full Startup: 21.02 seconds (BP compile: 0.23 seconds)
[2015.05.27-22.43.29:643][  0]LogContentBrowser:Verbose: The content browser source was changed by the sources view to '/Game/Maps'
[2015.05.27-22.43.29:953][  0]LogRenderer:Warning: Reallocating scene render targets to support 1208x576 (Frame:2).
[2015.05.27-22.43.32:740][  8]LogAssetRegistry: Asset discovery search completed in 8.0300 seconds
[2015.05.27-22.43.33:772][ 13]LogEditorViewport: Clicking on Actor (LMB): StaticMeshActor (Floor)
[2015.05.27-23.06.46:239][964]LogContentBrowser:Verbose: The content browser source was changed by the sources view to 'None'
[2015.05.27-23.06.51:423][229]LogContentBrowser:Verbose: The content browser source was changed by the sources view to '/Game/MobileStarterContent/Audio'
[2015.05.27-23.06.57:693][581]LogContentBrowser:Verbose: The content browser source was changed by the sources view to '/Game/MobileStarterContent/Audio'
[2015.05.27-23.08.27:126][518]LogFactory: FactoryCreateBinary: SoundWave with SoundFactory (0 0 ../../../../../../Users/kuou/Documents/GitHub/SamuraiGame/advice.wav)
[2015.05.27-23.08.27:151][518]LogAudioDerivedData:Display: 圧縮オーディオ フォーマット OGG ウェーブ advice をビルド中...
[2015.05.27-23.08.27:275][518]LogAudioDerivedData:Warning: Updated SoundWave->RawPCMDataSize during cooking SoundWave /Game/MobileStarterContent/Audio/advice.advice.
[2015.05.27-23.08.27:279][518]LogContentBrowser:Verbose: The content browser source was changed by the sources view to 'None'
[2015.05.27-23.08.27:280][518]LogContentBrowser:Verbose: The content browser source was changed by the sources view to '/Game/MobileStarterContent/Audio'
[2015.05.27-23.08.56:105][654]LogSavePackage: Save=13.083555ms
[2015.05.27-23.08.56:106][654]LogSavePackage: Moving '../../../../../../Users/kuou/Documents/GitHub/SamuraiGame/Saved/testSESoundCueA06515FD4246115E674502BDBF5A64CC.tmp' to '../../../../../../Users/kuou/Documents/GitHub/SamuraiGame/Content/MobileStarterContent/Audio/testSESoundCue.uasset'
[2015.05.27-23.08.56:137][654]Cmd: OBJ SAVEPACKAGE PACKAGE="/Game/MobileStarterContent/Audio/advice" FILE="../../../../../../Users/kuou/Documents/GitHub/SamuraiGame/Content/MobileStarterContent/Audio/advice.uasset" SILENT=true
[2015.05.27-23.08.56:161][654]LogSavePackage: Save=18.576994ms
[2015.05.27-23.08.56:161][654]LogSavePackage: Moving '../../../../../../Users/kuou/Documents/GitHub/SamuraiGame/Saved/adviceF40890944379B9629D611B9D4892BCD2.tmp' to '../../../../../../Users/kuou/Documents/GitHub/SamuraiGame/Content/MobileStarterContent/Audio/advice.uasset'
[2015.05.27-23.09.15:381][970]LogContentBrowser:Verbose: The content browser source was changed by the sources view to '/Game/Maps'
[2015.05.27-23.09.18:473][168]Cmd: MAP LOAD FILE="../../../../../../Users/kuou/Documents/GitHub/SamuraiGame/Content/Maps/Game.umap" TEMPLATE=0 SHOWPROGRESS=1 FEATURELEVEL=3
[2015.05.27-23.09.18:473][168]LightingResults: New page: ライティングのビルド
[2015.05.27-23.09.18:528][168]LoadErrors: New page: マップをロード中: Game.umap
[2015.05.27-23.09.18:529][168]MapCheck: New page: マップをチェック
[2015.05.27-23.09.18:529][168]LightingResults: New page: <何も選択されていません>
[2015.05.27-23.09.18:543][168]LogParticles: Destroying 0 GPU particle simulations for FXSystem 0x000000000F9DF2E0
[2015.05.27-23.09.18:551][168]LogEditorServer: Finished looking for orphan Actors (0.000 secs)
[2015.05.27-23.09.18:555][168]LogAIModule: Creating AISystem for world Game
[2015.05.27-23.09.18:608][168]Cmd: MAP CHECKDEP
[2015.05.27-23.09.18:608][168]MapCheck: New page: Game - 2015/05/28 17:09:18
[2015.05.27-23.09.18:782][168]MapCheck: 情報 マップチェックが完了: 0 エラー、 0 警告、完了に 173.875ミリ秒かかりました。
[2015.05.27-23.09.18:784][168]LogFileHelpers: Loading map 'Game' took 0.315
[2015.05.27-23.09.33:150][454]Cmd: MAP LOAD FILE="../../../../../../Users/kuou/Documents/GitHub/SamuraiGame/Content/Maps/Title.umap" TEMPLATE=0 SHOWPROGRESS=1 FEATURELEVEL=3
[2015.05.27-23.09.33:151][454]LightingResults: New page: ライティングのビルド
[2015.05.27-23.09.33:207][454]LoadErrors: New page: マップをロード中: Title.umap
[2015.05.27-23.09.33:208][454]MapCheck: New page: マップをチェック
[2015.05.27-23.09.33:208][454]LightingResults: New page: <何も選択されていません>
[2015.05.27-23.09.33:222][454]LogParticles: Destroying 0 GPU particle simulations for FXSystem 0x000000000E619EE0
[2015.05.27-23.09.33:231][454]LogEditorServer: Finished looking for orphan Actors (0.000 secs)
[2015.05.27-23.09.33:236][454]LogAIModule: Creating AISystem for world Title
[2015.05.27-23.09.33:289][454]Cmd: MAP CHECKDEP
[2015.05.27-23.09.33:290][454]MapCheck: New page: Title - 2015/05/28 17:09:33
[2015.05.27-23.09.33:458][454]MapCheck: 情報 マップチェックが完了: 0 エラー、 0 警告、完了に 168.177ミリ秒かかりました。
[2015.05.27-23.09.33:460][454]LogFileHelpers: Loading map 'Title' took 0.314
[2015.05.27-23.14.22:991][357]BlueprintLog: New page: PIE以前の自動再コンパイル
[2015.05.27-23.14.23:006][357]LogPlayLevel: [PIE] Compiling Title before PIE...
[2015.05.27-23.14.23:139][357]LogPlayLevel: PIE:  Blueprint regeneration took 148 ms (1 blueprints)
[2015.05.27-23.14.23:139][357]PIE: New page: PIEセッション: Title (2015/05/28 17:14:23)
[2015.05.27-23.14.23:154][357]LogPlayLevel: PIE: StaticDuplicateObject took: (0.013816s)
[2015.05.27-23.14.23:155][357]LogPlayLevel: PIE: World Init took: (0.000936s)
[2015.05.27-23.14.23:155][357]LogPlayLevel: PIE: Created PIE world by copying editor world from /Game/Maps/Title.Title to /Game/Maps/UEDPIE_0_Title.Title (0.015020s)
[2015.05.27-23.14.23:220][357]LogWorld: Game class is 'GameMode'
[2015.05.27-23.14.23:225][357]LogAIModule: Creating AISystem for world Title
[2015.05.27-23.14.23:231][357]LogWorld: Bringing World /Game/Maps/UEDPIE_0_Title.Title up for play (max tick rate 0) at 2015.05.28-08.14.23
[2015.05.27-23.14.23:233][357]LogWorld: Bringing up level for play took: 0.007083
[2015.05.27-23.14.23:248][357]PIE: 情報 /Game/Maps/UEDPIE_0_Title -0.501のPIE開始時間
[2015.05.27-23.14.23:350][357]LogRenderer:Warning: Reallocating scene render targets to support 1296x760 (Frame:5781).
[2015.05.27-23.14.34:753][337]LogPackageName: SearchForPackageOnDisk took   0.139s to resolve Game.umap
[2015.05.27-23.14.34:896][338]LogPackageName: SearchForPackageOnDisk took   0.131s to resolve Game.umap
[2015.05.27-23.14.34:896][338]LogNet: Browse: /Game/Maps/Game
[2015.05.27-23.14.34:896][338]LogLoad: LoadMap: /Game/Maps/Game
[2015.05.27-23.14.34:933][338]LogParticles: Destroying 0 GPU particle simulations for FXSystem 0x0000000020E4B2E0
[2015.05.27-23.14.34:933][338]Cmd: MEM
[2015.05.27-23.14.34:963][338]LogMemory: Platform Memory Stats for Windows
[2015.05.27-23.14.34:963][338]LogMemory: Process Physical Memory: 576.64 MB used, 578.78 MB peak
[2015.05.27-23.14.34:963][338]LogMemory: Process Virtual Memory: 476.30 MB used, 478.25 MB peak
[2015.05.27-23.14.34:963][338]LogMemory: Physical Memory: 4121.42 MB used, 16332.02 MB total
[2015.05.27-23.14.34:963][338]LogMemory: Virtual Memory: 1039.23 MB used, 8388608.00 MB total
[2015.05.27-23.14.34:963][338]LogMemory: 
[2015.05.27-23.14.34:963][338]Allocator Stats for TBB: (not implemented)
[2015.05.27-23.14.35:173][338]LogWorld: Game class is 'GameMode'
[2015.05.27-23.14.35:177][338]LogAIModule: Creating AISystem for world Game
[2015.05.27-23.14.35:184][338]LogWorld: Bringing World /Game/Maps/UEDPIE_0_Game.Game up for play (max tick rate 0) at 2015.05.28-08.14.35
[2015.05.27-23.14.35:185][338]LogWorld: Bringing up level for play took: 0.007187
[2015.05.27-23.14.43:259][882]LogParticles: Destroying 0 GPU particle simulations for FXSystem 0x0000000018A7E700
[2015.05.27-23.14.50:215][616]Cmd: OBJ SAVEPACKAGE PACKAGE="/Game/Maps/Title" FILE="../../../../../../Users/kuou/Documents/GitHub/SamuraiGame/Content/Maps/Title.umap" SILENT=true AUTOSAVING=false KEEPDIRTY=false
[2015.05.27-23.14.50:471][616]LogSavePackage: Save=204.413956ms
[2015.05.27-23.14.50:471][616]LogSavePackage: Moving '../../../../../../Users/kuou/Documents/GitHub/SamuraiGame/Saved/Title8B48241A4211BA89445D7F88EB11460A.tmp' to '../../../../../../Users/kuou/Documents/GitHub/SamuraiGame/Content/Maps/Title.umap'
[2015.05.27-23.14.50:531][616]LogFileHelpers: Saving map 'Title' took 0.501
[2015.05.27-23.14.52:681][760]Cmd: QUIT_EDITOR
[2015.05.27-23.14.53:157][760]LogExit: Preparing to exit.
[2015.05.27-23.14.53:954][760]LogExit: Editor shut down
[2015.05.27-23.14.53:955][760]LogExit: Transaction tracking system shut down
[2015.05.27-23.14.53:957][760]LogParticles: Destroying 0 GPU particle simulations for FXSystem 0x000000001E7C7CE0
[2015.05.27-23.14.53:957][760]LogParticles: Destroying 0 GPU particle simulations for FXSystem 0x00000000181365C0
[2015.05.27-23.14.53:957][760]LogParticles: Destroying 0 GPU particle simulations for FXSystem 0x00000000183D25C0
[2015.05.27-23.14.53:958][760]LogParticles: Destroying 0 GPU particle simulations for FXSystem 0x000000000FCEB4C0
[2015.05.27-23.14.53:958][760]LogParticles: Destroying 0 GPU particle simulations for FXSystem 0x000000000FCEA8E0
[2015.05.27-23.14.53:960][760]LogParticles: Destroying 0 GPU particle simulations for FXSystem 0x0000000025AFB2E0
[2015.05.27-23.14.54:070][760]LogExit: Object subsystem successfully closed.
[2015.05.27-23.14.54:156][760]LogModuleManager: Shutting down and abandoning module SoundCueEditor (178)
[2015.05.27-23.14.54:156][760]LogModuleManager: Shutting down and abandoning module CrashTracker (177)
[2015.05.27-23.14.54:156][760]LogModuleManager: Shutting down and abandoning module SuperSearch (176)
[2015.05.27-23.14.54:156][760]LogModuleManager: Shutting down and abandoning module SceneOutliner (175)
[2015.05.27-23.14.54:156][760]LogModuleManager: Shutting down and abandoning module EditorWidgets (174)
[2015.05.27-23.14.54:156][760]LogModuleManager: Shutting down and abandoning module CollectionManager (173)
[2015.05.27-23.14.54:156][760]LogModuleManager: Shutting down and abandoning module StatsViewer (172)
[2015.05.27-23.14.54:156][760]LogModuleManager: Shutting down and abandoning module FoliageEdit (171)
[2015.05.27-23.14.54:156][760]LogModuleManager: Shutting down and abandoning module LandscapeEditor (170)
[2015.05.27-23.14.54:156][760]LogModuleManager: Shutting down and abandoning module MeshPaint (169)
[2015.05.27-23.14.54:156][760]LogModuleManager: Shutting down and abandoning module ActorPickerMode (168)
[2015.05.27-23.14.54:156][760]LogModuleManager: Shutting down and abandoning module GeometryMode (167)
[2015.05.27-23.14.54:157][760]LogModuleManager: Shutting down and abandoning module TextureAlignMode (166)
[2015.05.27-23.14.54:157][760]LogModuleManager: Shutting down and abandoning module BspMode (165)
[2015.05.27-23.14.54:157][760]LogModuleManager: Shutting down and abandoning module PlacementMode (164)
[2015.05.27-23.14.54:157][760]LogModuleManager: Shutting down and abandoning module AutomationWorker (163)
[2015.05.27-23.14.54:157][760]LogModuleManager: Shutting down and abandoning module CharacterAI (162)
[2015.05.27-23.14.54:157][760]LogModuleManager: Shutting down and abandoning module SmartSnapping (161)
[2015.05.27-23.14.54:157][760]LogModuleManager: Shutting down and abandoning module ViewportSnapping (160)
[2015.05.27-23.14.54:157][760]LogModuleManager: Shutting down and abandoning module LogVisualizer (159)
[2015.05.27-23.14.54:157][760]LogModuleManager: Shutting down and abandoning module GameProjectGeneration (158)
[2015.05.27-23.14.54:157][760]LogModuleManager: Shutting down and abandoning module IntroTutorials (157)
[2015.05.27-23.14.54:157][760]LogModuleManager: Shutting down and abandoning module EditorLiveStreaming (156)
[2015.05.27-23.14.54:157][760]LogModuleManager: Shutting down and abandoning module HardwareTargeting (155)
[2015.05.27-23.14.54:157][760]LogModuleManager: Shutting down and abandoning module DeviceProfileEditor (154)
[2015.05.27-23.14.54:157][760]LogModuleManager: Shutting down and abandoning module UndoHistory (153)
[2015.05.27-23.14.54:157][760]LogModuleManager: Shutting down and abandoning module GameplayTagsEditor (152)
[2015.05.27-23.14.54:157][760]LogModuleManager: Shutting down and abandoning module UserFeedback (151)
[2015.05.27-23.14.54:157][760]LogModuleManager: Shutting down and abandoning module XmlParser (150)
[2015.05.27-23.14.54:157][760]LogModuleManager: Shutting down and abandoning module Blutility (149)
[2015.05.27-23.14.54:157][760]LogModuleManager: Shutting down and abandoning module IOSPlatformEditor (148)
[2015.05.27-23.14.54:157][760]LogModuleManager: Shutting down and abandoning module IOSRuntimeSettings (147)
[2015.05.27-23.14.54:157][760]LogModuleManager: Shutting down and abandoning module AndroidDeviceDetection (146)
[2015.05.27-23.14.54:413][760]LogModuleManager: Shutting down and abandoning module AndroidPlatformEditor (145)
[2015.05.27-23.14.54:413][760]LogModuleManager: Shutting down and abandoning module AndroidRuntimeSettings (144)
[2015.05.27-23.14.54:413][760]LogModuleManager: Shutting down and abandoning module ProjectTargetPlatformEditor (143)
[2015.05.27-23.14.54:413][760]LogModuleManager: Shutting down and abandoning module ProjectSettingsViewer (142)
[2015.05.27-23.14.54:413][760]LogModuleManager: Shutting down and abandoning module InputBindingEditor (141)
[2015.05.27-23.14.54:413][760]LogModuleManager: Shutting down and abandoning module EditorSettingsViewer (140)
[2015.05.27-23.14.54:413][760]LogModuleManager: Shutting down and abandoning module SettingsEditor (139)
[2015.05.27-23.14.54:413][760]LogModuleManager: Shutting down and abandoning module ProjectLauncher (138)
[2015.05.27-23.14.54:414][760]LogModuleManager: Shutting down and abandoning module SessionFrontend (137)
[2015.05.27-23.14.54:414][760]LogModuleManager: Shutting down and abandoning module ProfilerClient (136)
[2015.05.27-23.14.54:414][760]LogModuleManager: Shutting down and abandoning module TargetDeviceServices (135)
[2015.05.27-23.14.54:414][760]LogModuleManager: Shutting down and abandoning module DeviceManager (134)
[2015.05.27-23.14.54:414][760]LogModuleManager: Shutting down and abandoning module AutomationController (133)
[2015.05.27-23.14.54:414][760]LogModuleManager: Shutting down and abandoning module AutomationWindow (132)
[2015.05.27-23.14.54:414][760]LogModuleManager: Shutting down and abandoning module Layers (131)
[2015.05.27-23.14.54:414][760]LogModuleManager: Shutting down and abandoning module ComponentVisualizers (130)
[2015.05.27-23.14.54:414][760]LogModuleManager: Shutting down and abandoning module DetailCustomizations (129)
[2015.05.27-23.14.54:414][760]LogModuleManager: Shutting down and abandoning module PackagesDialog (128)
[2015.05.27-23.14.54:414][760]LogModuleManager: Shutting down and abandoning module AssetRegistry (127)
[2015.05.27-23.14.54:458][760]LogModuleManager: Shutting down and abandoning module Persona (126)
[2015.05.27-23.14.54:458][760]LogModuleManager: Shutting down and abandoning module SlateReflector (125)
[2015.05.27-23.14.54:458][760]LogModuleManager: Shutting down and abandoning module LevelEditor (124)
[2015.05.27-23.14.54:459][760]LogModuleManager: Shutting down and abandoning module Kismet (123)
[2015.05.27-23.14.54:459][760]LogModuleManager: Shutting down and abandoning module GraphEditor (122)
[2015.05.27-23.14.54:459][760]LogModuleManager: Shutting down and abandoning module ClassViewer (121)
[2015.05.27-23.14.54:459][760]LogModuleManager: Shutting down and abandoning module Toolbox (120)
[2015.05.27-23.14.54:459][760]LogModuleManager: Shutting down and abandoning module ModuleUI (119)
[2015.05.27-23.14.54:460][760]LogModuleManager: Shutting down and abandoning module MovieSceneTools (118)
[2015.05.27-23.14.54:460][760]LogModuleManager: Shutting down and abandoning module OutputLog (117)
[2015.05.27-23.14.54:460][760]LogModuleManager: Shutting down and abandoning module GammaUI (116)
[2015.05.27-23.14.54:460][760]LogModuleManager: Shutting down and abandoning module Documentation (115)
[2015.05.27-23.14.54:460][760]LogModuleManager: Shutting down and abandoning module GameLiveStreaming (114)
[2015.05.27-23.14.54:460][760]LogModuleManager: Shutting down and abandoning module StreamingPauseRendering (113)
[2015.05.27-23.14.54:460][760]LogModuleManager: Shutting down and abandoning module HTTP (112)
[2015.05.27-23.14.54:460][760]LogModuleManager: Shutting down and abandoning module AnalyticsET (111)
[2015.05.27-23.14.54:460][760]LogModuleManager: Shutting down and abandoning module Analytics (110)
[2015.05.27-23.14.54:460][760]LogModuleManager: Shutting down and abandoning module AITestSuite (109)
[2015.05.27-23.14.54:460][760]LogModuleManager: Shutting down and abandoning module GameplayDebugger (108)
[2015.05.27-23.14.54:460][760]LogModuleManager: Shutting down and abandoning module AIModule (107)
[2015.05.27-23.14.54:460][760]LogModuleManager: Shutting down and abandoning module ProfilerService (106)
[2015.05.27-23.14.54:678][760]LogModuleManager: Shutting down and abandoning module TaskGraph (105)
[2015.05.27-23.14.54:678][760]LogModuleManager: Shutting down and abandoning module SlateRemote (104)
[2015.05.27-23.14.54:678][760]LogModuleManager: Shutting down and abandoning module ScriptEditorPlugin (103)
[2015.05.27-23.14.54:678][760]LogModuleManager: Shutting down and abandoning module CustomMeshComponent (102)
[2015.05.27-23.14.54:678][760]LogModuleManager: Shutting down and abandoning module CableComponent (101)
[2015.05.27-23.14.54:678][760]LogModuleManager: Shutting down and abandoning module MessagingDebugger (100)
[2015.05.27-23.14.54:678][760]LogModuleManager: Shutting down and abandoning module MediaPlayerEditor (99)
[2015.05.27-23.14.54:678][760]LogModuleManager: Shutting down and abandoning module SpeedTreeImporter (98)
[2015.05.27-23.14.54:678][760]LogModuleManager: Shutting down and abandoning module PluginsEditor (97)
[2015.05.27-23.14.54:678][760]LogModuleManager: Shutting down and abandoning module MainFrame (96)
[2015.05.27-23.14.54:678][760]LogModuleManager: Shutting down and abandoning module EpicSurvey (95)
[2015.05.27-23.14.54:678][760]LogModuleManager: Shutting down and abandoning module DesktopPlatform (94)
[2015.05.27-23.14.54:678][760]LogModuleManager: Shutting down and abandoning module DirectoryWatcher (93)
[2015.05.27-23.14.54:679][760]LogModuleManager: Shutting down and abandoning module HotReload (92)
[2015.05.27-23.14.54:679][760]LogModuleManager: Shutting down and abandoning module VisualStudioSourceCodeAccess (91)
[2015.05.27-23.14.54:679][760]LogModuleManager: Shutting down and abandoning module UObjectPlugin (90)
[2015.05.27-23.14.54:679][760]LogModuleManager: Shutting down and abandoning module SubversionSourceControl (89)
[2015.05.27-23.14.54:679][760]LogModuleManager: Shutting down and abandoning module PerforceSourceControl (88)
[2015.05.27-23.14.54:679][760]LogModuleManager: Shutting down and abandoning module SourceControl (87)
[2015.05.27-23.14.54:679][760]LogModuleManager: Shutting down and abandoning module GitSourceControl (86)
[2015.05.27-23.14.54:679][760]LogModuleManager: Shutting down and abandoning module BlankPlugin (85)
[2015.05.27-23.14.54:679][760]LogModuleManager: Shutting down and abandoning module PaperTiledImporter (84)
[2015.05.27-23.14.54:679][760]LogModuleManager: Shutting down and abandoning module PaperJsonImporter (83)
[2015.05.27-23.14.54:679][760]LogModuleManager: Shutting down and abandoning module ContentBrowser (82)
[2015.05.27-23.14.54:680][760]LogModuleManager: Shutting down and abandoning module Paper2DEditor (81)
[2015.05.27-23.14.54:680][760]LogModuleManager: Shutting down and abandoning module ScriptPlugin (80)
[2015.05.27-23.14.54:680][760]LogModuleManager: Shutting down and abandoning module UdpMessaging (79)
[2015.05.27-23.14.54:780][760]LogModuleManager: Shutting down and abandoning module Paper2D (78)
[2015.05.27-23.14.54:780][760]LogModuleManager: Shutting down and abandoning module WindowsMoviePlayer (77)
[2015.05.27-23.14.54:784][760]LogModuleManager: Shutting down and abandoning module Media (76)
[2015.05.27-23.14.54:784][760]LogModuleManager: Shutting down and abandoning module WmfMedia (75)
[2015.05.27-23.14.54:784][760]LogModuleManager: Shutting down and abandoning module OnlineBlueprintSupport (74)
[2015.05.27-23.14.54:784][760]LogModuleManager: Shutting down and abandoning module PropertyEditor (73)
[2015.05.27-23.14.54:784][760]LogModuleManager: Shutting down and abandoning module BehaviorTreeEditor (72)
[2015.05.27-23.14.54:784][760]LogModuleManager: Shutting down and abandoning module FunctionalTesting (71)
[2015.05.27-23.14.54:784][760]LogModuleManager: Shutting down and abandoning module CollisionAnalyzer (70)
[2015.05.27-23.14.54:784][760]LogModuleManager: Shutting down and abandoning module WorkspaceMenuStructure (69)
[2015.05.27-23.14.54:784][760]LogModuleManager: Shutting down and abandoning module MessageLog (68)
[2015.05.27-23.14.54:784][760]LogModuleManager: Shutting down and abandoning module Sequencer (67)
[2015.05.27-23.14.54:784][760]LogModuleManager: Shutting down and abandoning module AssetTools (66)
[2015.05.27-23.14.54:784][760]LogModuleManager: Shutting down and abandoning module UMGEditor (65)
[2015.05.27-23.14.54:785][760]LogModuleManager: Shutting down and abandoning module UMG (64)
[2015.05.27-23.14.54:785][760]LogModuleManager: Shutting down and abandoning module Slate (63)
[2015.05.27-23.14.54:785][760]LogModuleManager: Shutting down and abandoning module EditorStyle (62)
[2015.05.27-23.14.54:792][760]LogModuleManager: Shutting down and abandoning module SessionServices (61)
[2015.05.27-23.14.54:792][760]LogModuleManager: Shutting down and abandoning module SourceCodeAccess (60)
[2015.05.27-23.14.54:792][760]LogModuleManager: Shutting down and abandoning module HeadMountedDisplay (59)
[2015.05.27-23.14.54:792][760]LogModuleManager: Shutting down and abandoning module XAudio2 (58)
[2015.05.27-23.14.54:792][760]LogModuleManager: Shutting down and abandoning module Networking (56)
[2015.05.27-23.14.54:793][760]LogModuleManager: Shutting down and abandoning module Core (55)
[2015.05.27-23.14.54:793][760]LogModuleManager: Shutting down and abandoning module KismetCompiler (54)
[2015.05.27-23.14.54:793][760]LogModuleManager: Shutting down and abandoning module PhysXFormats (53)
[2015.05.27-23.14.54:793][760]LogModuleManager: Shutting down and abandoning module MeshUtilities (52)
[2015.05.27-23.14.54:793][760]LogModuleManager: Shutting down and abandoning module DerivedDataCache (51)
[2015.05.27-23.14.54:816][760]LogDerivedDataCache: Shutdown
[2015.05.27-23.14.54:816][760]LogModuleManager: Shutting down and abandoning module ShaderFormatOpenGL (50)
[2015.05.27-23.14.54:816][760]LogModuleManager: Shutting down and abandoning module ShaderFormatD3D (49)
[2015.05.27-23.14.54:816][760]LogModuleManager: Shutting down and abandoning module MetalShaderFormat (48)
[2015.05.27-23.14.54:816][760]LogModuleManager: Shutting down and abandoning module TextureFormatUncompressed (47)
[2015.05.27-23.14.54:816][760]LogModuleManager: Shutting down and abandoning module TextureFormatPVR (46)
[2015.05.27-23.14.54:816][760]LogModuleManager: Shutting down and abandoning module TextureFormatIntelISPCTexComp (45)
[2015.05.27-23.14.54:816][760]LogModuleManager: Shutting down and abandoning module TextureFormatDXT (44)
[2015.05.27-23.14.54:816][760]LogModuleManager: Shutting down and abandoning module ImageWrapper (43)
[2015.05.27-23.14.54:816][760]LogModuleManager: Shutting down and abandoning module TextureFormatASTC (42)
[2015.05.27-23.14.54:816][760]LogModuleManager: Shutting down and abandoning module TextureFormatAndroid (41)
[2015.05.27-23.14.54:816][760]LogModuleManager: Shutting down and abandoning module AudioFormatOpus (40)
[2015.05.27-23.14.54:816][760]LogModuleManager: Shutting down and abandoning module AudioFormatOgg (39)
[2015.05.27-23.14.54:816][760]LogModuleManager: Shutting down and abandoning module AudioFormatADPCM (38)
[2015.05.27-23.14.54:816][760]LogModuleManager: Shutting down and abandoning module LinuxTargetPlatform (37)
[2015.05.27-23.14.54:816][760]LogModuleManager: Shutting down and abandoning module LinuxServerTargetPlatform (36)
[2015.05.27-23.14.54:816][760]LogModuleManager: Shutting down and abandoning module LinuxNoEditorTargetPlatform (35)
[2015.05.27-23.14.54:816][760]LogModuleManager: Shutting down and abandoning module Messaging (34)
[2015.05.27-23.14.54:816][760]LogModuleManager: Shutting down and abandoning module IOSTargetPlatform (33)
[2015.05.27-23.14.54:816][760]LogModuleManager: Shutting down and abandoning module HTML5TargetPlatform (32)
[2015.05.27-23.14.54:816][760]LogModuleManager: Shutting down and abandoning module Android_PVRTCTargetPlatform (31)
[2015.05.27-23.14.54:816][760]LogModuleManager: Shutting down and abandoning module Android_ETC2TargetPlatform (30)
[2015.05.27-23.14.54:816][760]LogModuleManager: Shutting down and abandoning module Android_ETC1TargetPlatform (29)
[2015.05.27-23.14.54:816][760]LogModuleManager: Shutting down and abandoning module Android_ES31TargetPlatform (28)
[2015.05.27-23.14.54:816][760]LogModuleManager: Shutting down and abandoning module Android_DXTTargetPlatform (27)
[2015.05.27-23.14.54:816][760]LogModuleManager: Shutting down and abandoning module Android_ATCTargetPlatform (26)
[2015.05.27-23.14.54:816][760]LogModuleManager: Shutting down and abandoning module AndroidTargetPlatform (25)
[2015.05.27-23.14.54:816][760]LogModuleManager: Shutting down and abandoning module WindowsTargetPlatform (24)
[2015.05.27-23.14.54:817][760]LogModuleManager: Shutting down and abandoning module WindowsServerTargetPlatform (23)
[2015.05.27-23.14.54:817][760]LogModuleManager: Shutting down and abandoning module WindowsNoEditorTargetPlatform (22)
[2015.05.27-23.14.54:817][760]LogModuleManager: Shutting down and abandoning module WindowsClientTargetPlatform (21)
[2015.05.27-23.14.54:817][760]LogModuleManager: Shutting down and abandoning module TargetPlatform (20)
[2015.05.27-23.14.54:817][760]LogModuleManager: Shutting down and abandoning module InputCore (19)
[2015.05.27-23.14.54:817][760]LogModuleManager: Shutting down and abandoning module Settings (18)
[2015.05.27-23.14.54:817][760]LogModuleManager: Shutting down and abandoning module OnlineSubsystem (16)
[2015.05.27-23.14.54:817][760]LogModuleManager: Shutting down and abandoning module OculusRift (15)
[2015.05.27-23.14.54:817][760]LogModuleManager: Shutting down and abandoning module ExampleDeviceProfileSelector (14)
[2015.05.27-23.14.54:817][760]LogModuleManager: Shutting down and abandoning module TextureCompressor (13)
[2015.05.27-23.14.54:817][760]LogModuleManager: Shutting down and abandoning module ShaderCore (12)
[2015.05.27-23.14.54:817][760]LogModuleManager: Shutting down and abandoning module Landscape (11)
[2015.05.27-23.14.54:817][760]LogModuleManager: Shutting down and abandoning module SlateRHIRenderer (10)
[2015.05.27-23.14.54:820][760]LogModuleManager: Shutting down and abandoning module OpenGLDrv (9)
[2015.05.27-23.14.54:820][760]LogModuleManager: Shutting down and abandoning module D3D11RHI (8)
[2015.05.27-23.14.54:820][760]LogModuleManager: Shutting down and abandoning module Renderer (7)
[2015.05.27-23.14.54:820][760]LogModuleManager: Shutting down and abandoning module Engine (6)
[2015.05.27-23.14.54:820][760]LogModuleManager: Shutting down and abandoning module CoreUObject (5)
[2015.05.27-23.14.54:820][760]LogModuleManager: Shutting down and abandoning module NetworkFile (4)
[2015.05.27-23.14.54:820][760]LogModuleManager: Shutting down and abandoning module StreamingFile (3)
[2015.05.27-23.14.54:820][760]LogModuleManager: Shutting down and abandoning module SandboxFile (2)
[2015.05.27-23.14.54:820][760]LogModuleManager: Shutting down and abandoning module PakFile (1)
[2015.05.27-23.14.54:821][760]LogExit: Exiting.
[2015.05.27-23.14.54:855][760]Log file closed, 05/28/15 08:14:54
